<?xml version="1.0" encoding="UTF-8"?>
<!-- Generated by org.testng.reporters.JUnitXMLReporter -->
<testsuite ignored="0" hostname="DNID0689L01.local" failures="0" tests="15" name="ConfirmMerchantTopupResponseTest" time="5.999" errors="0" timestamp="15 May 2020 14:50:27 GMT">
  <testcase classname="G2.Project.Test.TS10.TC_ConfirmMerchantTopup_02" name="checkHeader" time="0.003"/>
  <testcase classname="G2.Project.Test.TS10.TC_ConfirmMerchantTopup_02" name="checkResponseBody" time="0.002"/>
  <testcase classname="G2.Project.Test.TS10.TC_ConfirmMerchantTopup_02" name="checkResponseTime" time="0.002"/>
  <testcase classname="G2.Project.Test.TS10.TC_ConfirmMerchantTopup_02" name="checkStatusCode" time="0.002"/>
  <testcase classname="G2.Project.Test.TS10.TC_ConfirmMerchantTopup_02" name="checkStatusLine" time="0.001"/>
  <testcase classname="G2.Project.Test.TS10.TC_ConfirmMerchantTopup_03" name="checkHeader" time="0.001"/>
  <testcase classname="G2.Project.Test.TS10.TC_ConfirmMerchantTopup_03" name="checkResponseBody" time="0.001"/>
  <testcase classname="G2.Project.Test.TS10.TC_ConfirmMerchantTopup_03" name="checkResponseTime" time="0.001"/>
  <testcase classname="G2.Project.Test.TS10.TC_ConfirmMerchantTopup_03" name="checkStatusCode" time="0.002"/>
  <testcase classname="G2.Project.Test.TS10.TC_ConfirmMerchantTopup_03" name="checkStatusLine" time="0.002"/>
  <testcase classname="G2.Project.Test.TS10.TC_ConfirmMerchantTopup_01" name="checkHeader" time="0.002"/>
  <testcase classname="G2.Project.Test.TS10.TC_ConfirmMerchantTopup_01" name="checkResponseBody" time="0.002"/>
  <testcase classname="G2.Project.Test.TS10.TC_ConfirmMerchantTopup_01" name="checkResponseTime" time="0.002"/>
  <testcase classname="G2.Project.Test.TS10.TC_ConfirmMerchantTopup_01" name="checkStatusCode" time="0.002"/>
  <testcase classname="G2.Project.Test.TS10.TC_ConfirmMerchantTopup_01" name="checkStatusLine" time="0.002"/>
</testsuite> <!-- ConfirmMerchantTopupResponseTest -->
