<?xml version="1.0" encoding="UTF-8"?>
<!-- Generated by org.testng.reporters.JUnitXMLReporter -->
<testsuite ignored="0" hostname="DNID0689L01.local" failures="0" tests="10" name="GetTopupHistoryResponseTest" time="3.753" errors="0" timestamp="15 May 2020 07:16:53 GMT">
  <testcase classname="G2.Project.Test.TS11.TC_GetTopUpHistory_02" name="checkResponseBody" time="0.002"/>
  <testcase classname="G2.Project.Test.TS11.TC_GetTopUpHistory_02" name="checkResponseTime" time="0.001"/>
  <testcase classname="G2.Project.Test.TS11.TC_GetTopUpHistory_02" name="checkStatusCode" time="0.001"/>
  <testcase classname="G2.Project.Test.TS11.TC_GetTopUpHistory_02" name="checkStatusLine" time="0.001"/>
  <testcase classname="G2.Project.Test.TS11.TC_GetTopUpHistory_01" name="checkDataBody" time="0.207"/>
  <testcase classname="G2.Project.Test.TS11.TC_GetTopUpHistory_01" name="checkHeader" time="0.001"/>
  <testcase classname="G2.Project.Test.TS11.TC_GetTopUpHistory_01" name="checkResponseBody" time="0.0"/>
  <testcase classname="G2.Project.Test.TS11.TC_GetTopUpHistory_01" name="checkResponseTime" time="0.001"/>
  <testcase classname="G2.Project.Test.TS11.TC_GetTopUpHistory_01" name="checkStatusCode" time="0.001"/>
  <testcase classname="G2.Project.Test.TS11.TC_GetTopUpHistory_01" name="checkStatusLine" time="0.002"/>
</testsuite> <!-- GetTopupHistoryResponseTest -->
