<?xml version="1.0" encoding="UTF-8"?>
<!-- Generated by org.testng.reporters.JUnitXMLReporter -->
<testsuite ignored="0" hostname="DNID0689L01.local" failures="0" tests="5" name="UploadReceiptResponseTest" time="4.45" errors="0" timestamp="16 May 2020 08:50:26 GMT">
  <testcase classname="G2.Project.Test.TS13.TC_TransferReceipt_01" name="checkHeader" time="0.012"/>
  <testcase classname="G2.Project.Test.TS13.TC_TransferReceipt_01" name="checkResponseBody" time="0.001"/>
  <testcase classname="G2.Project.Test.TS13.TC_TransferReceipt_01" name="checkResponseTime" time="0.002"/>
  <testcase classname="G2.Project.Test.TS13.TC_TransferReceipt_01" name="checkStatusCode" time="0.002"/>
  <testcase classname="G2.Project.Test.TS13.TC_TransferReceipt_01" name="checkStatusLine" time="0.004"/>
</testsuite> <!-- UploadReceiptResponseTest -->
