<?xml version="1.0" encoding="UTF-8"?>
<!-- Generated by org.testng.reporters.JUnitXMLReporter -->
<testsuite ignored="0" hostname="DNID0688L01.local" failures="0" tests="10" name="GetTopupHistoryResponseTest" time="2.609" errors="0" timestamp="16 May 2020 14:22:05 GMT">
  <testcase classname="G2.Project.Test.TS11.TC_GetTopUpHistory_02" name="checkResponseBody" time="0.002"/>
  <testcase classname="G2.Project.Test.TS11.TC_GetTopUpHistory_02" name="checkResponseTime" time="0.003"/>
  <testcase classname="G2.Project.Test.TS11.TC_GetTopUpHistory_02" name="checkStatusCode" time="0.002"/>
  <testcase classname="G2.Project.Test.TS11.TC_GetTopUpHistory_02" name="checkStatusLine" time="0.002"/>
  <testcase classname="G2.Project.Test.TS11.TC_GetTopUpHistory_01" name="checkDataBody" time="0.042"/>
  <testcase classname="G2.Project.Test.TS11.TC_GetTopUpHistory_01" name="checkHeader" time="0.0"/>
  <testcase classname="G2.Project.Test.TS11.TC_GetTopUpHistory_01" name="checkResponseBody" time="0.001"/>
  <testcase classname="G2.Project.Test.TS11.TC_GetTopUpHistory_01" name="checkResponseTime" time="0.002"/>
  <testcase classname="G2.Project.Test.TS11.TC_GetTopUpHistory_01" name="checkStatusCode" time="0.001"/>
  <testcase classname="G2.Project.Test.TS11.TC_GetTopUpHistory_01" name="checkStatusLine" time="0.001"/>
</testsuite> <!-- GetTopupHistoryResponseTest -->
