<?xml version="1.0" encoding="UTF-8"?>
<!-- Generated by org.testng.reporters.JUnitXMLReporter -->
<testsuite ignored="0" hostname="DNID0689L01.local" failures="0" tests="22" name="UploadReceiptResponseTest" time="6.491" errors="0" timestamp="17 May 2020 14:39:33 GMT">
  <testcase classname="G2.Project.Test.TS13.TC_TransferReceipt_03" name="checkHeader" time="0.002"/>
  <testcase classname="G2.Project.Test.TS13.TC_TransferReceipt_03" name="checkResponseBody" time="0.001"/>
  <testcase classname="G2.Project.Test.TS13.TC_TransferReceipt_03" name="checkResponseTime" time="0.002"/>
  <testcase classname="G2.Project.Test.TS13.TC_TransferReceipt_03" name="checkStatusCode" time="0.003"/>
  <testcase classname="G2.Project.Test.TS13.TC_TransferReceipt_03" name="checkStatusLine" time="0.002"/>
  <testcase classname="G2.Project.Test.TS13.TC_TransferReceipt_05" name="checkResponseBody" time="0.001"/>
  <testcase classname="G2.Project.Test.TS13.TC_TransferReceipt_05" name="checkResponseTime" time="0.002"/>
  <testcase classname="G2.Project.Test.TS13.TC_TransferReceipt_05" name="checkStatusCode" time="0.002"/>
  <testcase classname="G2.Project.Test.TS13.TC_TransferReceipt_05" name="checkStatusLine" time="0.002"/>
  <testcase classname="G2.Project.Test.TS13.TC_TransferReceipt_06" name="checkResponseBody" time="0.002"/>
  <testcase classname="G2.Project.Test.TS13.TC_TransferReceipt_06" name="checkResponseTime" time="0.002"/>
  <testcase classname="G2.Project.Test.TS13.TC_TransferReceipt_06" name="checkStatusCode" time="0.001"/>
  <testcase classname="G2.Project.Test.TS13.TC_TransferReceipt_06" name="checkStatusLine" time="0.001"/>
  <testcase classname="G2.Project.Test.TS13.TC_TransferReceipt_07" name="checkResponseBody" time="0.001"/>
  <testcase classname="G2.Project.Test.TS13.TC_TransferReceipt_07" name="checkResponseTime" time="0.002"/>
  <testcase classname="G2.Project.Test.TS13.TC_TransferReceipt_07" name="checkStatusCode" time="0.001"/>
  <testcase classname="G2.Project.Test.TS13.TC_TransferReceipt_07" name="checkStatusLine" time="0.001"/>
  <testcase classname="G2.Project.Test.TS13.TC_TransferReceipt_01" name="checkHeader" time="0.008"/>
  <testcase classname="G2.Project.Test.TS13.TC_TransferReceipt_01" name="checkResponseBody" time="0.001"/>
  <testcase classname="G2.Project.Test.TS13.TC_TransferReceipt_01" name="checkResponseTime" time="0.002"/>
  <testcase classname="G2.Project.Test.TS13.TC_TransferReceipt_01" name="checkStatusCode" time="0.002"/>
  <testcase classname="G2.Project.Test.TS13.TC_TransferReceipt_01" name="checkStatusLine" time="0.001"/>
</testsuite> <!-- UploadReceiptResponseTest -->
