<?xml version="1.0" encoding="UTF-8"?>
<testsuite xmlns:xsi="http://www.w3.org/2001/XMLSchema-instance" xsi:noNamespaceSchemaLocation="https://maven.apache.org/surefire/maven-surefire-plugin/xsd/surefire-test-report.xsd" name="TestSuite" time="46.199" tests="159" errors="0" skipped="0" failures="1">
  <properties>
[...]
</properties>
  <testcase name="checkDataBody" classname="G2.Project.Test.TS02.TC_Login_01" time="0.037"/>
  <testcase name="checkHeader" classname="G2.Project.Test.TS02.TC_Login_01" time="0.002"/>
  <testcase name="checkResponseBody" classname="G2.Project.Test.TS02.TC_Login_01" time="0.001"/>
  <testcase name="checkResponseTime" classname="G2.Project.Test.TS02.TC_Login_01" time="0.008">
    <failure message="expected [true] but found [false]" type="java.lang.AssertionError">java.lang.AssertionError: expected [true] but found [false]
	at G2.Project.Test.TS02.TC_Login_01.checkResponseTime(TC_Login_01.java:75)
</failure>
    <system-err><![CDATA[May 16, 2020 9:21:39 PM G2.Project.Base.TestBase checkResponseTime
INFO: ***** Check Response Time *****
May 16, 2020 9:21:39 PM G2.Project.Base.TestBase checkResponseTime
INFO: Response Time = 2336
]]></system-err>
  </testcase>
  <testcase name="checkStatusCode" classname="G2.Project.Test.TS02.TC_Login_01" time="0.004"/>
  <testcase name="checkStatusLine" classname="G2.Project.Test.TS02.TC_Login_01" time="0.008"/>
  <testcase name="checkHeader" classname="G2.Project.Test.TS02.TC_Login_02" time="0.003"/>
  <testcase name="checkResponseBody" classname="G2.Project.Test.TS02.TC_Login_02" time="0.004"/>
  <testcase name="checkResponseTime" classname="G2.Project.Test.TS02.TC_Login_02" time="0.005"/>
  <testcase name="checkStatusCode" classname="G2.Project.Test.TS02.TC_Login_02" time="0.006"/>
  <testcase name="checkStatusLine" classname="G2.Project.Test.TS02.TC_Login_02" time="0.008"/>
  <testcase name="checkHeader" classname="G2.Project.Test.TS02.TC_Login_03" time="0.004"/>
  <testcase name="checkResponseBody" classname="G2.Project.Test.TS02.TC_Login_03" time="0.004"/>
  <testcase name="checkResponseTime" classname="G2.Project.Test.TS02.TC_Login_03" time="0.004"/>
  <testcase name="checkStatusCode" classname="G2.Project.Test.TS02.TC_Login_03" time="0.003"/>
  <testcase name="checkStatusLine" classname="G2.Project.Test.TS02.TC_Login_03" time="0.003"/>
  <testcase name="checkHeader" classname="G2.Project.Test.TS02.TC_Login_04" time="0.004"/>
  <testcase name="checkResponseBody" classname="G2.Project.Test.TS02.TC_Login_04" time="0.003"/>
  <testcase name="checkResponseTime" classname="G2.Project.Test.TS02.TC_Login_04" time="0.003"/>
  <testcase name="checkStatusCode" classname="G2.Project.Test.TS02.TC_Login_04" time="0.003"/>
  <testcase name="checkStatusLine" classname="G2.Project.Test.TS02.TC_Login_04" time="0.003"/>
  <testcase name="checkHeader" classname="G2.Project.Test.TS02.TC_Login_05" time="0.006"/>
  <testcase name="checkResponseBody" classname="G2.Project.Test.TS02.TC_Login_05" time="0.002"/>
  <testcase name="checkResponseTime" classname="G2.Project.Test.TS02.TC_Login_05" time="0.003"/>
  <testcase name="checkStatusCode" classname="G2.Project.Test.TS02.TC_Login_05" time="0.006"/>
  <testcase name="checkStatusLine" classname="G2.Project.Test.TS02.TC_Login_05" time="0.004"/>
  <testcase name="checkHeader" classname="G2.Project.Test.TS02.TC_Login_06" time="0.003"/>
  <testcase name="checkResponseBody" classname="G2.Project.Test.TS02.TC_Login_06" time="0.003"/>
  <testcase name="checkResponseTime" classname="G2.Project.Test.TS02.TC_Login_06" time="0.002"/>
  <testcase name="checkStatusCode" classname="G2.Project.Test.TS02.TC_Login_06" time="0.002"/>
  <testcase name="checkStatusLine" classname="G2.Project.Test.TS02.TC_Login_06" time="0.002"/>
  <testcase name="checkHeader" classname="G2.Project.Test.TS02.TC_Login_07" time="0.004"/>
  <testcase name="checkResponseBody" classname="G2.Project.Test.TS02.TC_Login_07" time="0.002"/>
  <testcase name="checkResponseTime" classname="G2.Project.Test.TS02.TC_Login_07" time="0.003"/>
  <testcase name="checkStatusCode" classname="G2.Project.Test.TS02.TC_Login_07" time="0.003"/>
  <testcase name="checkStatusLine" classname="G2.Project.Test.TS02.TC_Login_07" time="0.002"/>
  <testcase name="checkHeader" classname="G2.Project.Test.TS02.TC_Login_08" time="0.002"/>
  <testcase name="checkResponseBody" classname="G2.Project.Test.TS02.TC_Login_08" time="0.002"/>
  <testcase name="checkResponseTime" classname="G2.Project.Test.TS02.TC_Login_08" time="0.003"/>
  <testcase name="checkStatusCode" classname="G2.Project.Test.TS02.TC_Login_08" time="0.002"/>
  <testcase name="checkStatusLine" classname="G2.Project.Test.TS02.TC_Login_08" time="0.005"/>
  <testcase name="checkHeader" classname="G2.Project.Test.TS02.TC_Login_09" time="0.008"/>
  <testcase name="checkResponseBody" classname="G2.Project.Test.TS02.TC_Login_09" time="0.002"/>
  <testcase name="checkResponseTime" classname="G2.Project.Test.TS02.TC_Login_09" time="0.003"/>
  <testcase name="checkStatusCode" classname="G2.Project.Test.TS02.TC_Login_09" time="0.003"/>
  <testcase name="checkStatusLine" classname="G2.Project.Test.TS02.TC_Login_09" time="0.002"/>
  <testcase name="checkDataBody" classname="G2.Project.Test.TS06.TC_GetUserProfile_01" time="0.011"/>
  <testcase name="checkHeader" classname="G2.Project.Test.TS06.TC_GetUserProfile_01" time="0.002"/>
  <testcase name="checkResponseBody" classname="G2.Project.Test.TS06.TC_GetUserProfile_01" time="0.002"/>
  <testcase name="checkResponseTime" classname="G2.Project.Test.TS06.TC_GetUserProfile_01" time="0.002"/>
  <testcase name="checkStatusCode" classname="G2.Project.Test.TS06.TC_GetUserProfile_01" time="0.002"/>
  <testcase name="checkStatusLine" classname="G2.Project.Test.TS06.TC_GetUserProfile_01" time="0.002"/>
  <testcase name="checkResponseBody" classname="G2.Project.Test.TS06.TC_GetUserProfile_02" time="0.001"/>
  <testcase name="checkResponseTime" classname="G2.Project.Test.TS06.TC_GetUserProfile_02" time="0.002"/>
  <testcase name="checkStatusCode" classname="G2.Project.Test.TS06.TC_GetUserProfile_02" time="0.002"/>
  <testcase name="checkStatusLine" classname="G2.Project.Test.TS06.TC_GetUserProfile_02" time="0.002"/>
  <testcase name="checkDataBody" classname="G2.Project.Test.TS07.TC_GetUserBalance_01" time="0.009"/>
  <testcase name="checkHeader" classname="G2.Project.Test.TS07.TC_GetUserBalance_01" time="0.002"/>
  <testcase name="checkResponseBody" classname="G2.Project.Test.TS07.TC_GetUserBalance_01" time="0.001"/>
  <testcase name="checkResponseTime" classname="G2.Project.Test.TS07.TC_GetUserBalance_01" time="0.002"/>
  <testcase name="checkStatusCode" classname="G2.Project.Test.TS07.TC_GetUserBalance_01" time="0.003"/>
  <testcase name="checkStatusLine" classname="G2.Project.Test.TS07.TC_GetUserBalance_01" time="0.001"/>
  <testcase name="checkResponseBody" classname="G2.Project.Test.TS07.TC_GetUserBalance_02" time="0.002"/>
  <testcase name="checkResponseTime" classname="G2.Project.Test.TS07.TC_GetUserBalance_02" time="0.002"/>
  <testcase name="checkStatusCode" classname="G2.Project.Test.TS07.TC_GetUserBalance_02" time="0.002"/>
  <testcase name="checkStatusLine" classname="G2.Project.Test.TS07.TC_GetUserBalance_02" time="0.002"/>
  <testcase name="checkDataBody" classname="G2.Project.Test.TS08.TC_GetBalanceCatalog_01" time="0.016"/>
  <testcase name="checkHeader" classname="G2.Project.Test.TS08.TC_GetBalanceCatalog_01" time="0.002"/>
  <testcase name="checkResponseBody" classname="G2.Project.Test.TS08.TC_GetBalanceCatalog_01" time="0.001"/>
  <testcase name="checkResponseTime" classname="G2.Project.Test.TS08.TC_GetBalanceCatalog_01" time="0.002"/>
  <testcase name="checkStatusCode" classname="G2.Project.Test.TS08.TC_GetBalanceCatalog_01" time="0.002"/>
  <testcase name="checkStatusLine" classname="G2.Project.Test.TS08.TC_GetBalanceCatalog_01" time="0.002"/>
  <testcase name="checkResponseBody" classname="G2.Project.Test.TS08.TC_GetBalanceCatalog_02" time="0.006"/>
  <testcase name="checkResponseTime" classname="G2.Project.Test.TS08.TC_GetBalanceCatalog_02" time="0.002"/>
  <testcase name="checkStatusCode" classname="G2.Project.Test.TS08.TC_GetBalanceCatalog_02" time="0.002"/>
  <testcase name="checkStatusLine" classname="G2.Project.Test.TS08.TC_GetBalanceCatalog_02" time="0.004"/>
  <testcase name="checkDataBody" classname="G2.Project.Test.TS09.TC_GetPaymentMethod_01" time="0.009"/>
  <testcase name="checkHeader" classname="G2.Project.Test.TS09.TC_GetPaymentMethod_01" time="0.001"/>
  <testcase name="checkResponseBody" classname="G2.Project.Test.TS09.TC_GetPaymentMethod_01" time="0.001"/>
  <testcase name="checkResponseTime" classname="G2.Project.Test.TS09.TC_GetPaymentMethod_01" time="0.002"/>
  <testcase name="checkStatusCode" classname="G2.Project.Test.TS09.TC_GetPaymentMethod_01" time="0.001"/>
  <testcase name="checkStatusLine" classname="G2.Project.Test.TS09.TC_GetPaymentMethod_01" time="0.002"/>
  <testcase name="checkResponseBody" classname="G2.Project.Test.TS09.TC_GetPaymentMethod_02" time="0.002"/>
  <testcase name="checkResponseTime" classname="G2.Project.Test.TS09.TC_GetPaymentMethod_02" time="0.002"/>
  <testcase name="checkStatusCode" classname="G2.Project.Test.TS09.TC_GetPaymentMethod_02" time="0.002"/>
  <testcase name="checkStatusLine" classname="G2.Project.Test.TS09.TC_GetPaymentMethod_02" time="0.002"/>
  <testcase name="checkHeader" classname="G2.Project.Test.TS10.TC_ConfirmMerchantTopup_02" time="0.003"/>
  <testcase name="checkResponseBody" classname="G2.Project.Test.TS10.TC_ConfirmMerchantTopup_02" time="0.001"/>
  <testcase name="checkResponseTime" classname="G2.Project.Test.TS10.TC_ConfirmMerchantTopup_02" time="0.002"/>
  <testcase name="checkStatusCode" classname="G2.Project.Test.TS10.TC_ConfirmMerchantTopup_02" time="0.002"/>
  <testcase name="checkStatusLine" classname="G2.Project.Test.TS10.TC_ConfirmMerchantTopup_02" time="0.002"/>
  <testcase name="checkHeader" classname="G2.Project.Test.TS10.TC_ConfirmMerchantTopup_03" time="0.005"/>
  <testcase name="checkResponseBody" classname="G2.Project.Test.TS10.TC_ConfirmMerchantTopup_03" time="0.001"/>
  <testcase name="checkResponseTime" classname="G2.Project.Test.TS10.TC_ConfirmMerchantTopup_03" time="0.002"/>
  <testcase name="checkStatusCode" classname="G2.Project.Test.TS10.TC_ConfirmMerchantTopup_03" time="0.002"/>
  <testcase name="checkStatusLine" classname="G2.Project.Test.TS10.TC_ConfirmMerchantTopup_03" time="0.002"/>
  <testcase name="checkHeader" classname="G2.Project.Test.TS10.TC_ConfirmMerchantTopup_01" time="0.003"/>
  <testcase name="checkResponseBody" classname="G2.Project.Test.TS10.TC_ConfirmMerchantTopup_01" time="0.001"/>
  <testcase name="checkResponseTime" classname="G2.Project.Test.TS10.TC_ConfirmMerchantTopup_01" time="0.002"/>
  <testcase name="checkStatusCode" classname="G2.Project.Test.TS10.TC_ConfirmMerchantTopup_01" time="0.002"/>
  <testcase name="checkStatusLine" classname="G2.Project.Test.TS10.TC_ConfirmMerchantTopup_01" time="0.001"/>
  <testcase name="checkResponseBody" classname="G2.Project.Test.TS11.TC_GetTopUpHistory_02" time="0.001"/>
  <testcase name="checkResponseTime" classname="G2.Project.Test.TS11.TC_GetTopUpHistory_02" time="0.002"/>
  <testcase name="checkStatusCode" classname="G2.Project.Test.TS11.TC_GetTopUpHistory_02" time="0.002"/>
  <testcase name="checkStatusLine" classname="G2.Project.Test.TS11.TC_GetTopUpHistory_02" time="0.002"/>
  <testcase name="checkDataBody" classname="G2.Project.Test.TS11.TC_GetTopUpHistory_01" time="0.114"/>
  <testcase name="checkHeader" classname="G2.Project.Test.TS11.TC_GetTopUpHistory_01" time="0"/>
  <testcase name="checkResponseBody" classname="G2.Project.Test.TS11.TC_GetTopUpHistory_01" time="0"/>
  <testcase name="checkResponseTime" classname="G2.Project.Test.TS11.TC_GetTopUpHistory_01" time="0.001"/>
  <testcase name="checkStatusCode" classname="G2.Project.Test.TS11.TC_GetTopUpHistory_01" time="0"/>
  <testcase name="checkStatusLine" classname="G2.Project.Test.TS11.TC_GetTopUpHistory_01" time="0"/>
  <testcase name="checkHeader" classname="G2.Project.Test.TS12.TC_TopUpBalance_02" time="0.002"/>
  <testcase name="checkResponseBody" classname="G2.Project.Test.TS12.TC_TopUpBalance_02" time="0.001"/>
  <testcase name="checkResponseTime" classname="G2.Project.Test.TS12.TC_TopUpBalance_02" time="0.003"/>
  <testcase name="checkStatusCode" classname="G2.Project.Test.TS12.TC_TopUpBalance_02" time="0.002"/>
  <testcase name="checkStatusLine" classname="G2.Project.Test.TS12.TC_TopUpBalance_02" time="0.003"/>
  <testcase name="checkHeader" classname="G2.Project.Test.TS12.TC_TopUpBalance_03" time="0.002"/>
  <testcase name="checkResponseBody" classname="G2.Project.Test.TS12.TC_TopUpBalance_03" time="0.002"/>
  <testcase name="checkResponseTime" classname="G2.Project.Test.TS12.TC_TopUpBalance_03" time="0.002"/>
  <testcase name="checkStatusCode" classname="G2.Project.Test.TS12.TC_TopUpBalance_03" time="0.002"/>
  <testcase name="checkStatusLine" classname="G2.Project.Test.TS12.TC_TopUpBalance_03" time="0.002"/>
  <testcase name="checkHeader" classname="G2.Project.Test.TS12.TC_TopUpBalance_04" time="0.002"/>
  <testcase name="checkResponseBody" classname="G2.Project.Test.TS12.TC_TopUpBalance_04" time="0.001"/>
  <testcase name="checkResponseTime" classname="G2.Project.Test.TS12.TC_TopUpBalance_04" time="0.002"/>
  <testcase name="checkStatusCode" classname="G2.Project.Test.TS12.TC_TopUpBalance_04" time="0.002"/>
  <testcase name="checkStatusLine" classname="G2.Project.Test.TS12.TC_TopUpBalance_04" time="0.004"/>
  <testcase name="checkHeader" classname="G2.Project.Test.TS12.TC_TopUpBalance_05" time="0.002"/>
  <testcase name="checkResponseBody" classname="G2.Project.Test.TS12.TC_TopUpBalance_05" time="0.001"/>
  <testcase name="checkResponseTime" classname="G2.Project.Test.TS12.TC_TopUpBalance_05" time="0.002"/>
  <testcase name="checkStatusCode" classname="G2.Project.Test.TS12.TC_TopUpBalance_05" time="0.002"/>
  <testcase name="checkStatusLine" classname="G2.Project.Test.TS12.TC_TopUpBalance_05" time="0.002"/>
  <testcase name="checkDataBody" classname="G2.Project.Test.TS12.TC_TopUpBalance_01" time="0.01"/>
  <testcase name="checkHeader" classname="G2.Project.Test.TS12.TC_TopUpBalance_01" time="0.001"/>
  <testcase name="checkResponseBody" classname="G2.Project.Test.TS12.TC_TopUpBalance_01" time="0.001"/>
  <testcase name="checkResponseTime" classname="G2.Project.Test.TS12.TC_TopUpBalance_01" time="0.002"/>
  <testcase name="checkStatusCode" classname="G2.Project.Test.TS12.TC_TopUpBalance_01" time="0.001"/>
  <testcase name="checkStatusLine" classname="G2.Project.Test.TS12.TC_TopUpBalance_01" time="0.002"/>
  <testcase name="checkHeader" classname="G2.Project.Test.TS13.TC_TransferReceipt_03" time="0.01"/>
  <testcase name="checkResponseBody" classname="G2.Project.Test.TS13.TC_TransferReceipt_03" time="0.002"/>
  <testcase name="checkResponseTime" classname="G2.Project.Test.TS13.TC_TransferReceipt_03" time="0.003"/>
  <testcase name="checkStatusCode" classname="G2.Project.Test.TS13.TC_TransferReceipt_03" time="0.003"/>
  <testcase name="checkStatusLine" classname="G2.Project.Test.TS13.TC_TransferReceipt_03" time="0.002"/>
  <testcase name="checkResponseBody" classname="G2.Project.Test.TS13.TC_TransferReceipt_05" time="0.002"/>
  <testcase name="checkResponseTime" classname="G2.Project.Test.TS13.TC_TransferReceipt_05" time="0.002"/>
  <testcase name="checkStatusCode" classname="G2.Project.Test.TS13.TC_TransferReceipt_05" time="0.002"/>
  <testcase name="checkStatusLine" classname="G2.Project.Test.TS13.TC_TransferReceipt_05" time="0.002"/>
  <testcase name="checkResponseBody" classname="G2.Project.Test.TS13.TC_TransferReceipt_06" time="0.002"/>
  <testcase name="checkResponseTime" classname="G2.Project.Test.TS13.TC_TransferReceipt_06" time="0.002"/>
  <testcase name="checkStatusCode" classname="G2.Project.Test.TS13.TC_TransferReceipt_06" time="0.003"/>
  <testcase name="checkStatusLine" classname="G2.Project.Test.TS13.TC_TransferReceipt_06" time="0.003"/>
  <testcase name="checkResponseBody" classname="G2.Project.Test.TS13.TC_TransferReceipt_07" time="0.002"/>
  <testcase name="checkResponseTime" classname="G2.Project.Test.TS13.TC_TransferReceipt_07" time="0.002"/>
  <testcase name="checkStatusCode" classname="G2.Project.Test.TS13.TC_TransferReceipt_07" time="0.002"/>
  <testcase name="checkStatusLine" classname="G2.Project.Test.TS13.TC_TransferReceipt_07" time="0.001"/>
  <testcase name="checkHeader" classname="G2.Project.Test.TS13.TC_TransferReceipt_01" time="0.002"/>
  <testcase name="checkResponseBody" classname="G2.Project.Test.TS13.TC_TransferReceipt_01" time="0.002"/>
  <testcase name="checkResponseTime" classname="G2.Project.Test.TS13.TC_TransferReceipt_01" time="0.002"/>
  <testcase name="checkStatusCode" classname="G2.Project.Test.TS13.TC_TransferReceipt_01" time="0.002"/>
  <testcase name="checkStatusLine" classname="G2.Project.Test.TS13.TC_TransferReceipt_01" time="0.003"/>
</testsuite>