<?xml version="1.0" encoding="UTF-8"?>
<testng-results ignored="0" total="10" passed="10" failed="0" skipped="0">
  <reporter-output>
  </reporter-output>
  <suite started-at="2020-05-15T07:16:49Z" name="Verify Top Up Functionality" finished-at="2020-05-15T07:16:53Z" duration-ms="3753">
    <groups>
    </groups>
    <test started-at="2020-05-15T07:16:49Z" name="GetTopupHistoryResponseTest" finished-at="2020-05-15T07:16:53Z" duration-ms="3753">
      <class name="G2.Project.Test.TS11.TC_GetTopUpHistory_01">
        <test-method is-config="true" signature="setup()[pri:0, instance:G2.Project.Test.TS11.TC_GetTopUpHistory_01@530612ba]" started-at="2020-05-15T07:16:52Z" name="setup" finished-at="2020-05-15T07:16:52Z" duration-ms="1" status="PASS">
          <reporter-output>
          </reporter-output>
        </test-method> <!-- setup -->
        <test-method is-config="true" signature="settingUp()[pri:0, instance:G2.Project.Test.TS11.TC_GetTopUpHistory_01@530612ba]" started-at="2020-05-15T07:16:52Z" name="settingUp" finished-at="2020-05-15T07:16:53Z" duration-ms="1184" status="PASS">
          <reporter-output>
          </reporter-output>
        </test-method> <!-- settingUp -->
        <test-method signature="checkDataBody()[pri:0, instance:G2.Project.Test.TS11.TC_GetTopUpHistory_01@530612ba]" started-at="2020-05-15T07:16:53Z" name="checkDataBody" finished-at="2020-05-15T07:16:53Z" duration-ms="207" status="PASS">
          <reporter-output>
          </reporter-output>
        </test-method> <!-- checkDataBody -->
        <test-method signature="checkHeader()[pri:0, instance:G2.Project.Test.TS11.TC_GetTopUpHistory_01@530612ba]" started-at="2020-05-15T07:16:53Z" name="checkHeader" finished-at="2020-05-15T07:16:53Z" duration-ms="1" status="PASS">
          <reporter-output>
          </reporter-output>
        </test-method> <!-- checkHeader -->
        <test-method signature="checkResponseBody()[pri:0, instance:G2.Project.Test.TS11.TC_GetTopUpHistory_01@530612ba]" started-at="2020-05-15T07:16:53Z" name="checkResponseBody" finished-at="2020-05-15T07:16:53Z" duration-ms="0" status="PASS">
          <reporter-output>
          </reporter-output>
        </test-method> <!-- checkResponseBody -->
        <test-method signature="checkResponseTime()[pri:0, instance:G2.Project.Test.TS11.TC_GetTopUpHistory_01@530612ba]" started-at="2020-05-15T07:16:53Z" name="checkResponseTime" finished-at="2020-05-15T07:16:53Z" duration-ms="1" status="PASS">
          <reporter-output>
          </reporter-output>
        </test-method> <!-- checkResponseTime -->
        <test-method signature="checkStatusCode()[pri:0, instance:G2.Project.Test.TS11.TC_GetTopUpHistory_01@530612ba]" started-at="2020-05-15T07:16:53Z" name="checkStatusCode" finished-at="2020-05-15T07:16:53Z" duration-ms="1" status="PASS">
          <reporter-output>
          </reporter-output>
        </test-method> <!-- checkStatusCode -->
        <test-method signature="checkStatusLine()[pri:0, instance:G2.Project.Test.TS11.TC_GetTopUpHistory_01@530612ba]" started-at="2020-05-15T07:16:53Z" name="checkStatusLine" finished-at="2020-05-15T07:16:53Z" duration-ms="2" status="PASS">
          <reporter-output>
          </reporter-output>
        </test-method> <!-- checkStatusLine -->
      </class> <!-- G2.Project.Test.TS11.TC_GetTopUpHistory_01 -->
      <class name="G2.Project.Test.TS11.TC_GetTopUpHistory_02">
        <test-method is-config="true" signature="setup()[pri:0, instance:G2.Project.Test.TS11.TC_GetTopUpHistory_02@2df32bf7]" started-at="2020-05-15T07:16:50Z" name="setup" finished-at="2020-05-15T07:16:50Z" duration-ms="27" status="PASS">
          <reporter-output>
          </reporter-output>
        </test-method> <!-- setup -->
        <test-method is-config="true" signature="settingUp(java.lang.String)[pri:0, instance:G2.Project.Test.TS11.TC_GetTopUpHistory_02@2df32bf7]" started-at="2020-05-15T07:16:50Z" name="settingUp" finished-at="2020-05-15T07:16:52Z" duration-ms="2170" status="PASS">
          <params>
            <param index="0">
              <value>
                <![CDATA[eyJhbGciOiJIUzUxMiJ9.eyJzdWIiOiI2MjgxOTA1MjE4OTU4IiwiZXhwIjoxNTg5NDQ3NDg3LCJpYXQiOjE1ODk0Mjk0ODd9.Qtiv_EvtO81s14UxWyBYf7XTwrMlOhigpnQNtQE-BR8f0Xb1I5onftFT-xDFRU2TXv9VMheQpknSH_o8OD]]>
              </value>
            </param>
          </params>
          <reporter-output>
          </reporter-output>
        </test-method> <!-- settingUp -->
        <test-method signature="checkResponseBody()[pri:0, instance:G2.Project.Test.TS11.TC_GetTopUpHistory_02@2df32bf7]" started-at="2020-05-15T07:16:52Z" name="checkResponseBody" finished-at="2020-05-15T07:16:52Z" duration-ms="2" status="PASS">
          <reporter-output>
          </reporter-output>
        </test-method> <!-- checkResponseBody -->
        <test-method signature="checkResponseTime()[pri:0, instance:G2.Project.Test.TS11.TC_GetTopUpHistory_02@2df32bf7]" started-at="2020-05-15T07:16:52Z" name="checkResponseTime" finished-at="2020-05-15T07:16:52Z" duration-ms="1" status="PASS">
          <reporter-output>
          </reporter-output>
        </test-method> <!-- checkResponseTime -->
        <test-method signature="checkStatusCode()[pri:0, instance:G2.Project.Test.TS11.TC_GetTopUpHistory_02@2df32bf7]" started-at="2020-05-15T07:16:52Z" name="checkStatusCode" finished-at="2020-05-15T07:16:52Z" duration-ms="1" status="PASS">
          <reporter-output>
          </reporter-output>
        </test-method> <!-- checkStatusCode -->
        <test-method signature="checkStatusLine()[pri:0, instance:G2.Project.Test.TS11.TC_GetTopUpHistory_02@2df32bf7]" started-at="2020-05-15T07:16:52Z" name="checkStatusLine" finished-at="2020-05-15T07:16:52Z" duration-ms="1" status="PASS">
          <reporter-output>
          </reporter-output>
        </test-method> <!-- checkStatusLine -->
      </class> <!-- G2.Project.Test.TS11.TC_GetTopUpHistory_02 -->
    </test> <!-- GetTopupHistoryResponseTest -->
  </suite> <!-- Verify Top Up Functionality -->
</testng-results>
