-------------------------------------------------------------------------------
Test set: TestSuite
-------------------------------------------------------------------------------
Tests run: 159, Failures: 1, Errors: 0, Skipped: 0, Time elapsed: 49.935 s <<< FAILURE! - in TestSuite
checkResponseTime(G2.Project.Test.TS07.TC_GetUserBalance_01)  Time elapsed: 0.013 s  <<< FAILURE!
java.lang.AssertionError: expected [true] but found [false]
	at G2.Project.Test.TS07.TC_GetUserBalance_01.checkResponseTime(TC_GetUserBalance_01.java:52)

