<?xml version="1.0" encoding="UTF-8"?>
<testng-results ignored="0" total="159" passed="159" failed="0" skipped="0">
  <reporter-output>
  </reporter-output>
  <suite started-at="2020-05-16T13:58:10Z" name="Testing Parent Suite" finished-at="2020-05-16T13:58:10Z" duration-ms="0">
    <groups>
    </groups>
  </suite> <!-- Testing Parent Suite -->
  <suite started-at="2020-05-16T13:57:24Z" name="Verify Login Functionality" finished-at="2020-05-16T13:57:36Z" duration-ms="12488">
    <groups>
    </groups>
    <test started-at="2020-05-16T13:57:24Z" name="LoginResponseTest" finished-at="2020-05-16T13:57:36Z" duration-ms="12488">
      <class name="G2.Project.Test.TS02.TC_Login_02">
        <test-method is-config="true" signature="setup()[pri:0, instance:G2.Project.Test.TS02.TC_Login_02@6c3f5566]" started-at="2020-05-16T13:57:27Z" name="setup" finished-at="2020-05-16T13:57:27Z" duration-ms="2" status="PASS">
          <reporter-output>
          </reporter-output>
        </test-method> <!-- setup -->
        <test-method is-config="true" signature="setUpTCLogin02(java.lang.String, java.lang.String)[pri:0, instance:G2.Project.Test.TS02.TC_Login_02@6c3f5566]" started-at="2020-05-16T13:57:27Z" name="setUpTCLogin02" finished-at="2020-05-16T13:57:28Z" duration-ms="1027" status="PASS">
          <params>
            <param index="0">
              <value>
                <![CDATA[6285156362125]]>
              </value>
            </param>
            <param index="1">
              <value>
                <![CDATA[e-Walet@02]]>
              </value>
            </param>
          </params>
          <reporter-output>
          </reporter-output>
        </test-method> <!-- setUpTCLogin02 -->
        <test-method signature="checkHeader()[pri:0, instance:G2.Project.Test.TS02.TC_Login_02@6c3f5566]" started-at="2020-05-16T13:57:28Z" name="checkHeader" finished-at="2020-05-16T13:57:28Z" duration-ms="1" status="PASS">
          <reporter-output>
          </reporter-output>
        </test-method> <!-- checkHeader -->
        <test-method signature="checkResponseBody()[pri:0, instance:G2.Project.Test.TS02.TC_Login_02@6c3f5566]" started-at="2020-05-16T13:57:28Z" name="checkResponseBody" finished-at="2020-05-16T13:57:28Z" duration-ms="1" status="PASS">
          <reporter-output>
          </reporter-output>
        </test-method> <!-- checkResponseBody -->
        <test-method signature="checkResponseTime()[pri:0, instance:G2.Project.Test.TS02.TC_Login_02@6c3f5566]" started-at="2020-05-16T13:57:28Z" name="checkResponseTime" finished-at="2020-05-16T13:57:28Z" duration-ms="2" status="PASS">
          <reporter-output>
          </reporter-output>
        </test-method> <!-- checkResponseTime -->
        <test-method signature="checkStatusCode()[pri:0, instance:G2.Project.Test.TS02.TC_Login_02@6c3f5566]" started-at="2020-05-16T13:57:28Z" name="checkStatusCode" finished-at="2020-05-16T13:57:28Z" duration-ms="3" status="PASS">
          <reporter-output>
          </reporter-output>
        </test-method> <!-- checkStatusCode -->
        <test-method signature="checkStatusLine()[pri:0, instance:G2.Project.Test.TS02.TC_Login_02@6c3f5566]" started-at="2020-05-16T13:57:28Z" name="checkStatusLine" finished-at="2020-05-16T13:57:28Z" duration-ms="2" status="PASS">
          <reporter-output>
          </reporter-output>
        </test-method> <!-- checkStatusLine -->
      </class> <!-- G2.Project.Test.TS02.TC_Login_02 -->
      <class name="G2.Project.Test.TS02.TC_Login_01">
        <test-method is-config="true" signature="setup()[pri:0, instance:G2.Project.Test.TS02.TC_Login_01@6a396c1e]" started-at="2020-05-16T13:57:24Z" name="setup" finished-at="2020-05-16T13:57:24Z" duration-ms="33" status="PASS">
          <reporter-output>
          </reporter-output>
        </test-method> <!-- setup -->
        <test-method is-config="true" signature="setUpTCLogin01(java.lang.String, java.lang.String)[pri:0, instance:G2.Project.Test.TS02.TC_Login_01@6a396c1e]" started-at="2020-05-16T13:57:24Z" name="setUpTCLogin01" finished-at="2020-05-16T13:57:27Z" duration-ms="2571" status="PASS">
          <params>
            <param index="0">
              <value>
                <![CDATA[6281905218958]]>
              </value>
            </param>
            <param index="1">
              <value>
                <![CDATA[e-Walet@01]]>
              </value>
            </param>
          </params>
          <reporter-output>
          </reporter-output>
        </test-method> <!-- setUpTCLogin01 -->
        <test-method signature="checkDataBody()[pri:0, instance:G2.Project.Test.TS02.TC_Login_01@6a396c1e]" started-at="2020-05-16T13:57:27Z" name="checkDataBody" finished-at="2020-05-16T13:57:27Z" duration-ms="10" status="PASS">
          <reporter-output>
          </reporter-output>
        </test-method> <!-- checkDataBody -->
        <test-method signature="checkHeader()[pri:0, instance:G2.Project.Test.TS02.TC_Login_01@6a396c1e]" started-at="2020-05-16T13:57:27Z" name="checkHeader" finished-at="2020-05-16T13:57:27Z" duration-ms="1" status="PASS">
          <reporter-output>
          </reporter-output>
        </test-method> <!-- checkHeader -->
        <test-method signature="checkResponseBody()[pri:0, instance:G2.Project.Test.TS02.TC_Login_01@6a396c1e]" started-at="2020-05-16T13:57:27Z" name="checkResponseBody" finished-at="2020-05-16T13:57:27Z" duration-ms="1" status="PASS">
          <reporter-output>
          </reporter-output>
        </test-method> <!-- checkResponseBody -->
        <test-method signature="checkResponseTime()[pri:0, instance:G2.Project.Test.TS02.TC_Login_01@6a396c1e]" started-at="2020-05-16T13:57:27Z" name="checkResponseTime" finished-at="2020-05-16T13:57:27Z" duration-ms="2" status="PASS">
          <reporter-output>
          </reporter-output>
        </test-method> <!-- checkResponseTime -->
        <test-method signature="checkStatusCode()[pri:0, instance:G2.Project.Test.TS02.TC_Login_01@6a396c1e]" started-at="2020-05-16T13:57:27Z" name="checkStatusCode" finished-at="2020-05-16T13:57:27Z" duration-ms="2" status="PASS">
          <reporter-output>
          </reporter-output>
        </test-method> <!-- checkStatusCode -->
        <test-method signature="checkStatusLine()[pri:0, instance:G2.Project.Test.TS02.TC_Login_01@6a396c1e]" started-at="2020-05-16T13:57:27Z" name="checkStatusLine" finished-at="2020-05-16T13:57:27Z" duration-ms="2" status="PASS">
          <reporter-output>
          </reporter-output>
        </test-method> <!-- checkStatusLine -->
      </class> <!-- G2.Project.Test.TS02.TC_Login_01 -->
      <class name="G2.Project.Test.TS02.TC_Login_04">
        <test-method is-config="true" signature="setup()[pri:0, instance:G2.Project.Test.TS02.TC_Login_04@314c508a]" started-at="2020-05-16T13:57:29Z" name="setup" finished-at="2020-05-16T13:57:29Z" duration-ms="6" status="PASS">
          <reporter-output>
          </reporter-output>
        </test-method> <!-- setup -->
        <test-method is-config="true" signature="setUpTCLogin04(java.lang.String, java.lang.String)[pri:0, instance:G2.Project.Test.TS02.TC_Login_04@314c508a]" started-at="2020-05-16T13:57:29Z" name="setUpTCLogin04" finished-at="2020-05-16T13:57:30Z" duration-ms="1213" status="PASS">
          <params>
            <param index="0">
              <value>
                <![CDATA[6285156362125]]>
              </value>
            </param>
            <param index="1">
              <value>
                <![CDATA[ewalet]]>
              </value>
            </param>
          </params>
          <reporter-output>
          </reporter-output>
        </test-method> <!-- setUpTCLogin04 -->
        <test-method signature="checkHeader()[pri:0, instance:G2.Project.Test.TS02.TC_Login_04@314c508a]" started-at="2020-05-16T13:57:30Z" name="checkHeader" finished-at="2020-05-16T13:57:30Z" duration-ms="2" status="PASS">
          <reporter-output>
          </reporter-output>
        </test-method> <!-- checkHeader -->
        <test-method signature="checkResponseBody()[pri:0, instance:G2.Project.Test.TS02.TC_Login_04@314c508a]" started-at="2020-05-16T13:57:30Z" name="checkResponseBody" finished-at="2020-05-16T13:57:30Z" duration-ms="1" status="PASS">
          <reporter-output>
          </reporter-output>
        </test-method> <!-- checkResponseBody -->
        <test-method signature="checkResponseTime()[pri:0, instance:G2.Project.Test.TS02.TC_Login_04@314c508a]" started-at="2020-05-16T13:57:30Z" name="checkResponseTime" finished-at="2020-05-16T13:57:30Z" duration-ms="2" status="PASS">
          <reporter-output>
          </reporter-output>
        </test-method> <!-- checkResponseTime -->
        <test-method signature="checkStatusCode()[pri:0, instance:G2.Project.Test.TS02.TC_Login_04@314c508a]" started-at="2020-05-16T13:57:30Z" name="checkStatusCode" finished-at="2020-05-16T13:57:30Z" duration-ms="2" status="PASS">
          <reporter-output>
          </reporter-output>
        </test-method> <!-- checkStatusCode -->
        <test-method signature="checkStatusLine()[pri:0, instance:G2.Project.Test.TS02.TC_Login_04@314c508a]" started-at="2020-05-16T13:57:30Z" name="checkStatusLine" finished-at="2020-05-16T13:57:30Z" duration-ms="2" status="PASS">
          <reporter-output>
          </reporter-output>
        </test-method> <!-- checkStatusLine -->
      </class> <!-- G2.Project.Test.TS02.TC_Login_04 -->
      <class name="G2.Project.Test.TS02.TC_Login_03">
        <test-method is-config="true" signature="setup()[pri:0, instance:G2.Project.Test.TS02.TC_Login_03@12405818]" started-at="2020-05-16T13:57:28Z" name="setup" finished-at="2020-05-16T13:57:28Z" duration-ms="3" status="PASS">
          <reporter-output>
          </reporter-output>
        </test-method> <!-- setup -->
        <test-method is-config="true" signature="setUpTCLogin03(java.lang.String, java.lang.String)[pri:0, instance:G2.Project.Test.TS02.TC_Login_03@12405818]" started-at="2020-05-16T13:57:28Z" name="setUpTCLogin03" finished-at="2020-05-16T13:57:29Z" duration-ms="1369" status="PASS">
          <params>
            <param index="0">
              <value>
                <![CDATA[6281905218958]]>
              </value>
            </param>
            <param index="1">
              <value>
                <![CDATA[ewalet]]>
              </value>
            </param>
          </params>
          <reporter-output>
          </reporter-output>
        </test-method> <!-- setUpTCLogin03 -->
        <test-method signature="checkHeader()[pri:0, instance:G2.Project.Test.TS02.TC_Login_03@12405818]" started-at="2020-05-16T13:57:29Z" name="checkHeader" finished-at="2020-05-16T13:57:29Z" duration-ms="2" status="PASS">
          <reporter-output>
          </reporter-output>
        </test-method> <!-- checkHeader -->
        <test-method signature="checkResponseBody()[pri:0, instance:G2.Project.Test.TS02.TC_Login_03@12405818]" started-at="2020-05-16T13:57:29Z" name="checkResponseBody" finished-at="2020-05-16T13:57:29Z" duration-ms="1" status="PASS">
          <reporter-output>
          </reporter-output>
        </test-method> <!-- checkResponseBody -->
        <test-method signature="checkResponseTime()[pri:0, instance:G2.Project.Test.TS02.TC_Login_03@12405818]" started-at="2020-05-16T13:57:29Z" name="checkResponseTime" finished-at="2020-05-16T13:57:29Z" duration-ms="3" status="PASS">
          <reporter-output>
          </reporter-output>
        </test-method> <!-- checkResponseTime -->
        <test-method signature="checkStatusCode()[pri:0, instance:G2.Project.Test.TS02.TC_Login_03@12405818]" started-at="2020-05-16T13:57:29Z" name="checkStatusCode" finished-at="2020-05-16T13:57:29Z" duration-ms="2" status="PASS">
          <reporter-output>
          </reporter-output>
        </test-method> <!-- checkStatusCode -->
        <test-method signature="checkStatusLine()[pri:0, instance:G2.Project.Test.TS02.TC_Login_03@12405818]" started-at="2020-05-16T13:57:29Z" name="checkStatusLine" finished-at="2020-05-16T13:57:29Z" duration-ms="3" status="PASS">
          <reporter-output>
          </reporter-output>
        </test-method> <!-- checkStatusLine -->
      </class> <!-- G2.Project.Test.TS02.TC_Login_03 -->
      <class name="G2.Project.Test.TS02.TC_Login_06">
        <test-method is-config="true" signature="setup()[pri:0, instance:G2.Project.Test.TS02.TC_Login_06@6b67034]" started-at="2020-05-16T13:57:31Z" name="setup" finished-at="2020-05-16T13:57:31Z" duration-ms="2" status="PASS">
          <reporter-output>
          </reporter-output>
        </test-method> <!-- setup -->
        <test-method is-config="true" signature="setUpTCLogin06(java.lang.String, java.lang.String)[pri:0, instance:G2.Project.Test.TS02.TC_Login_06@6b67034]" started-at="2020-05-16T13:57:31Z" name="setUpTCLogin06" finished-at="2020-05-16T13:57:33Z" duration-ms="1349" status="PASS">
          <params>
            <param index="0">
              <value>
                <![CDATA[6281string]]>
              </value>
            </param>
            <param index="1">
              <value>
                <![CDATA[ewalet]]>
              </value>
            </param>
          </params>
          <reporter-output>
          </reporter-output>
        </test-method> <!-- setUpTCLogin06 -->
        <test-method signature="checkHeader()[pri:0, instance:G2.Project.Test.TS02.TC_Login_06@6b67034]" started-at="2020-05-16T13:57:33Z" name="checkHeader" finished-at="2020-05-16T13:57:33Z" duration-ms="2" status="PASS">
          <reporter-output>
          </reporter-output>
        </test-method> <!-- checkHeader -->
        <test-method signature="checkResponseBody()[pri:0, instance:G2.Project.Test.TS02.TC_Login_06@6b67034]" started-at="2020-05-16T13:57:33Z" name="checkResponseBody" finished-at="2020-05-16T13:57:33Z" duration-ms="2" status="PASS">
          <reporter-output>
          </reporter-output>
        </test-method> <!-- checkResponseBody -->
        <test-method signature="checkResponseTime()[pri:0, instance:G2.Project.Test.TS02.TC_Login_06@6b67034]" started-at="2020-05-16T13:57:33Z" name="checkResponseTime" finished-at="2020-05-16T13:57:33Z" duration-ms="2" status="PASS">
          <reporter-output>
          </reporter-output>
        </test-method> <!-- checkResponseTime -->
        <test-method signature="checkStatusCode()[pri:0, instance:G2.Project.Test.TS02.TC_Login_06@6b67034]" started-at="2020-05-16T13:57:33Z" name="checkStatusCode" finished-at="2020-05-16T13:57:33Z" duration-ms="2" status="PASS">
          <reporter-output>
          </reporter-output>
        </test-method> <!-- checkStatusCode -->
        <test-method signature="checkStatusLine()[pri:0, instance:G2.Project.Test.TS02.TC_Login_06@6b67034]" started-at="2020-05-16T13:57:33Z" name="checkStatusLine" finished-at="2020-05-16T13:57:33Z" duration-ms="2" status="PASS">
          <reporter-output>
          </reporter-output>
        </test-method> <!-- checkStatusLine -->
      </class> <!-- G2.Project.Test.TS02.TC_Login_06 -->
      <class name="G2.Project.Test.TS02.TC_Login_05">
        <test-method is-config="true" signature="setup()[pri:0, instance:G2.Project.Test.TS02.TC_Login_05@10b48321]" started-at="2020-05-16T13:57:30Z" name="setup" finished-at="2020-05-16T13:57:30Z" duration-ms="4" status="PASS">
          <reporter-output>
          </reporter-output>
        </test-method> <!-- setup -->
        <test-method is-config="true" signature="setUpTCLogin05(java.lang.String, java.lang.String)[pri:0, instance:G2.Project.Test.TS02.TC_Login_05@10b48321]" started-at="2020-05-16T13:57:30Z" name="setUpTCLogin05" finished-at="2020-05-16T13:57:31Z" duration-ms="1104" status="PASS">
          <params>
            <param index="0">
              <value>
                <![CDATA[6281string]]>
              </value>
            </param>
            <param index="1">
              <value>
                <![CDATA[e-Walet@01]]>
              </value>
            </param>
          </params>
          <reporter-output>
          </reporter-output>
        </test-method> <!-- setUpTCLogin05 -->
        <test-method signature="checkHeader()[pri:0, instance:G2.Project.Test.TS02.TC_Login_05@10b48321]" started-at="2020-05-16T13:57:31Z" name="checkHeader" finished-at="2020-05-16T13:57:31Z" duration-ms="2" status="PASS">
          <reporter-output>
          </reporter-output>
        </test-method> <!-- checkHeader -->
        <test-method signature="checkResponseBody()[pri:0, instance:G2.Project.Test.TS02.TC_Login_05@10b48321]" started-at="2020-05-16T13:57:31Z" name="checkResponseBody" finished-at="2020-05-16T13:57:31Z" duration-ms="1" status="PASS">
          <reporter-output>
          </reporter-output>
        </test-method> <!-- checkResponseBody -->
        <test-method signature="checkResponseTime()[pri:0, instance:G2.Project.Test.TS02.TC_Login_05@10b48321]" started-at="2020-05-16T13:57:31Z" name="checkResponseTime" finished-at="2020-05-16T13:57:31Z" duration-ms="3" status="PASS">
          <reporter-output>
          </reporter-output>
        </test-method> <!-- checkResponseTime -->
        <test-method signature="checkStatusCode()[pri:0, instance:G2.Project.Test.TS02.TC_Login_05@10b48321]" started-at="2020-05-16T13:57:31Z" name="checkStatusCode" finished-at="2020-05-16T13:57:31Z" duration-ms="6" status="PASS">
          <reporter-output>
          </reporter-output>
        </test-method> <!-- checkStatusCode -->
        <test-method signature="checkStatusLine()[pri:0, instance:G2.Project.Test.TS02.TC_Login_05@10b48321]" started-at="2020-05-16T13:57:31Z" name="checkStatusLine" finished-at="2020-05-16T13:57:31Z" duration-ms="3" status="PASS">
          <reporter-output>
          </reporter-output>
        </test-method> <!-- checkStatusLine -->
      </class> <!-- G2.Project.Test.TS02.TC_Login_05 -->
      <class name="G2.Project.Test.TS02.TC_Login_08">
        <test-method is-config="true" signature="setup()[pri:0, instance:G2.Project.Test.TS02.TC_Login_08@453da22c]" started-at="2020-05-16T13:57:34Z" name="setup" finished-at="2020-05-16T13:57:34Z" duration-ms="3" status="PASS">
          <reporter-output>
          </reporter-output>
        </test-method> <!-- setup -->
        <test-method is-config="true" signature="setUpTCLogin08(java.lang.String)[pri:0, instance:G2.Project.Test.TS02.TC_Login_08@453da22c]" started-at="2020-05-16T13:57:34Z" name="setUpTCLogin08" finished-at="2020-05-16T13:57:35Z" duration-ms="1201" status="PASS">
          <params>
            <param index="0">
              <value>
                <![CDATA[e-Walet@01]]>
              </value>
            </param>
          </params>
          <reporter-output>
          </reporter-output>
        </test-method> <!-- setUpTCLogin08 -->
        <test-method signature="checkHeader()[pri:0, instance:G2.Project.Test.TS02.TC_Login_08@453da22c]" started-at="2020-05-16T13:57:35Z" name="checkHeader" finished-at="2020-05-16T13:57:35Z" duration-ms="2" status="PASS">
          <reporter-output>
          </reporter-output>
        </test-method> <!-- checkHeader -->
        <test-method signature="checkResponseBody()[pri:0, instance:G2.Project.Test.TS02.TC_Login_08@453da22c]" started-at="2020-05-16T13:57:35Z" name="checkResponseBody" finished-at="2020-05-16T13:57:35Z" duration-ms="1" status="PASS">
          <reporter-output>
          </reporter-output>
        </test-method> <!-- checkResponseBody -->
        <test-method signature="checkResponseTime()[pri:0, instance:G2.Project.Test.TS02.TC_Login_08@453da22c]" started-at="2020-05-16T13:57:35Z" name="checkResponseTime" finished-at="2020-05-16T13:57:35Z" duration-ms="2" status="PASS">
          <reporter-output>
          </reporter-output>
        </test-method> <!-- checkResponseTime -->
        <test-method signature="checkStatusCode()[pri:0, instance:G2.Project.Test.TS02.TC_Login_08@453da22c]" started-at="2020-05-16T13:57:35Z" name="checkStatusCode" finished-at="2020-05-16T13:57:35Z" duration-ms="5" status="PASS">
          <reporter-output>
          </reporter-output>
        </test-method> <!-- checkStatusCode -->
        <test-method signature="checkStatusLine()[pri:0, instance:G2.Project.Test.TS02.TC_Login_08@453da22c]" started-at="2020-05-16T13:57:35Z" name="checkStatusLine" finished-at="2020-05-16T13:57:35Z" duration-ms="5" status="PASS">
          <reporter-output>
          </reporter-output>
        </test-method> <!-- checkStatusLine -->
      </class> <!-- G2.Project.Test.TS02.TC_Login_08 -->
      <class name="G2.Project.Test.TS02.TC_Login_07">
        <test-method is-config="true" signature="setup()[pri:0, instance:G2.Project.Test.TS02.TC_Login_07@16267862]" started-at="2020-05-16T13:57:33Z" name="setup" finished-at="2020-05-16T13:57:33Z" duration-ms="2" status="PASS">
          <reporter-output>
          </reporter-output>
        </test-method> <!-- setup -->
        <test-method is-config="true" signature="setUpTCLogin07(java.lang.String)[pri:0, instance:G2.Project.Test.TS02.TC_Login_07@16267862]" started-at="2020-05-16T13:57:33Z" name="setUpTCLogin07" finished-at="2020-05-16T13:57:34Z" duration-ms="1068" status="PASS">
          <params>
            <param index="0">
              <value>
                <![CDATA[6281905218958]]>
              </value>
            </param>
          </params>
          <reporter-output>
          </reporter-output>
        </test-method> <!-- setUpTCLogin07 -->
        <test-method signature="checkHeader()[pri:0, instance:G2.Project.Test.TS02.TC_Login_07@16267862]" started-at="2020-05-16T13:57:34Z" name="checkHeader" finished-at="2020-05-16T13:57:34Z" duration-ms="3" status="PASS">
          <reporter-output>
          </reporter-output>
        </test-method> <!-- checkHeader -->
        <test-method signature="checkResponseBody()[pri:0, instance:G2.Project.Test.TS02.TC_Login_07@16267862]" started-at="2020-05-16T13:57:34Z" name="checkResponseBody" finished-at="2020-05-16T13:57:34Z" duration-ms="1" status="PASS">
          <reporter-output>
          </reporter-output>
        </test-method> <!-- checkResponseBody -->
        <test-method signature="checkResponseTime()[pri:0, instance:G2.Project.Test.TS02.TC_Login_07@16267862]" started-at="2020-05-16T13:57:34Z" name="checkResponseTime" finished-at="2020-05-16T13:57:34Z" duration-ms="2" status="PASS">
          <reporter-output>
          </reporter-output>
        </test-method> <!-- checkResponseTime -->
        <test-method signature="checkStatusCode()[pri:0, instance:G2.Project.Test.TS02.TC_Login_07@16267862]" started-at="2020-05-16T13:57:34Z" name="checkStatusCode" finished-at="2020-05-16T13:57:34Z" duration-ms="11" status="PASS">
          <reporter-output>
          </reporter-output>
        </test-method> <!-- checkStatusCode -->
        <test-method signature="checkStatusLine()[pri:0, instance:G2.Project.Test.TS02.TC_Login_07@16267862]" started-at="2020-05-16T13:57:34Z" name="checkStatusLine" finished-at="2020-05-16T13:57:34Z" duration-ms="8" status="PASS">
          <reporter-output>
          </reporter-output>
        </test-method> <!-- checkStatusLine -->
      </class> <!-- G2.Project.Test.TS02.TC_Login_07 -->
      <class name="G2.Project.Test.TS02.TC_Login_09">
        <test-method is-config="true" signature="setup()[pri:0, instance:G2.Project.Test.TS02.TC_Login_09@71248c21]" started-at="2020-05-16T13:57:35Z" name="setup" finished-at="2020-05-16T13:57:35Z" duration-ms="2" status="PASS">
          <reporter-output>
          </reporter-output>
        </test-method> <!-- setup -->
        <test-method is-config="true" signature="setUpTCLogin09()[pri:0, instance:G2.Project.Test.TS02.TC_Login_09@71248c21]" started-at="2020-05-16T13:57:35Z" name="setUpTCLogin09" finished-at="2020-05-16T13:57:36Z" duration-ms="1101" status="PASS">
          <reporter-output>
          </reporter-output>
        </test-method> <!-- setUpTCLogin09 -->
        <test-method signature="checkHeader()[pri:0, instance:G2.Project.Test.TS02.TC_Login_09@71248c21]" started-at="2020-05-16T13:57:36Z" name="checkHeader" finished-at="2020-05-16T13:57:36Z" duration-ms="1" status="PASS">
          <reporter-output>
          </reporter-output>
        </test-method> <!-- checkHeader -->
        <test-method signature="checkResponseBody()[pri:0, instance:G2.Project.Test.TS02.TC_Login_09@71248c21]" started-at="2020-05-16T13:57:36Z" name="checkResponseBody" finished-at="2020-05-16T13:57:36Z" duration-ms="1" status="PASS">
          <reporter-output>
          </reporter-output>
        </test-method> <!-- checkResponseBody -->
        <test-method signature="checkResponseTime()[pri:0, instance:G2.Project.Test.TS02.TC_Login_09@71248c21]" started-at="2020-05-16T13:57:36Z" name="checkResponseTime" finished-at="2020-05-16T13:57:36Z" duration-ms="5" status="PASS">
          <reporter-output>
          </reporter-output>
        </test-method> <!-- checkResponseTime -->
        <test-method signature="checkStatusCode()[pri:0, instance:G2.Project.Test.TS02.TC_Login_09@71248c21]" started-at="2020-05-16T13:57:36Z" name="checkStatusCode" finished-at="2020-05-16T13:57:36Z" duration-ms="2" status="PASS">
          <reporter-output>
          </reporter-output>
        </test-method> <!-- checkStatusCode -->
        <test-method signature="checkStatusLine()[pri:0, instance:G2.Project.Test.TS02.TC_Login_09@71248c21]" started-at="2020-05-16T13:57:36Z" name="checkStatusLine" finished-at="2020-05-16T13:57:36Z" duration-ms="2" status="PASS">
          <reporter-output>
          </reporter-output>
        </test-method> <!-- checkStatusLine -->
      </class> <!-- G2.Project.Test.TS02.TC_Login_09 -->
    </test> <!-- LoginResponseTest -->
  </suite> <!-- Verify Login Functionality -->
  <suite started-at="2020-05-16T13:57:53Z" name="Verify Top Up Functionality (1)" finished-at="2020-05-16T13:57:59Z" duration-ms="6005">
    <groups>
    </groups>
    <test started-at="2020-05-16T13:57:53Z" name="TopupBalanceResponseTest" finished-at="2020-05-16T13:57:59Z" duration-ms="6005">
      <class name="G2.Project.Test.TS12.TC_TopUpBalance_04">
        <test-method is-config="true" signature="setup()[pri:0, instance:G2.Project.Test.TS12.TC_TopUpBalance_04@55a1c291]" started-at="2020-05-16T13:57:55Z" name="setup" finished-at="2020-05-16T13:57:55Z" duration-ms="1" status="PASS">
          <reporter-output>
          </reporter-output>
        </test-method> <!-- setup -->
        <test-method is-config="true" signature="SettingUp(java.lang.String, java.lang.String, java.lang.String)[pri:0, instance:G2.Project.Test.TS12.TC_TopUpBalance_04@55a1c291]" started-at="2020-05-16T13:57:55Z" name="SettingUp" finished-at="2020-05-16T13:57:57Z" duration-ms="1262" status="PASS">
          <params>
            <param index="0">
              <value>
                <![CDATA[6281905218958]]>
              </value>
            </param>
            <param index="1">
              <value>
                <![CDATA[S-20]]>
              </value>
            </param>
            <param index="2">
              <value>
                <![CDATA[1]]>
              </value>
            </param>
          </params>
          <reporter-output>
          </reporter-output>
        </test-method> <!-- SettingUp -->
        <test-method signature="checkHeader()[pri:0, instance:G2.Project.Test.TS12.TC_TopUpBalance_04@55a1c291]" started-at="2020-05-16T13:57:57Z" name="checkHeader" finished-at="2020-05-16T13:57:57Z" duration-ms="1" status="PASS">
          <reporter-output>
          </reporter-output>
        </test-method> <!-- checkHeader -->
        <test-method signature="checkResponseBody()[pri:0, instance:G2.Project.Test.TS12.TC_TopUpBalance_04@55a1c291]" started-at="2020-05-16T13:57:57Z" name="checkResponseBody" finished-at="2020-05-16T13:57:57Z" duration-ms="1" status="PASS">
          <reporter-output>
          </reporter-output>
        </test-method> <!-- checkResponseBody -->
        <test-method signature="checkResponseTime()[pri:0, instance:G2.Project.Test.TS12.TC_TopUpBalance_04@55a1c291]" started-at="2020-05-16T13:57:57Z" name="checkResponseTime" finished-at="2020-05-16T13:57:57Z" duration-ms="1" status="PASS">
          <reporter-output>
          </reporter-output>
        </test-method> <!-- checkResponseTime -->
        <test-method signature="checkStatusCode()[pri:0, instance:G2.Project.Test.TS12.TC_TopUpBalance_04@55a1c291]" started-at="2020-05-16T13:57:57Z" name="checkStatusCode" finished-at="2020-05-16T13:57:57Z" duration-ms="1" status="PASS">
          <reporter-output>
          </reporter-output>
        </test-method> <!-- checkStatusCode -->
        <test-method signature="checkStatusLine()[pri:0, instance:G2.Project.Test.TS12.TC_TopUpBalance_04@55a1c291]" started-at="2020-05-16T13:57:57Z" name="checkStatusLine" finished-at="2020-05-16T13:57:57Z" duration-ms="1" status="PASS">
          <reporter-output>
          </reporter-output>
        </test-method> <!-- checkStatusLine -->
      </class> <!-- G2.Project.Test.TS12.TC_TopUpBalance_04 -->
      <class name="G2.Project.Test.TS12.TC_TopUpBalance_03">
        <test-method is-config="true" signature="setup()[pri:0, instance:G2.Project.Test.TS12.TC_TopUpBalance_03@341b80b2]" started-at="2020-05-16T13:57:54Z" name="setup" finished-at="2020-05-16T13:57:54Z" duration-ms="2" status="PASS">
          <reporter-output>
          </reporter-output>
        </test-method> <!-- setup -->
        <test-method is-config="true" signature="SettingUp(java.lang.String, java.lang.String, java.lang.String)[pri:0, instance:G2.Project.Test.TS12.TC_TopUpBalance_03@341b80b2]" started-at="2020-05-16T13:57:54Z" name="SettingUp" finished-at="2020-05-16T13:57:55Z" duration-ms="1348" status="PASS">
          <params>
            <param index="0">
              <value>
                <![CDATA[6281905218957]]>
              </value>
            </param>
            <param index="1">
              <value>
                <![CDATA[E-20]]>
              </value>
            </param>
            <param index="2">
              <value>
                <![CDATA[1]]>
              </value>
            </param>
          </params>
          <reporter-output>
          </reporter-output>
        </test-method> <!-- SettingUp -->
        <test-method signature="checkHeader()[pri:0, instance:G2.Project.Test.TS12.TC_TopUpBalance_03@341b80b2]" started-at="2020-05-16T13:57:55Z" name="checkHeader" finished-at="2020-05-16T13:57:55Z" duration-ms="1" status="PASS">
          <reporter-output>
          </reporter-output>
        </test-method> <!-- checkHeader -->
        <test-method signature="checkResponseBody()[pri:0, instance:G2.Project.Test.TS12.TC_TopUpBalance_03@341b80b2]" started-at="2020-05-16T13:57:55Z" name="checkResponseBody" finished-at="2020-05-16T13:57:55Z" duration-ms="1" status="PASS">
          <reporter-output>
          </reporter-output>
        </test-method> <!-- checkResponseBody -->
        <test-method signature="checkResponseTime()[pri:0, instance:G2.Project.Test.TS12.TC_TopUpBalance_03@341b80b2]" started-at="2020-05-16T13:57:55Z" name="checkResponseTime" finished-at="2020-05-16T13:57:55Z" duration-ms="2" status="PASS">
          <reporter-output>
          </reporter-output>
        </test-method> <!-- checkResponseTime -->
        <test-method signature="checkStatusCode()[pri:0, instance:G2.Project.Test.TS12.TC_TopUpBalance_03@341b80b2]" started-at="2020-05-16T13:57:55Z" name="checkStatusCode" finished-at="2020-05-16T13:57:55Z" duration-ms="2" status="PASS">
          <reporter-output>
          </reporter-output>
        </test-method> <!-- checkStatusCode -->
        <test-method signature="checkStatusLine()[pri:0, instance:G2.Project.Test.TS12.TC_TopUpBalance_03@341b80b2]" started-at="2020-05-16T13:57:55Z" name="checkStatusLine" finished-at="2020-05-16T13:57:55Z" duration-ms="1" status="PASS">
          <reporter-output>
          </reporter-output>
        </test-method> <!-- checkStatusLine -->
      </class> <!-- G2.Project.Test.TS12.TC_TopUpBalance_03 -->
      <class name="G2.Project.Test.TS12.TC_TopUpBalance_05">
        <test-method is-config="true" signature="setup()[pri:0, instance:G2.Project.Test.TS12.TC_TopUpBalance_05@2145433b]" started-at="2020-05-16T13:57:57Z" name="setup" finished-at="2020-05-16T13:57:57Z" duration-ms="2" status="PASS">
          <reporter-output>
          </reporter-output>
        </test-method> <!-- setup -->
        <test-method is-config="true" signature="SettingUp(java.lang.String, java.lang.String, java.lang.String)[pri:0, instance:G2.Project.Test.TS12.TC_TopUpBalance_05@2145433b]" started-at="2020-05-16T13:57:57Z" name="SettingUp" finished-at="2020-05-16T13:57:58Z" duration-ms="1273" status="PASS">
          <params>
            <param index="0">
              <value>
                <![CDATA[6281905218958]]>
              </value>
            </param>
            <param index="1">
              <value>
                <![CDATA[E-20]]>
              </value>
            </param>
            <param index="2">
              <value>
                <![CDATA[10]]>
              </value>
            </param>
          </params>
          <reporter-output>
          </reporter-output>
        </test-method> <!-- SettingUp -->
        <test-method signature="checkHeader()[pri:0, instance:G2.Project.Test.TS12.TC_TopUpBalance_05@2145433b]" started-at="2020-05-16T13:57:58Z" name="checkHeader" finished-at="2020-05-16T13:57:58Z" duration-ms="1" status="PASS">
          <reporter-output>
          </reporter-output>
        </test-method> <!-- checkHeader -->
        <test-method signature="checkResponseBody()[pri:0, instance:G2.Project.Test.TS12.TC_TopUpBalance_05@2145433b]" started-at="2020-05-16T13:57:58Z" name="checkResponseBody" finished-at="2020-05-16T13:57:58Z" duration-ms="1" status="PASS">
          <reporter-output>
          </reporter-output>
        </test-method> <!-- checkResponseBody -->
        <test-method signature="checkResponseTime()[pri:0, instance:G2.Project.Test.TS12.TC_TopUpBalance_05@2145433b]" started-at="2020-05-16T13:57:58Z" name="checkResponseTime" finished-at="2020-05-16T13:57:58Z" duration-ms="2" status="PASS">
          <reporter-output>
          </reporter-output>
        </test-method> <!-- checkResponseTime -->
        <test-method signature="checkStatusCode()[pri:0, instance:G2.Project.Test.TS12.TC_TopUpBalance_05@2145433b]" started-at="2020-05-16T13:57:58Z" name="checkStatusCode" finished-at="2020-05-16T13:57:58Z" duration-ms="1" status="PASS">
          <reporter-output>
          </reporter-output>
        </test-method> <!-- checkStatusCode -->
        <test-method signature="checkStatusLine()[pri:0, instance:G2.Project.Test.TS12.TC_TopUpBalance_05@2145433b]" started-at="2020-05-16T13:57:58Z" name="checkStatusLine" finished-at="2020-05-16T13:57:58Z" duration-ms="1" status="PASS">
          <reporter-output>
          </reporter-output>
        </test-method> <!-- checkStatusLine -->
      </class> <!-- G2.Project.Test.TS12.TC_TopUpBalance_05 -->
      <class name="G2.Project.Test.TS12.TC_TopUpBalance_02">
        <test-method is-config="true" signature="setup()[pri:0, instance:G2.Project.Test.TS12.TC_TopUpBalance_02@8e0379d]" started-at="2020-05-16T13:57:53Z" name="setup" finished-at="2020-05-16T13:57:53Z" duration-ms="3" status="PASS">
          <reporter-output>
          </reporter-output>
        </test-method> <!-- setup -->
        <test-method is-config="true" signature="SettingUp(java.lang.String, java.lang.String, java.lang.String)[pri:0, instance:G2.Project.Test.TS12.TC_TopUpBalance_02@8e0379d]" started-at="2020-05-16T13:57:53Z" name="SettingUp" finished-at="2020-05-16T13:57:54Z" duration-ms="918" status="PASS">
          <params>
            <param index="0">
              <value>
                <![CDATA[6281325string]]>
              </value>
            </param>
            <param index="1">
              <value>
                <![CDATA[E-20]]>
              </value>
            </param>
            <param index="2">
              <value>
                <![CDATA[1]]>
              </value>
            </param>
          </params>
          <reporter-output>
          </reporter-output>
        </test-method> <!-- SettingUp -->
        <test-method signature="checkHeader()[pri:0, instance:G2.Project.Test.TS12.TC_TopUpBalance_02@8e0379d]" started-at="2020-05-16T13:57:54Z" name="checkHeader" finished-at="2020-05-16T13:57:54Z" duration-ms="2" status="PASS">
          <reporter-output>
          </reporter-output>
        </test-method> <!-- checkHeader -->
        <test-method signature="checkResponseBody()[pri:0, instance:G2.Project.Test.TS12.TC_TopUpBalance_02@8e0379d]" started-at="2020-05-16T13:57:54Z" name="checkResponseBody" finished-at="2020-05-16T13:57:54Z" duration-ms="1" status="PASS">
          <reporter-output>
          </reporter-output>
        </test-method> <!-- checkResponseBody -->
        <test-method signature="checkResponseTime()[pri:0, instance:G2.Project.Test.TS12.TC_TopUpBalance_02@8e0379d]" started-at="2020-05-16T13:57:54Z" name="checkResponseTime" finished-at="2020-05-16T13:57:54Z" duration-ms="2" status="PASS">
          <reporter-output>
          </reporter-output>
        </test-method> <!-- checkResponseTime -->
        <test-method signature="checkStatusCode()[pri:0, instance:G2.Project.Test.TS12.TC_TopUpBalance_02@8e0379d]" started-at="2020-05-16T13:57:54Z" name="checkStatusCode" finished-at="2020-05-16T13:57:54Z" duration-ms="3" status="PASS">
          <reporter-output>
          </reporter-output>
        </test-method> <!-- checkStatusCode -->
        <test-method signature="checkStatusLine()[pri:0, instance:G2.Project.Test.TS12.TC_TopUpBalance_02@8e0379d]" started-at="2020-05-16T13:57:54Z" name="checkStatusLine" finished-at="2020-05-16T13:57:54Z" duration-ms="3" status="PASS">
          <reporter-output>
          </reporter-output>
        </test-method> <!-- checkStatusLine -->
      </class> <!-- G2.Project.Test.TS12.TC_TopUpBalance_02 -->
      <class name="G2.Project.Test.TS12.TC_TopUpBalance_01">
        <test-method is-config="true" signature="setup()[pri:0, instance:G2.Project.Test.TS12.TC_TopUpBalance_01@2890c451]" started-at="2020-05-16T13:57:58Z" name="setup" finished-at="2020-05-16T13:57:58Z" duration-ms="2" status="PASS">
          <reporter-output>
          </reporter-output>
        </test-method> <!-- setup -->
        <test-method is-config="true" signature="SettingUp(java.lang.String, java.lang.String, java.lang.String)[pri:0, instance:G2.Project.Test.TS12.TC_TopUpBalance_01@2890c451]" started-at="2020-05-16T13:57:58Z" name="SettingUp" finished-at="2020-05-16T13:57:59Z" duration-ms="1124" status="PASS">
          <params>
            <param index="0">
              <value>
                <![CDATA[6281905218958]]>
              </value>
            </param>
            <param index="1">
              <value>
                <![CDATA[E-20]]>
              </value>
            </param>
            <param index="2">
              <value>
                <![CDATA[1]]>
              </value>
            </param>
          </params>
          <reporter-output>
          </reporter-output>
        </test-method> <!-- SettingUp -->
        <test-method signature="checkDataBody()[pri:0, instance:G2.Project.Test.TS12.TC_TopUpBalance_01@2890c451]" started-at="2020-05-16T13:57:59Z" name="checkDataBody" finished-at="2020-05-16T13:57:59Z" duration-ms="10" status="PASS">
          <reporter-output>
          </reporter-output>
        </test-method> <!-- checkDataBody -->
        <test-method signature="checkHeader()[pri:0, instance:G2.Project.Test.TS12.TC_TopUpBalance_01@2890c451]" started-at="2020-05-16T13:57:59Z" name="checkHeader" finished-at="2020-05-16T13:57:59Z" duration-ms="1" status="PASS">
          <reporter-output>
          </reporter-output>
        </test-method> <!-- checkHeader -->
        <test-method signature="checkResponseBody()[pri:0, instance:G2.Project.Test.TS12.TC_TopUpBalance_01@2890c451]" started-at="2020-05-16T13:57:59Z" name="checkResponseBody" finished-at="2020-05-16T13:57:59Z" duration-ms="1" status="PASS">
          <reporter-output>
          </reporter-output>
        </test-method> <!-- checkResponseBody -->
        <test-method signature="checkResponseTime()[pri:0, instance:G2.Project.Test.TS12.TC_TopUpBalance_01@2890c451]" started-at="2020-05-16T13:57:59Z" name="checkResponseTime" finished-at="2020-05-16T13:57:59Z" duration-ms="2" status="PASS">
          <reporter-output>
          </reporter-output>
        </test-method> <!-- checkResponseTime -->
        <test-method signature="checkStatusCode()[pri:0, instance:G2.Project.Test.TS12.TC_TopUpBalance_01@2890c451]" started-at="2020-05-16T13:57:59Z" name="checkStatusCode" finished-at="2020-05-16T13:57:59Z" duration-ms="2" status="PASS">
          <reporter-output>
          </reporter-output>
        </test-method> <!-- checkStatusCode -->
        <test-method signature="checkStatusLine()[pri:0, instance:G2.Project.Test.TS12.TC_TopUpBalance_01@2890c451]" started-at="2020-05-16T13:57:59Z" name="checkStatusLine" finished-at="2020-05-16T13:57:59Z" duration-ms="2" status="PASS">
          <reporter-output>
          </reporter-output>
        </test-method> <!-- checkStatusLine -->
      </class> <!-- G2.Project.Test.TS12.TC_TopUpBalance_01 -->
    </test> <!-- TopupBalanceResponseTest -->
  </suite> <!-- Verify Top Up Functionality (1) -->
  <suite started-at="2020-05-16T13:57:41Z" name="Verify GetBalanceCatalog Functionality" finished-at="2020-05-16T13:57:44Z" duration-ms="2310">
    <groups>
    </groups>
    <test started-at="2020-05-16T13:57:41Z" name="GetBalanceCatalogResponseTest" finished-at="2020-05-16T13:57:44Z" duration-ms="2310">
      <class name="G2.Project.Test.TS08.TC_GetBalanceCatalog_02">
        <test-method is-config="true" signature="setup()[pri:0, instance:G2.Project.Test.TS08.TC_GetBalanceCatalog_02@971d0d8]" started-at="2020-05-16T13:57:43Z" name="setup" finished-at="2020-05-16T13:57:43Z" duration-ms="4" status="PASS">
          <reporter-output>
          </reporter-output>
        </test-method> <!-- setup -->
        <test-method is-config="true" signature="setUpTCGetBalanceCatalog02(java.lang.String)[pri:0, instance:G2.Project.Test.TS08.TC_GetBalanceCatalog_02@971d0d8]" started-at="2020-05-16T13:57:43Z" name="setUpTCGetBalanceCatalog02" finished-at="2020-05-16T13:57:44Z" duration-ms="886" status="PASS">
          <params>
            <param index="0">
              <value>
                <![CDATA[eyJhbGciOiJIUzUxMiJ9.eyJzdWIiOiI2MjgxOTA1MjE4OTU4IiwiZXhwIjoxNTg5NDQ3NDg3LCJpYXQiOjE1ODk0Mjk0ODd9.Qtiv_EvtO81s14UxWyBYf7XTwrMlOhigpnQNtQE-BR8f0Xb1I5onftFT-xDFRU2TXv9VMheQpknSH_o8OD]]>
              </value>
            </param>
          </params>
          <reporter-output>
          </reporter-output>
        </test-method> <!-- setUpTCGetBalanceCatalog02 -->
        <test-method signature="checkResponseBody()[pri:0, instance:G2.Project.Test.TS08.TC_GetBalanceCatalog_02@971d0d8]" started-at="2020-05-16T13:57:44Z" name="checkResponseBody" finished-at="2020-05-16T13:57:44Z" duration-ms="3" status="PASS">
          <reporter-output>
          </reporter-output>
        </test-method> <!-- checkResponseBody -->
        <test-method signature="checkResponseTime()[pri:0, instance:G2.Project.Test.TS08.TC_GetBalanceCatalog_02@971d0d8]" started-at="2020-05-16T13:57:44Z" name="checkResponseTime" finished-at="2020-05-16T13:57:44Z" duration-ms="1" status="PASS">
          <reporter-output>
          </reporter-output>
        </test-method> <!-- checkResponseTime -->
        <test-method signature="checkStatusCode()[pri:0, instance:G2.Project.Test.TS08.TC_GetBalanceCatalog_02@971d0d8]" started-at="2020-05-16T13:57:44Z" name="checkStatusCode" finished-at="2020-05-16T13:57:44Z" duration-ms="1" status="PASS">
          <reporter-output>
          </reporter-output>
        </test-method> <!-- checkStatusCode -->
        <test-method signature="checkStatusLine()[pri:0, instance:G2.Project.Test.TS08.TC_GetBalanceCatalog_02@971d0d8]" started-at="2020-05-16T13:57:44Z" name="checkStatusLine" finished-at="2020-05-16T13:57:44Z" duration-ms="1" status="PASS">
          <reporter-output>
          </reporter-output>
        </test-method> <!-- checkStatusLine -->
      </class> <!-- G2.Project.Test.TS08.TC_GetBalanceCatalog_02 -->
      <class name="G2.Project.Test.TS08.TC_GetBalanceCatalog_01">
        <test-method is-config="true" signature="setup()[pri:0, instance:G2.Project.Test.TS08.TC_GetBalanceCatalog_01@176d53b2]" started-at="2020-05-16T13:57:41Z" name="setup" finished-at="2020-05-16T13:57:41Z" duration-ms="2" status="PASS">
          <reporter-output>
          </reporter-output>
        </test-method> <!-- setup -->
        <test-method is-config="true" signature="setUpTCGetBalanceCatalog01()[pri:0, instance:G2.Project.Test.TS08.TC_GetBalanceCatalog_01@176d53b2]" started-at="2020-05-16T13:57:41Z" name="setUpTCGetBalanceCatalog01" finished-at="2020-05-16T13:57:43Z" duration-ms="1381" status="PASS">
          <reporter-output>
          </reporter-output>
        </test-method> <!-- setUpTCGetBalanceCatalog01 -->
        <test-method signature="checkDataBody()[pri:0, instance:G2.Project.Test.TS08.TC_GetBalanceCatalog_01@176d53b2]" started-at="2020-05-16T13:57:43Z" name="checkDataBody" finished-at="2020-05-16T13:57:43Z" duration-ms="16" status="PASS">
          <reporter-output>
          </reporter-output>
        </test-method> <!-- checkDataBody -->
        <test-method signature="checkHeader()[pri:0, instance:G2.Project.Test.TS08.TC_GetBalanceCatalog_01@176d53b2]" started-at="2020-05-16T13:57:43Z" name="checkHeader" finished-at="2020-05-16T13:57:43Z" duration-ms="1" status="PASS">
          <reporter-output>
          </reporter-output>
        </test-method> <!-- checkHeader -->
        <test-method signature="checkResponseBody()[pri:0, instance:G2.Project.Test.TS08.TC_GetBalanceCatalog_01@176d53b2]" started-at="2020-05-16T13:57:43Z" name="checkResponseBody" finished-at="2020-05-16T13:57:43Z" duration-ms="1" status="PASS">
          <reporter-output>
          </reporter-output>
        </test-method> <!-- checkResponseBody -->
        <test-method signature="checkResponseTime()[pri:0, instance:G2.Project.Test.TS08.TC_GetBalanceCatalog_01@176d53b2]" started-at="2020-05-16T13:57:43Z" name="checkResponseTime" finished-at="2020-05-16T13:57:43Z" duration-ms="1" status="PASS">
          <reporter-output>
          </reporter-output>
        </test-method> <!-- checkResponseTime -->
        <test-method signature="checkStatusCode()[pri:0, instance:G2.Project.Test.TS08.TC_GetBalanceCatalog_01@176d53b2]" started-at="2020-05-16T13:57:43Z" name="checkStatusCode" finished-at="2020-05-16T13:57:43Z" duration-ms="2" status="PASS">
          <reporter-output>
          </reporter-output>
        </test-method> <!-- checkStatusCode -->
        <test-method signature="checkStatusLine()[pri:0, instance:G2.Project.Test.TS08.TC_GetBalanceCatalog_01@176d53b2]" started-at="2020-05-16T13:57:43Z" name="checkStatusLine" finished-at="2020-05-16T13:57:43Z" duration-ms="2" status="PASS">
          <reporter-output>
          </reporter-output>
        </test-method> <!-- checkStatusLine -->
      </class> <!-- G2.Project.Test.TS08.TC_GetBalanceCatalog_01 -->
    </test> <!-- GetBalanceCatalogResponseTest -->
  </suite> <!-- Verify GetBalanceCatalog Functionality -->
  <suite started-at="2020-05-16T13:57:51Z" name="Verify Top Up Functionality (0)" finished-at="2020-05-16T13:57:53Z" duration-ms="2413">
    <groups>
    </groups>
    <test started-at="2020-05-16T13:57:51Z" name="GetTopupHistoryResponseTest" finished-at="2020-05-16T13:57:53Z" duration-ms="2413">
      <class name="G2.Project.Test.TS11.TC_GetTopUpHistory_01">
        <test-method is-config="true" signature="setup()[pri:0, instance:G2.Project.Test.TS11.TC_GetTopUpHistory_01@275710fc]" started-at="2020-05-16T13:57:52Z" name="setup" finished-at="2020-05-16T13:57:52Z" duration-ms="2" status="PASS">
          <reporter-output>
          </reporter-output>
        </test-method> <!-- setup -->
        <test-method is-config="true" signature="settingUp()[pri:0, instance:G2.Project.Test.TS11.TC_GetTopUpHistory_01@275710fc]" started-at="2020-05-16T13:57:52Z" name="settingUp" finished-at="2020-05-16T13:57:53Z" duration-ms="1381" status="PASS">
          <reporter-output>
          </reporter-output>
        </test-method> <!-- settingUp -->
        <test-method signature="checkDataBody()[pri:0, instance:G2.Project.Test.TS11.TC_GetTopUpHistory_01@275710fc]" started-at="2020-05-16T13:57:53Z" name="checkDataBody" finished-at="2020-05-16T13:57:53Z" duration-ms="46" status="PASS">
          <reporter-output>
          </reporter-output>
        </test-method> <!-- checkDataBody -->
        <test-method signature="checkHeader()[pri:0, instance:G2.Project.Test.TS11.TC_GetTopUpHistory_01@275710fc]" started-at="2020-05-16T13:57:53Z" name="checkHeader" finished-at="2020-05-16T13:57:53Z" duration-ms="1" status="PASS">
          <reporter-output>
          </reporter-output>
        </test-method> <!-- checkHeader -->
        <test-method signature="checkResponseBody()[pri:0, instance:G2.Project.Test.TS11.TC_GetTopUpHistory_01@275710fc]" started-at="2020-05-16T13:57:53Z" name="checkResponseBody" finished-at="2020-05-16T13:57:53Z" duration-ms="1" status="PASS">
          <reporter-output>
          </reporter-output>
        </test-method> <!-- checkResponseBody -->
        <test-method signature="checkResponseTime()[pri:0, instance:G2.Project.Test.TS11.TC_GetTopUpHistory_01@275710fc]" started-at="2020-05-16T13:57:53Z" name="checkResponseTime" finished-at="2020-05-16T13:57:53Z" duration-ms="1" status="PASS">
          <reporter-output>
          </reporter-output>
        </test-method> <!-- checkResponseTime -->
        <test-method signature="checkStatusCode()[pri:0, instance:G2.Project.Test.TS11.TC_GetTopUpHistory_01@275710fc]" started-at="2020-05-16T13:57:53Z" name="checkStatusCode" finished-at="2020-05-16T13:57:53Z" duration-ms="1" status="PASS">
          <reporter-output>
          </reporter-output>
        </test-method> <!-- checkStatusCode -->
        <test-method signature="checkStatusLine()[pri:0, instance:G2.Project.Test.TS11.TC_GetTopUpHistory_01@275710fc]" started-at="2020-05-16T13:57:53Z" name="checkStatusLine" finished-at="2020-05-16T13:57:53Z" duration-ms="1" status="PASS">
          <reporter-output>
          </reporter-output>
        </test-method> <!-- checkStatusLine -->
      </class> <!-- G2.Project.Test.TS11.TC_GetTopUpHistory_01 -->
      <class name="G2.Project.Test.TS11.TC_GetTopUpHistory_02">
        <test-method is-config="true" signature="setup()[pri:0, instance:G2.Project.Test.TS11.TC_GetTopUpHistory_02@400cff1a]" started-at="2020-05-16T13:57:51Z" name="setup" finished-at="2020-05-16T13:57:51Z" duration-ms="1" status="PASS">
          <reporter-output>
          </reporter-output>
        </test-method> <!-- setup -->
        <test-method is-config="true" signature="settingUp(java.lang.String)[pri:0, instance:G2.Project.Test.TS11.TC_GetTopUpHistory_02@400cff1a]" started-at="2020-05-16T13:57:51Z" name="settingUp" finished-at="2020-05-16T13:57:52Z" duration-ms="967" status="PASS">
          <params>
            <param index="0">
              <value>
                <![CDATA[eyJhbGciOiJIUzUxMiJ9.eyJzdWIiOiI2MjgxOTA1MjE4OTU4IiwiZXhwIjoxNTg5NDQ3NDg3LCJpYXQiOjE1ODk0Mjk0ODd9.Qtiv_EvtO81s14UxWyBYf7XTwrMlOhigpnQNtQE-BR8f0Xb1I5onftFT-xDFRU2TXv9VMheQpknSH_o8OD]]>
              </value>
            </param>
          </params>
          <reporter-output>
          </reporter-output>
        </test-method> <!-- settingUp -->
        <test-method signature="checkResponseBody()[pri:0, instance:G2.Project.Test.TS11.TC_GetTopUpHistory_02@400cff1a]" started-at="2020-05-16T13:57:52Z" name="checkResponseBody" finished-at="2020-05-16T13:57:52Z" duration-ms="2" status="PASS">
          <reporter-output>
          </reporter-output>
        </test-method> <!-- checkResponseBody -->
        <test-method signature="checkResponseTime()[pri:0, instance:G2.Project.Test.TS11.TC_GetTopUpHistory_02@400cff1a]" started-at="2020-05-16T13:57:52Z" name="checkResponseTime" finished-at="2020-05-16T13:57:52Z" duration-ms="2" status="PASS">
          <reporter-output>
          </reporter-output>
        </test-method> <!-- checkResponseTime -->
        <test-method signature="checkStatusCode()[pri:0, instance:G2.Project.Test.TS11.TC_GetTopUpHistory_02@400cff1a]" started-at="2020-05-16T13:57:52Z" name="checkStatusCode" finished-at="2020-05-16T13:57:52Z" duration-ms="2" status="PASS">
          <reporter-output>
          </reporter-output>
        </test-method> <!-- checkStatusCode -->
        <test-method signature="checkStatusLine()[pri:0, instance:G2.Project.Test.TS11.TC_GetTopUpHistory_02@400cff1a]" started-at="2020-05-16T13:57:52Z" name="checkStatusLine" finished-at="2020-05-16T13:57:52Z" duration-ms="2" status="PASS">
          <reporter-output>
          </reporter-output>
        </test-method> <!-- checkStatusLine -->
      </class> <!-- G2.Project.Test.TS11.TC_GetTopUpHistory_02 -->
    </test> <!-- GetTopupHistoryResponseTest -->
  </suite> <!-- Verify Top Up Functionality (0) -->
  <suite started-at="2020-05-16T13:57:59Z" name="Verify Top Up Functionality (2)" finished-at="2020-05-16T13:58:10Z" duration-ms="10818">
    <groups>
    </groups>
    <test started-at="2020-05-16T13:57:59Z" name="UploadReceiptResponseTest" finished-at="2020-05-16T13:58:10Z" duration-ms="10818">
      <class name="G2.Project.Test.TS13.TC_TransferReceipt_06">
        <test-method is-config="true" signature="setup()[pri:0, instance:G2.Project.Test.TS13.TC_TransferReceipt_06@25a65b77]" started-at="2020-05-16T13:58:05Z" name="setup" finished-at="2020-05-16T13:58:05Z" duration-ms="2" status="PASS">
          <reporter-output>
          </reporter-output>
        </test-method> <!-- setup -->
        <test-method is-config="true" signature="SettingUp()[pri:0, instance:G2.Project.Test.TS13.TC_TransferReceipt_06@25a65b77]" started-at="2020-05-16T13:58:05Z" name="SettingUp" finished-at="2020-05-16T13:58:07Z" duration-ms="1750" status="PASS">
          <reporter-output>
          </reporter-output>
        </test-method> <!-- SettingUp -->
        <test-method signature="checkResponseBody()[pri:0, instance:G2.Project.Test.TS13.TC_TransferReceipt_06@25a65b77]" started-at="2020-05-16T13:58:07Z" name="checkResponseBody" finished-at="2020-05-16T13:58:07Z" duration-ms="1" status="PASS">
          <reporter-output>
          </reporter-output>
        </test-method> <!-- checkResponseBody -->
        <test-method signature="checkResponseTime()[pri:0, instance:G2.Project.Test.TS13.TC_TransferReceipt_06@25a65b77]" started-at="2020-05-16T13:58:07Z" name="checkResponseTime" finished-at="2020-05-16T13:58:07Z" duration-ms="1" status="PASS">
          <reporter-output>
          </reporter-output>
        </test-method> <!-- checkResponseTime -->
        <test-method signature="checkStatusCode()[pri:0, instance:G2.Project.Test.TS13.TC_TransferReceipt_06@25a65b77]" started-at="2020-05-16T13:58:07Z" name="checkStatusCode" finished-at="2020-05-16T13:58:07Z" duration-ms="1" status="PASS">
          <reporter-output>
          </reporter-output>
        </test-method> <!-- checkStatusCode -->
        <test-method signature="checkStatusLine()[pri:0, instance:G2.Project.Test.TS13.TC_TransferReceipt_06@25a65b77]" started-at="2020-05-16T13:58:07Z" name="checkStatusLine" finished-at="2020-05-16T13:58:07Z" duration-ms="1" status="PASS">
          <reporter-output>
          </reporter-output>
        </test-method> <!-- checkStatusLine -->
      </class> <!-- G2.Project.Test.TS13.TC_TransferReceipt_06 -->
      <class name="G2.Project.Test.TS13.TC_TransferReceipt_05">
        <test-method is-config="true" signature="setup()[pri:0, instance:G2.Project.Test.TS13.TC_TransferReceipt_05@240237d2]" started-at="2020-05-16T13:58:04Z" name="setup" finished-at="2020-05-16T13:58:04Z" duration-ms="3" status="PASS">
          <reporter-output>
          </reporter-output>
        </test-method> <!-- setup -->
        <test-method is-config="true" signature="SettingUp()[pri:0, instance:G2.Project.Test.TS13.TC_TransferReceipt_05@240237d2]" started-at="2020-05-16T13:58:04Z" name="SettingUp" finished-at="2020-05-16T13:58:05Z" duration-ms="1094" status="PASS">
          <reporter-output>
          </reporter-output>
        </test-method> <!-- SettingUp -->
        <test-method signature="checkResponseBody()[pri:0, instance:G2.Project.Test.TS13.TC_TransferReceipt_05@240237d2]" started-at="2020-05-16T13:58:05Z" name="checkResponseBody" finished-at="2020-05-16T13:58:05Z" duration-ms="1" status="PASS">
          <reporter-output>
          </reporter-output>
        </test-method> <!-- checkResponseBody -->
        <test-method signature="checkResponseTime()[pri:0, instance:G2.Project.Test.TS13.TC_TransferReceipt_05@240237d2]" started-at="2020-05-16T13:58:05Z" name="checkResponseTime" finished-at="2020-05-16T13:58:05Z" duration-ms="2" status="PASS">
          <reporter-output>
          </reporter-output>
        </test-method> <!-- checkResponseTime -->
        <test-method signature="checkStatusCode()[pri:0, instance:G2.Project.Test.TS13.TC_TransferReceipt_05@240237d2]" started-at="2020-05-16T13:58:05Z" name="checkStatusCode" finished-at="2020-05-16T13:58:05Z" duration-ms="2" status="PASS">
          <reporter-output>
          </reporter-output>
        </test-method> <!-- checkStatusCode -->
        <test-method signature="checkStatusLine()[pri:0, instance:G2.Project.Test.TS13.TC_TransferReceipt_05@240237d2]" started-at="2020-05-16T13:58:05Z" name="checkStatusLine" finished-at="2020-05-16T13:58:05Z" duration-ms="3" status="PASS">
          <reporter-output>
          </reporter-output>
        </test-method> <!-- checkStatusLine -->
      </class> <!-- G2.Project.Test.TS13.TC_TransferReceipt_05 -->
      <class name="G2.Project.Test.TS13.TC_TransferReceipt_03">
        <test-method is-config="true" signature="setup()[pri:0, instance:G2.Project.Test.TS13.TC_TransferReceipt_03@12d3a4e9]" started-at="2020-05-16T13:58:00Z" name="setup" finished-at="2020-05-16T13:58:00Z" duration-ms="1" status="PASS">
          <reporter-output>
          </reporter-output>
        </test-method> <!-- setup -->
        <test-method is-config="true" signature="SettingUp()[pri:0, instance:G2.Project.Test.TS13.TC_TransferReceipt_03@12d3a4e9]" started-at="2020-05-16T13:58:00Z" name="SettingUp" finished-at="2020-05-16T13:58:04Z" duration-ms="4260" status="PASS">
          <reporter-output>
          </reporter-output>
        </test-method> <!-- SettingUp -->
        <test-method signature="checkHeader()[pri:0, instance:G2.Project.Test.TS13.TC_TransferReceipt_03@12d3a4e9]" started-at="2020-05-16T13:58:04Z" name="checkHeader" finished-at="2020-05-16T13:58:04Z" duration-ms="5" status="PASS">
          <reporter-output>
          </reporter-output>
        </test-method> <!-- checkHeader -->
        <test-method signature="checkResponseBody()[pri:0, instance:G2.Project.Test.TS13.TC_TransferReceipt_03@12d3a4e9]" started-at="2020-05-16T13:58:04Z" name="checkResponseBody" finished-at="2020-05-16T13:58:04Z" duration-ms="2" status="PASS">
          <reporter-output>
          </reporter-output>
        </test-method> <!-- checkResponseBody -->
        <test-method signature="checkResponseTime()[pri:0, instance:G2.Project.Test.TS13.TC_TransferReceipt_03@12d3a4e9]" started-at="2020-05-16T13:58:04Z" name="checkResponseTime" finished-at="2020-05-16T13:58:04Z" duration-ms="2" status="PASS">
          <reporter-output>
          </reporter-output>
        </test-method> <!-- checkResponseTime -->
        <test-method signature="checkStatusCode()[pri:0, instance:G2.Project.Test.TS13.TC_TransferReceipt_03@12d3a4e9]" started-at="2020-05-16T13:58:04Z" name="checkStatusCode" finished-at="2020-05-16T13:58:04Z" duration-ms="2" status="PASS">
          <reporter-output>
          </reporter-output>
        </test-method> <!-- checkStatusCode -->
        <test-method signature="checkStatusLine()[pri:0, instance:G2.Project.Test.TS13.TC_TransferReceipt_03@12d3a4e9]" started-at="2020-05-16T13:58:04Z" name="checkStatusLine" finished-at="2020-05-16T13:58:04Z" duration-ms="3" status="PASS">
          <reporter-output>
          </reporter-output>
        </test-method> <!-- checkStatusLine -->
      </class> <!-- G2.Project.Test.TS13.TC_TransferReceipt_03 -->
      <class name="G2.Project.Test.TS13.TC_TransferReceipt_01">
        <test-method is-config="true" signature="setup()[pri:0, instance:G2.Project.Test.TS13.TC_TransferReceipt_01@212bf671]" started-at="2020-05-16T13:58:08Z" name="setup" finished-at="2020-05-16T13:58:08Z" duration-ms="1" status="PASS">
          <reporter-output>
          </reporter-output>
        </test-method> <!-- setup -->
        <test-method is-config="true" signature="SettingUp()[pri:0, instance:G2.Project.Test.TS13.TC_TransferReceipt_01@212bf671]" started-at="2020-05-16T13:58:08Z" name="SettingUp" finished-at="2020-05-16T13:58:10Z" duration-ms="1709" status="PASS">
          <reporter-output>
          </reporter-output>
        </test-method> <!-- SettingUp -->
        <test-method signature="checkHeader()[pri:0, instance:G2.Project.Test.TS13.TC_TransferReceipt_01@212bf671]" started-at="2020-05-16T13:58:10Z" name="checkHeader" finished-at="2020-05-16T13:58:10Z" duration-ms="2" status="PASS">
          <reporter-output>
          </reporter-output>
        </test-method> <!-- checkHeader -->
        <test-method signature="checkResponseBody()[pri:0, instance:G2.Project.Test.TS13.TC_TransferReceipt_01@212bf671]" started-at="2020-05-16T13:58:10Z" name="checkResponseBody" finished-at="2020-05-16T13:58:10Z" duration-ms="1" status="PASS">
          <reporter-output>
          </reporter-output>
        </test-method> <!-- checkResponseBody -->
        <test-method signature="checkResponseTime()[pri:0, instance:G2.Project.Test.TS13.TC_TransferReceipt_01@212bf671]" started-at="2020-05-16T13:58:10Z" name="checkResponseTime" finished-at="2020-05-16T13:58:10Z" duration-ms="2" status="PASS">
          <reporter-output>
          </reporter-output>
        </test-method> <!-- checkResponseTime -->
        <test-method signature="checkStatusCode()[pri:0, instance:G2.Project.Test.TS13.TC_TransferReceipt_01@212bf671]" started-at="2020-05-16T13:58:10Z" name="checkStatusCode" finished-at="2020-05-16T13:58:10Z" duration-ms="2" status="PASS">
          <reporter-output>
          </reporter-output>
        </test-method> <!-- checkStatusCode -->
        <test-method signature="checkStatusLine()[pri:0, instance:G2.Project.Test.TS13.TC_TransferReceipt_01@212bf671]" started-at="2020-05-16T13:58:10Z" name="checkStatusLine" finished-at="2020-05-16T13:58:10Z" duration-ms="2" status="PASS">
          <reporter-output>
          </reporter-output>
        </test-method> <!-- checkStatusLine -->
      </class> <!-- G2.Project.Test.TS13.TC_TransferReceipt_01 -->
      <class name="G2.Project.Test.TS13.Setting">
        <test-method is-config="true" signature="SettingUp()[pri:0, instance:G2.Project.Test.TS13.Setting@2c34f934]" started-at="2020-05-16T13:57:59Z" name="SettingUp" finished-at="2020-05-16T13:58:00Z" duration-ms="890" status="PASS">
          <reporter-output>
          </reporter-output>
        </test-method> <!-- SettingUp -->
      </class> <!-- G2.Project.Test.TS13.Setting -->
      <class name="G2.Project.Test.TS13.TC_TransferReceipt_07">
        <test-method is-config="true" signature="setup()[pri:0, instance:G2.Project.Test.TS13.TC_TransferReceipt_07@2ed0fbae]" started-at="2020-05-16T13:58:07Z" name="setup" finished-at="2020-05-16T13:58:07Z" duration-ms="2" status="PASS">
          <reporter-output>
          </reporter-output>
        </test-method> <!-- setup -->
        <test-method is-config="true" signature="SettingUp()[pri:0, instance:G2.Project.Test.TS13.TC_TransferReceipt_07@2ed0fbae]" started-at="2020-05-16T13:58:07Z" name="SettingUp" finished-at="2020-05-16T13:58:08Z" duration-ms="1049" status="PASS">
          <reporter-output>
          </reporter-output>
        </test-method> <!-- SettingUp -->
        <test-method signature="checkResponseBody()[pri:0, instance:G2.Project.Test.TS13.TC_TransferReceipt_07@2ed0fbae]" started-at="2020-05-16T13:58:08Z" name="checkResponseBody" finished-at="2020-05-16T13:58:08Z" duration-ms="1" status="PASS">
          <reporter-output>
          </reporter-output>
        </test-method> <!-- checkResponseBody -->
        <test-method signature="checkResponseTime()[pri:0, instance:G2.Project.Test.TS13.TC_TransferReceipt_07@2ed0fbae]" started-at="2020-05-16T13:58:08Z" name="checkResponseTime" finished-at="2020-05-16T13:58:08Z" duration-ms="2" status="PASS">
          <reporter-output>
          </reporter-output>
        </test-method> <!-- checkResponseTime -->
        <test-method signature="checkStatusCode()[pri:0, instance:G2.Project.Test.TS13.TC_TransferReceipt_07@2ed0fbae]" started-at="2020-05-16T13:58:08Z" name="checkStatusCode" finished-at="2020-05-16T13:58:08Z" duration-ms="2" status="PASS">
          <reporter-output>
          </reporter-output>
        </test-method> <!-- checkStatusCode -->
        <test-method signature="checkStatusLine()[pri:0, instance:G2.Project.Test.TS13.TC_TransferReceipt_07@2ed0fbae]" started-at="2020-05-16T13:58:08Z" name="checkStatusLine" finished-at="2020-05-16T13:58:08Z" duration-ms="2" status="PASS">
          <reporter-output>
          </reporter-output>
        </test-method> <!-- checkStatusLine -->
      </class> <!-- G2.Project.Test.TS13.TC_TransferReceipt_07 -->
    </test> <!-- UploadReceiptResponseTest -->
  </suite> <!-- Verify Top Up Functionality (2) -->
  <suite started-at="2020-05-16T13:57:37Z" name="Verify GetUserProfile Functionality" finished-at="2020-05-16T13:57:39Z" duration-ms="2273">
    <groups>
    </groups>
    <test started-at="2020-05-16T13:57:37Z" name="GetUserProfileResponseTest" finished-at="2020-05-16T13:57:39Z" duration-ms="2273">
      <class name="G2.Project.Test.TS06.TC_GetUserProfile_01">
        <test-method is-config="true" signature="setup()[pri:0, instance:G2.Project.Test.TS06.TC_GetUserProfile_01@3f200884]" started-at="2020-05-16T13:57:37Z" name="setup" finished-at="2020-05-16T13:57:37Z" duration-ms="1" status="PASS">
          <reporter-output>
          </reporter-output>
        </test-method> <!-- setup -->
        <test-method is-config="true" signature="setUpTCGetUserProfile01()[pri:0, instance:G2.Project.Test.TS06.TC_GetUserProfile_01@3f200884]" started-at="2020-05-16T13:57:37Z" name="setUpTCGetUserProfile01" finished-at="2020-05-16T13:57:38Z" duration-ms="1231" status="PASS">
          <reporter-output>
          </reporter-output>
        </test-method> <!-- setUpTCGetUserProfile01 -->
        <test-method signature="checkDataBody()[pri:0, instance:G2.Project.Test.TS06.TC_GetUserProfile_01@3f200884]" started-at="2020-05-16T13:57:38Z" name="checkDataBody" finished-at="2020-05-16T13:57:38Z" duration-ms="13" status="PASS">
          <reporter-output>
          </reporter-output>
        </test-method> <!-- checkDataBody -->
        <test-method signature="checkHeader()[pri:0, instance:G2.Project.Test.TS06.TC_GetUserProfile_01@3f200884]" started-at="2020-05-16T13:57:38Z" name="checkHeader" finished-at="2020-05-16T13:57:38Z" duration-ms="4" status="PASS">
          <reporter-output>
          </reporter-output>
        </test-method> <!-- checkHeader -->
        <test-method signature="checkResponseBody()[pri:0, instance:G2.Project.Test.TS06.TC_GetUserProfile_01@3f200884]" started-at="2020-05-16T13:57:38Z" name="checkResponseBody" finished-at="2020-05-16T13:57:38Z" duration-ms="0" status="PASS">
          <reporter-output>
          </reporter-output>
        </test-method> <!-- checkResponseBody -->
        <test-method signature="checkResponseTime()[pri:0, instance:G2.Project.Test.TS06.TC_GetUserProfile_01@3f200884]" started-at="2020-05-16T13:57:38Z" name="checkResponseTime" finished-at="2020-05-16T13:57:38Z" duration-ms="4" status="PASS">
          <reporter-output>
          </reporter-output>
        </test-method> <!-- checkResponseTime -->
        <test-method signature="checkStatusCode()[pri:0, instance:G2.Project.Test.TS06.TC_GetUserProfile_01@3f200884]" started-at="2020-05-16T13:57:38Z" name="checkStatusCode" finished-at="2020-05-16T13:57:38Z" duration-ms="1" status="PASS">
          <reporter-output>
          </reporter-output>
        </test-method> <!-- checkStatusCode -->
        <test-method signature="checkStatusLine()[pri:0, instance:G2.Project.Test.TS06.TC_GetUserProfile_01@3f200884]" started-at="2020-05-16T13:57:38Z" name="checkStatusLine" finished-at="2020-05-16T13:57:38Z" duration-ms="2" status="PASS">
          <reporter-output>
          </reporter-output>
        </test-method> <!-- checkStatusLine -->
      </class> <!-- G2.Project.Test.TS06.TC_GetUserProfile_01 -->
      <class name="G2.Project.Test.TS06.TC_GetUserProfile_02">
        <test-method is-config="true" signature="setup()[pri:0, instance:G2.Project.Test.TS06.TC_GetUserProfile_02@4d339552]" started-at="2020-05-16T13:57:38Z" name="setup" finished-at="2020-05-16T13:57:38Z" duration-ms="2" status="PASS">
          <reporter-output>
          </reporter-output>
        </test-method> <!-- setup -->
        <test-method is-config="true" signature="setUpTCGetUserProfile02(java.lang.String)[pri:0, instance:G2.Project.Test.TS06.TC_GetUserProfile_02@4d339552]" started-at="2020-05-16T13:57:38Z" name="setUpTCGetUserProfile02" finished-at="2020-05-16T13:57:39Z" duration-ms="995" status="PASS">
          <params>
            <param index="0">
              <value>
                <![CDATA[eyJhbGciOiJIUzUxMiJ9.eyJzdWIiOiI2MjgxOTA1MjE4OTU4IiwiZXhwIjoxNTg5NDQ3NDg3LCJpYXQiOjE1ODk0Mjk0ODd9.Qtiv_EvtO81s14UxWyBYf7XTwrMlOhigpnQNtQE-BR8f0Xb1I5onftFT-xDFRU2TXv9VMheQpknSH_o8OD]]>
              </value>
            </param>
          </params>
          <reporter-output>
          </reporter-output>
        </test-method> <!-- setUpTCGetUserProfile02 -->
        <test-method signature="checkResponseBody()[pri:0, instance:G2.Project.Test.TS06.TC_GetUserProfile_02@4d339552]" started-at="2020-05-16T13:57:39Z" name="checkResponseBody" finished-at="2020-05-16T13:57:39Z" duration-ms="2" status="PASS">
          <reporter-output>
          </reporter-output>
        </test-method> <!-- checkResponseBody -->
        <test-method signature="checkResponseTime()[pri:0, instance:G2.Project.Test.TS06.TC_GetUserProfile_02@4d339552]" started-at="2020-05-16T13:57:39Z" name="checkResponseTime" finished-at="2020-05-16T13:57:39Z" duration-ms="3" status="PASS">
          <reporter-output>
          </reporter-output>
        </test-method> <!-- checkResponseTime -->
        <test-method signature="checkStatusCode()[pri:0, instance:G2.Project.Test.TS06.TC_GetUserProfile_02@4d339552]" started-at="2020-05-16T13:57:39Z" name="checkStatusCode" finished-at="2020-05-16T13:57:39Z" duration-ms="5" status="PASS">
          <reporter-output>
          </reporter-output>
        </test-method> <!-- checkStatusCode -->
        <test-method signature="checkStatusLine()[pri:0, instance:G2.Project.Test.TS06.TC_GetUserProfile_02@4d339552]" started-at="2020-05-16T13:57:39Z" name="checkStatusLine" finished-at="2020-05-16T13:57:39Z" duration-ms="2" status="PASS">
          <reporter-output>
          </reporter-output>
        </test-method> <!-- checkStatusLine -->
      </class> <!-- G2.Project.Test.TS06.TC_GetUserProfile_02 -->
    </test> <!-- GetUserProfileResponseTest -->
  </suite> <!-- Verify GetUserProfile Functionality -->
  <suite started-at="2020-05-16T13:57:39Z" name="Verify GetUserBalance Functionality" finished-at="2020-05-16T13:57:41Z" duration-ms="2084">
    <groups>
    </groups>
    <test started-at="2020-05-16T13:57:39Z" name="GetUserBalanceResponseTest" finished-at="2020-05-16T13:57:41Z" duration-ms="2084">
      <class name="G2.Project.Test.TS07.TC_GetUserBalance_01">
        <test-method is-config="true" signature="setup()[pri:0, instance:G2.Project.Test.TS07.TC_GetUserBalance_01@351d0846]" started-at="2020-05-16T13:57:39Z" name="setup" finished-at="2020-05-16T13:57:39Z" duration-ms="2" status="PASS">
          <reporter-output>
          </reporter-output>
        </test-method> <!-- setup -->
        <test-method is-config="true" signature="setUpTCGetUserBalance01()[pri:0, instance:G2.Project.Test.TS07.TC_GetUserBalance_01@351d0846]" started-at="2020-05-16T13:57:39Z" name="setUpTCGetUserBalance01" finished-at="2020-05-16T13:57:40Z" duration-ms="1148" status="PASS">
          <reporter-output>
          </reporter-output>
        </test-method> <!-- setUpTCGetUserBalance01 -->
        <test-method signature="checkDataBody()[pri:0, instance:G2.Project.Test.TS07.TC_GetUserBalance_01@351d0846]" started-at="2020-05-16T13:57:40Z" name="checkDataBody" finished-at="2020-05-16T13:57:40Z" duration-ms="8" status="PASS">
          <reporter-output>
          </reporter-output>
        </test-method> <!-- checkDataBody -->
        <test-method signature="checkHeader()[pri:0, instance:G2.Project.Test.TS07.TC_GetUserBalance_01@351d0846]" started-at="2020-05-16T13:57:40Z" name="checkHeader" finished-at="2020-05-16T13:57:40Z" duration-ms="6" status="PASS">
          <reporter-output>
          </reporter-output>
        </test-method> <!-- checkHeader -->
        <test-method signature="checkResponseBody()[pri:0, instance:G2.Project.Test.TS07.TC_GetUserBalance_01@351d0846]" started-at="2020-05-16T13:57:40Z" name="checkResponseBody" finished-at="2020-05-16T13:57:40Z" duration-ms="1" status="PASS">
          <reporter-output>
          </reporter-output>
        </test-method> <!-- checkResponseBody -->
        <test-method signature="checkResponseTime()[pri:0, instance:G2.Project.Test.TS07.TC_GetUserBalance_01@351d0846]" started-at="2020-05-16T13:57:40Z" name="checkResponseTime" finished-at="2020-05-16T13:57:40Z" duration-ms="2" status="PASS">
          <reporter-output>
          </reporter-output>
        </test-method> <!-- checkResponseTime -->
        <test-method signature="checkStatusCode()[pri:0, instance:G2.Project.Test.TS07.TC_GetUserBalance_01@351d0846]" started-at="2020-05-16T13:57:40Z" name="checkStatusCode" finished-at="2020-05-16T13:57:40Z" duration-ms="2" status="PASS">
          <reporter-output>
          </reporter-output>
        </test-method> <!-- checkStatusCode -->
        <test-method signature="checkStatusLine()[pri:0, instance:G2.Project.Test.TS07.TC_GetUserBalance_01@351d0846]" started-at="2020-05-16T13:57:40Z" name="checkStatusLine" finished-at="2020-05-16T13:57:40Z" duration-ms="1" status="PASS">
          <reporter-output>
          </reporter-output>
        </test-method> <!-- checkStatusLine -->
      </class> <!-- G2.Project.Test.TS07.TC_GetUserBalance_01 -->
      <class name="G2.Project.Test.TS07.TC_GetUserBalance_02">
        <test-method is-config="true" signature="setup()[pri:0, instance:G2.Project.Test.TS07.TC_GetUserBalance_02@77e4c80f]" started-at="2020-05-16T13:57:40Z" name="setup" finished-at="2020-05-16T13:57:40Z" duration-ms="1" status="PASS">
          <reporter-output>
          </reporter-output>
        </test-method> <!-- setup -->
        <test-method is-config="true" signature="setUpTCGetUserBalance02(java.lang.String)[pri:0, instance:G2.Project.Test.TS07.TC_GetUserBalance_02@77e4c80f]" started-at="2020-05-16T13:57:40Z" name="setUpTCGetUserBalance02" finished-at="2020-05-16T13:57:41Z" duration-ms="899" status="PASS">
          <params>
            <param index="0">
              <value>
                <![CDATA[eyJhbGciOiJIUzUxMiJ9.eyJzdWIiOiI2MjgxOTA1MjE4OTU4IiwiZXhwIjoxNTg5NDQ3NDg3LCJpYXQiOjE1ODk0Mjk0ODd9.Qtiv_EvtO81s14UxWyBYf7XTwrMlOhigpnQNtQE-BR8f0Xb1I5onftFT-xDFRU2TXv9VMheQpknSH_o8OD]]>
              </value>
            </param>
          </params>
          <reporter-output>
          </reporter-output>
        </test-method> <!-- setUpTCGetUserBalance02 -->
        <test-method signature="checkResponseBody()[pri:0, instance:G2.Project.Test.TS07.TC_GetUserBalance_02@77e4c80f]" started-at="2020-05-16T13:57:41Z" name="checkResponseBody" finished-at="2020-05-16T13:57:41Z" duration-ms="2" status="PASS">
          <reporter-output>
          </reporter-output>
        </test-method> <!-- checkResponseBody -->
        <test-method signature="checkResponseTime()[pri:0, instance:G2.Project.Test.TS07.TC_GetUserBalance_02@77e4c80f]" started-at="2020-05-16T13:57:41Z" name="checkResponseTime" finished-at="2020-05-16T13:57:41Z" duration-ms="2" status="PASS">
          <reporter-output>
          </reporter-output>
        </test-method> <!-- checkResponseTime -->
        <test-method signature="checkStatusCode()[pri:0, instance:G2.Project.Test.TS07.TC_GetUserBalance_02@77e4c80f]" started-at="2020-05-16T13:57:41Z" name="checkStatusCode" finished-at="2020-05-16T13:57:41Z" duration-ms="1" status="PASS">
          <reporter-output>
          </reporter-output>
        </test-method> <!-- checkStatusCode -->
        <test-method signature="checkStatusLine()[pri:0, instance:G2.Project.Test.TS07.TC_GetUserBalance_02@77e4c80f]" started-at="2020-05-16T13:57:41Z" name="checkStatusLine" finished-at="2020-05-16T13:57:41Z" duration-ms="1" status="PASS">
          <reporter-output>
          </reporter-output>
        </test-method> <!-- checkStatusLine -->
      </class> <!-- G2.Project.Test.TS07.TC_GetUserBalance_02 -->
    </test> <!-- GetUserBalanceResponseTest -->
  </suite> <!-- Verify GetUserBalance Functionality -->
  <suite started-at="2020-05-16T13:57:44Z" name="Verify GetPaymentMethod Functionality" finished-at="2020-05-16T13:57:46Z" duration-ms="2232">
    <groups>
    </groups>
    <test started-at="2020-05-16T13:57:44Z" name="GetPaymentMethodResponseTest" finished-at="2020-05-16T13:57:46Z" duration-ms="2232">
      <class name="G2.Project.Test.TS09.TC_GetPaymentMethod_01">
        <test-method is-config="true" signature="setup()[pri:0, instance:G2.Project.Test.TS09.TC_GetPaymentMethod_01@57175e74]" started-at="2020-05-16T13:57:44Z" name="setup" finished-at="2020-05-16T13:57:44Z" duration-ms="2" status="PASS">
          <reporter-output>
          </reporter-output>
        </test-method> <!-- setup -->
        <test-method is-config="true" signature="setUpTCGetPaymentMethod01()[pri:0, instance:G2.Project.Test.TS09.TC_GetPaymentMethod_01@57175e74]" started-at="2020-05-16T13:57:44Z" name="setUpTCGetPaymentMethod01" finished-at="2020-05-16T13:57:45Z" duration-ms="1177" status="PASS">
          <reporter-output>
          </reporter-output>
        </test-method> <!-- setUpTCGetPaymentMethod01 -->
        <test-method signature="checkDataBody()[pri:0, instance:G2.Project.Test.TS09.TC_GetPaymentMethod_01@57175e74]" started-at="2020-05-16T13:57:45Z" name="checkDataBody" finished-at="2020-05-16T13:57:45Z" duration-ms="9" status="PASS">
          <reporter-output>
          </reporter-output>
        </test-method> <!-- checkDataBody -->
        <test-method signature="checkHeader()[pri:0, instance:G2.Project.Test.TS09.TC_GetPaymentMethod_01@57175e74]" started-at="2020-05-16T13:57:45Z" name="checkHeader" finished-at="2020-05-16T13:57:45Z" duration-ms="1" status="PASS">
          <reporter-output>
          </reporter-output>
        </test-method> <!-- checkHeader -->
        <test-method signature="checkResponseBody()[pri:0, instance:G2.Project.Test.TS09.TC_GetPaymentMethod_01@57175e74]" started-at="2020-05-16T13:57:45Z" name="checkResponseBody" finished-at="2020-05-16T13:57:45Z" duration-ms="1" status="PASS">
          <reporter-output>
          </reporter-output>
        </test-method> <!-- checkResponseBody -->
        <test-method signature="checkResponseTime()[pri:0, instance:G2.Project.Test.TS09.TC_GetPaymentMethod_01@57175e74]" started-at="2020-05-16T13:57:45Z" name="checkResponseTime" finished-at="2020-05-16T13:57:45Z" duration-ms="2" status="PASS">
          <reporter-output>
          </reporter-output>
        </test-method> <!-- checkResponseTime -->
        <test-method signature="checkStatusCode()[pri:0, instance:G2.Project.Test.TS09.TC_GetPaymentMethod_01@57175e74]" started-at="2020-05-16T13:57:45Z" name="checkStatusCode" finished-at="2020-05-16T13:57:45Z" duration-ms="4" status="PASS">
          <reporter-output>
          </reporter-output>
        </test-method> <!-- checkStatusCode -->
        <test-method signature="checkStatusLine()[pri:0, instance:G2.Project.Test.TS09.TC_GetPaymentMethod_01@57175e74]" started-at="2020-05-16T13:57:45Z" name="checkStatusLine" finished-at="2020-05-16T13:57:45Z" duration-ms="2" status="PASS">
          <reporter-output>
          </reporter-output>
        </test-method> <!-- checkStatusLine -->
      </class> <!-- G2.Project.Test.TS09.TC_GetPaymentMethod_01 -->
      <class name="G2.Project.Test.TS09.TC_GetPaymentMethod_02">
        <test-method is-config="true" signature="setup()[pri:0, instance:G2.Project.Test.TS09.TC_GetPaymentMethod_02@7bb58ca3]" started-at="2020-05-16T13:57:45Z" name="setup" finished-at="2020-05-16T13:57:45Z" duration-ms="2" status="PASS">
          <reporter-output>
          </reporter-output>
        </test-method> <!-- setup -->
        <test-method is-config="true" signature="setUpTCGetPaymentMethod02(java.lang.String)[pri:0, instance:G2.Project.Test.TS09.TC_GetPaymentMethod_02@7bb58ca3]" started-at="2020-05-16T13:57:45Z" name="setUpTCGetPaymentMethod02" finished-at="2020-05-16T13:57:46Z" duration-ms="1017" status="PASS">
          <params>
            <param index="0">
              <value>
                <![CDATA[eyJhbGciOiJIUzUxMiJ9.eyJzdWIiOiI2MjgxOTA1MjE4OTU4IiwiZXhwIjoxNTg5NDQ3NDg3LCJpYXQiOjE1ODk0Mjk0ODd9.Qtiv_EvtO81s14UxWyBYf7XTwrMlOhigpnQNtQE-BR8f0Xb1I5onftFT-xDFRU2TXv9VMheQpknSH_o8OD]]>
              </value>
            </param>
          </params>
          <reporter-output>
          </reporter-output>
        </test-method> <!-- setUpTCGetPaymentMethod02 -->
        <test-method signature="checkResponseBody()[pri:0, instance:G2.Project.Test.TS09.TC_GetPaymentMethod_02@7bb58ca3]" started-at="2020-05-16T13:57:46Z" name="checkResponseBody" finished-at="2020-05-16T13:57:46Z" duration-ms="1" status="PASS">
          <reporter-output>
          </reporter-output>
        </test-method> <!-- checkResponseBody -->
        <test-method signature="checkResponseTime()[pri:0, instance:G2.Project.Test.TS09.TC_GetPaymentMethod_02@7bb58ca3]" started-at="2020-05-16T13:57:46Z" name="checkResponseTime" finished-at="2020-05-16T13:57:46Z" duration-ms="2" status="PASS">
          <reporter-output>
          </reporter-output>
        </test-method> <!-- checkResponseTime -->
        <test-method signature="checkStatusCode()[pri:0, instance:G2.Project.Test.TS09.TC_GetPaymentMethod_02@7bb58ca3]" started-at="2020-05-16T13:57:46Z" name="checkStatusCode" finished-at="2020-05-16T13:57:46Z" duration-ms="1" status="PASS">
          <reporter-output>
          </reporter-output>
        </test-method> <!-- checkStatusCode -->
        <test-method signature="checkStatusLine()[pri:0, instance:G2.Project.Test.TS09.TC_GetPaymentMethod_02@7bb58ca3]" started-at="2020-05-16T13:57:46Z" name="checkStatusLine" finished-at="2020-05-16T13:57:46Z" duration-ms="2" status="PASS">
          <reporter-output>
          </reporter-output>
        </test-method> <!-- checkStatusLine -->
      </class> <!-- G2.Project.Test.TS09.TC_GetPaymentMethod_02 -->
    </test> <!-- GetPaymentMethodResponseTest -->
  </suite> <!-- Verify GetPaymentMethod Functionality -->
  <suite started-at="2020-05-16T13:57:46Z" name="Verify Top Up Functionality" finished-at="2020-05-16T13:57:51Z" duration-ms="4735">
    <groups>
    </groups>
    <test started-at="2020-05-16T13:57:46Z" name="ConfirmMerchantTopupResponseTest" finished-at="2020-05-16T13:57:51Z" duration-ms="4735">
      <class name="G2.Project.Test.TS10.Setting">
        <test-method is-config="true" signature="SettingUp()[pri:0, instance:G2.Project.Test.TS10.Setting@15bb6bea]" started-at="2020-05-16T13:57:46Z" name="SettingUp" finished-at="2020-05-16T13:57:47Z" duration-ms="1192" status="PASS">
          <reporter-output>
          </reporter-output>
        </test-method> <!-- SettingUp -->
      </class> <!-- G2.Project.Test.TS10.Setting -->
      <class name="G2.Project.Test.TS10.TC_ConfirmMerchantTopup_01">
        <test-method is-config="true" signature="setup()[pri:0, instance:G2.Project.Test.TS10.TC_ConfirmMerchantTopup_01@4c40b76e]" started-at="2020-05-16T13:57:49Z" name="setup" finished-at="2020-05-16T13:57:49Z" duration-ms="4" status="PASS">
          <reporter-output>
          </reporter-output>
        </test-method> <!-- setup -->
        <test-method is-config="true" signature="SettingUp()[pri:0, instance:G2.Project.Test.TS10.TC_ConfirmMerchantTopup_01@4c40b76e]" started-at="2020-05-16T13:57:49Z" name="SettingUp" finished-at="2020-05-16T13:57:51Z" duration-ms="1209" status="PASS">
          <reporter-output>
          </reporter-output>
        </test-method> <!-- SettingUp -->
        <test-method signature="checkHeader()[pri:0, instance:G2.Project.Test.TS10.TC_ConfirmMerchantTopup_01@4c40b76e]" started-at="2020-05-16T13:57:51Z" name="checkHeader" finished-at="2020-05-16T13:57:51Z" duration-ms="2" status="PASS">
          <reporter-output>
          </reporter-output>
        </test-method> <!-- checkHeader -->
        <test-method signature="checkResponseBody()[pri:0, instance:G2.Project.Test.TS10.TC_ConfirmMerchantTopup_01@4c40b76e]" started-at="2020-05-16T13:57:51Z" name="checkResponseBody" finished-at="2020-05-16T13:57:51Z" duration-ms="1" status="PASS">
          <reporter-output>
          </reporter-output>
        </test-method> <!-- checkResponseBody -->
        <test-method signature="checkResponseTime()[pri:0, instance:G2.Project.Test.TS10.TC_ConfirmMerchantTopup_01@4c40b76e]" started-at="2020-05-16T13:57:51Z" name="checkResponseTime" finished-at="2020-05-16T13:57:51Z" duration-ms="2" status="PASS">
          <reporter-output>
          </reporter-output>
        </test-method> <!-- checkResponseTime -->
        <test-method signature="checkStatusCode()[pri:0, instance:G2.Project.Test.TS10.TC_ConfirmMerchantTopup_01@4c40b76e]" started-at="2020-05-16T13:57:51Z" name="checkStatusCode" finished-at="2020-05-16T13:57:51Z" duration-ms="2" status="PASS">
          <reporter-output>
          </reporter-output>
        </test-method> <!-- checkStatusCode -->
        <test-method signature="checkStatusLine()[pri:0, instance:G2.Project.Test.TS10.TC_ConfirmMerchantTopup_01@4c40b76e]" started-at="2020-05-16T13:57:51Z" name="checkStatusLine" finished-at="2020-05-16T13:57:51Z" duration-ms="1" status="PASS">
          <reporter-output>
          </reporter-output>
        </test-method> <!-- checkStatusLine -->
      </class> <!-- G2.Project.Test.TS10.TC_ConfirmMerchantTopup_01 -->
      <class name="G2.Project.Test.TS10.TC_ConfirmMerchantTopup_02">
        <test-method is-config="true" signature="setup()[pri:0, instance:G2.Project.Test.TS10.TC_ConfirmMerchantTopup_02@8b96fde]" started-at="2020-05-16T13:57:47Z" name="setup" finished-at="2020-05-16T13:57:47Z" duration-ms="1" status="PASS">
          <reporter-output>
          </reporter-output>
        </test-method> <!-- setup -->
        <test-method is-config="true" signature="SettingUp()[pri:0, instance:G2.Project.Test.TS10.TC_ConfirmMerchantTopup_02@8b96fde]" started-at="2020-05-16T13:57:47Z" name="SettingUp" finished-at="2020-05-16T13:57:48Z" duration-ms="1226" status="PASS">
          <reporter-output>
          </reporter-output>
        </test-method> <!-- SettingUp -->
        <test-method signature="checkHeader()[pri:0, instance:G2.Project.Test.TS10.TC_ConfirmMerchantTopup_02@8b96fde]" started-at="2020-05-16T13:57:48Z" name="checkHeader" finished-at="2020-05-16T13:57:48Z" duration-ms="2" status="PASS">
          <reporter-output>
          </reporter-output>
        </test-method> <!-- checkHeader -->
        <test-method signature="checkResponseBody()[pri:0, instance:G2.Project.Test.TS10.TC_ConfirmMerchantTopup_02@8b96fde]" started-at="2020-05-16T13:57:48Z" name="checkResponseBody" finished-at="2020-05-16T13:57:48Z" duration-ms="1" status="PASS">
          <reporter-output>
          </reporter-output>
        </test-method> <!-- checkResponseBody -->
        <test-method signature="checkResponseTime()[pri:0, instance:G2.Project.Test.TS10.TC_ConfirmMerchantTopup_02@8b96fde]" started-at="2020-05-16T13:57:48Z" name="checkResponseTime" finished-at="2020-05-16T13:57:48Z" duration-ms="1" status="PASS">
          <reporter-output>
          </reporter-output>
        </test-method> <!-- checkResponseTime -->
        <test-method signature="checkStatusCode()[pri:0, instance:G2.Project.Test.TS10.TC_ConfirmMerchantTopup_02@8b96fde]" started-at="2020-05-16T13:57:48Z" name="checkStatusCode" finished-at="2020-05-16T13:57:48Z" duration-ms="1" status="PASS">
          <reporter-output>
          </reporter-output>
        </test-method> <!-- checkStatusCode -->
        <test-method signature="checkStatusLine()[pri:0, instance:G2.Project.Test.TS10.TC_ConfirmMerchantTopup_02@8b96fde]" started-at="2020-05-16T13:57:48Z" name="checkStatusLine" finished-at="2020-05-16T13:57:48Z" duration-ms="2" status="PASS">
          <reporter-output>
          </reporter-output>
        </test-method> <!-- checkStatusLine -->
      </class> <!-- G2.Project.Test.TS10.TC_ConfirmMerchantTopup_02 -->
      <class name="G2.Project.Test.TS10.TC_ConfirmMerchantTopup_03">
        <test-method is-config="true" signature="setup()[pri:0, instance:G2.Project.Test.TS10.TC_ConfirmMerchantTopup_03@2d2e5f00]" started-at="2020-05-16T13:57:48Z" name="setup" finished-at="2020-05-16T13:57:48Z" duration-ms="2" status="PASS">
          <reporter-output>
          </reporter-output>
        </test-method> <!-- setup -->
        <test-method is-config="true" signature="SettingUp()[pri:0, instance:G2.Project.Test.TS10.TC_ConfirmMerchantTopup_03@2d2e5f00]" started-at="2020-05-16T13:57:48Z" name="SettingUp" finished-at="2020-05-16T13:57:49Z" duration-ms="1070" status="PASS">
          <reporter-output>
          </reporter-output>
        </test-method> <!-- SettingUp -->
        <test-method signature="checkHeader()[pri:0, instance:G2.Project.Test.TS10.TC_ConfirmMerchantTopup_03@2d2e5f00]" started-at="2020-05-16T13:57:49Z" name="checkHeader" finished-at="2020-05-16T13:57:49Z" duration-ms="1" status="PASS">
          <reporter-output>
          </reporter-output>
        </test-method> <!-- checkHeader -->
        <test-method signature="checkResponseBody()[pri:0, instance:G2.Project.Test.TS10.TC_ConfirmMerchantTopup_03@2d2e5f00]" started-at="2020-05-16T13:57:49Z" name="checkResponseBody" finished-at="2020-05-16T13:57:49Z" duration-ms="1" status="PASS">
          <reporter-output>
          </reporter-output>
        </test-method> <!-- checkResponseBody -->
        <test-method signature="checkResponseTime()[pri:0, instance:G2.Project.Test.TS10.TC_ConfirmMerchantTopup_03@2d2e5f00]" started-at="2020-05-16T13:57:49Z" name="checkResponseTime" finished-at="2020-05-16T13:57:49Z" duration-ms="2" status="PASS">
          <reporter-output>
          </reporter-output>
        </test-method> <!-- checkResponseTime -->
        <test-method signature="checkStatusCode()[pri:0, instance:G2.Project.Test.TS10.TC_ConfirmMerchantTopup_03@2d2e5f00]" started-at="2020-05-16T13:57:49Z" name="checkStatusCode" finished-at="2020-05-16T13:57:49Z" duration-ms="2" status="PASS">
          <reporter-output>
          </reporter-output>
        </test-method> <!-- checkStatusCode -->
        <test-method signature="checkStatusLine()[pri:0, instance:G2.Project.Test.TS10.TC_ConfirmMerchantTopup_03@2d2e5f00]" started-at="2020-05-16T13:57:49Z" name="checkStatusLine" finished-at="2020-05-16T13:57:49Z" duration-ms="2" status="PASS">
          <reporter-output>
          </reporter-output>
        </test-method> <!-- checkStatusLine -->
      </class> <!-- G2.Project.Test.TS10.TC_ConfirmMerchantTopup_03 -->
    </test> <!-- ConfirmMerchantTopupResponseTest -->
  </suite> <!-- Verify Top Up Functionality -->
</testng-results>
