<?xml version="1.0" encoding="UTF-8"?>
<testsuite xmlns:xsi="http://www.w3.org/2001/XMLSchema-instance" xsi:noNamespaceSchemaLocation="https://maven.apache.org/surefire/maven-surefire-plugin/xsd/surefire-test-report.xsd" name="TestSuite" time="7.881" tests="26" errors="0" skipped="0" failures="11">
  <properties>
[...]
</properties>
  <testcase name="checkHeader" classname="G2.Project.Test.TS12.TC_TopUpBalance_02" time="0.019"/>
  <testcase name="checkResponseBody" classname="G2.Project.Test.TS12.TC_TopUpBalance_02" time="0"/>
  <testcase name="checkResponseTime" classname="G2.Project.Test.TS12.TC_TopUpBalance_02" time="0.002"/>
  <testcase name="checkStatusCode" classname="G2.Project.Test.TS12.TC_TopUpBalance_02" time="0.006">
    <failure message="expected [400] but found [500]" type="java.lang.AssertionError">java.lang.AssertionError: expected [400] but found [500]
	at G2.Project.Test.TS12.TC_TopUpBalance_02.checkStatusCode(TC_TopUpBalance_02.java:41)
</failure>
    <system-err><![CDATA[May 15, 2020 11:15:21 AM G2.Project.Base.TestBase checkStatusCode
INFO: ***** Check Status Code *****
May 15, 2020 11:15:21 AM G2.Project.Base.TestBase checkStatusCode
INFO: Status Code = 500
]]></system-err>
  </testcase>
  <testcase name="checkStatusLine" classname="G2.Project.Test.TS12.TC_TopUpBalance_02" time="0.001">
    <failure message="expected [HTTP/1.1 400 ] but found [HTTP/1.1 500 ]" type="java.lang.AssertionError">java.lang.AssertionError: expected [HTTP/1.1 400 ] but found [HTTP/1.1 500 ]
	at G2.Project.Test.TS12.TC_TopUpBalance_02.checkStatusLine(TC_TopUpBalance_02.java:46)
</failure>
    <system-err><![CDATA[May 15, 2020 11:15:21 AM G2.Project.Base.TestBase checkStatusLine
INFO: ***** Check Status Line *****
May 15, 2020 11:15:21 AM G2.Project.Base.TestBase checkStatusLine
INFO: Status Line = HTTP/1.1 500 
]]></system-err>
  </testcase>
  <testcase name="checkHeader" classname="G2.Project.Test.TS12.TC_TopUpBalance_03" time="0.003"/>
  <testcase name="checkResponseBody" classname="G2.Project.Test.TS12.TC_TopUpBalance_03" time="0.002"/>
  <testcase name="checkResponseTime" classname="G2.Project.Test.TS12.TC_TopUpBalance_03" time="0.003">
    <failure message="expected [true] but found [false]" type="java.lang.AssertionError">java.lang.AssertionError: expected [true] but found [false]
	at G2.Project.Test.TS12.TC_TopUpBalance_03.checkResponseTime(TC_TopUpBalance_03.java:51)
</failure>
    <system-err><![CDATA[May 15, 2020 11:15:23 AM G2.Project.Base.TestBase checkResponseTime
INFO: ***** Check Response Time *****
May 15, 2020 11:15:23 AM G2.Project.Base.TestBase checkResponseTime
INFO: Response Time = 1245
]]></system-err>
  </testcase>
  <testcase name="checkStatusCode" classname="G2.Project.Test.TS12.TC_TopUpBalance_03" time="0.002">
    <failure message="expected [400] but found [500]" type="java.lang.AssertionError">java.lang.AssertionError: expected [400] but found [500]
	at G2.Project.Test.TS12.TC_TopUpBalance_03.checkStatusCode(TC_TopUpBalance_03.java:41)
</failure>
    <system-err><![CDATA[May 15, 2020 11:15:23 AM G2.Project.Base.TestBase checkStatusCode
INFO: ***** Check Status Code *****
May 15, 2020 11:15:23 AM G2.Project.Base.TestBase checkStatusCode
INFO: Status Code = 500
]]></system-err>
  </testcase>
  <testcase name="checkStatusLine" classname="G2.Project.Test.TS12.TC_TopUpBalance_03" time="0.002">
    <failure message="expected [HTTP/1.1 400 ] but found [HTTP/1.1 500 ]" type="java.lang.AssertionError">java.lang.AssertionError: expected [HTTP/1.1 400 ] but found [HTTP/1.1 500 ]
	at G2.Project.Test.TS12.TC_TopUpBalance_03.checkStatusLine(TC_TopUpBalance_03.java:46)
</failure>
    <system-err><![CDATA[May 15, 2020 11:15:23 AM G2.Project.Base.TestBase checkStatusLine
INFO: ***** Check Status Line *****
May 15, 2020 11:15:23 AM G2.Project.Base.TestBase checkStatusLine
INFO: Status Line = HTTP/1.1 500 
]]></system-err>
  </testcase>
  <testcase name="checkHeader" classname="G2.Project.Test.TS12.TC_TopUpBalance_04" time="0.003"/>
  <testcase name="checkResponseBody" classname="G2.Project.Test.TS12.TC_TopUpBalance_04" time="0.002"/>
  <testcase name="checkResponseTime" classname="G2.Project.Test.TS12.TC_TopUpBalance_04" time="0.003">
    <failure message="expected [true] but found [false]" type="java.lang.AssertionError">java.lang.AssertionError: expected [true] but found [false]
	at G2.Project.Test.TS12.TC_TopUpBalance_04.checkResponseTime(TC_TopUpBalance_04.java:51)
</failure>
    <system-err><![CDATA[May 15, 2020 11:15:24 AM G2.Project.Base.TestBase checkResponseTime
INFO: ***** Check Response Time *****
May 15, 2020 11:15:24 AM G2.Project.Base.TestBase checkResponseTime
INFO: Response Time = 1288
]]></system-err>
  </testcase>
  <testcase name="checkStatusCode" classname="G2.Project.Test.TS12.TC_TopUpBalance_04" time="0.002">
    <failure message="expected [400] but found [500]" type="java.lang.AssertionError">java.lang.AssertionError: expected [400] but found [500]
	at G2.Project.Test.TS12.TC_TopUpBalance_04.checkStatusCode(TC_TopUpBalance_04.java:41)
</failure>
    <system-err><![CDATA[May 15, 2020 11:15:24 AM G2.Project.Base.TestBase checkStatusCode
INFO: ***** Check Status Code *****
May 15, 2020 11:15:24 AM G2.Project.Base.TestBase checkStatusCode
INFO: Status Code = 500
]]></system-err>
  </testcase>
  <testcase name="checkStatusLine" classname="G2.Project.Test.TS12.TC_TopUpBalance_04" time="0.002">
    <failure message="expected [HTTP/1.1 400 ] but found [HTTP/1.1 500 ]" type="java.lang.AssertionError">java.lang.AssertionError: expected [HTTP/1.1 400 ] but found [HTTP/1.1 500 ]
	at G2.Project.Test.TS12.TC_TopUpBalance_04.checkStatusLine(TC_TopUpBalance_04.java:46)
</failure>
    <system-err><![CDATA[May 15, 2020 11:15:24 AM G2.Project.Base.TestBase checkStatusLine
INFO: ***** Check Status Line *****
May 15, 2020 11:15:24 AM G2.Project.Base.TestBase checkStatusLine
INFO: Status Line = HTTP/1.1 500 
]]></system-err>
  </testcase>
  <testcase name="checkHeader" classname="G2.Project.Test.TS12.TC_TopUpBalance_05" time="0.003">
    <failure message="expected [application/json] but found [text/plain]" type="java.lang.AssertionError">java.lang.AssertionError: expected [application/json] but found [text/plain]
	at G2.Project.Test.TS12.TC_TopUpBalance_05.checkHeader(TC_TopUpBalance_05.java:56)
</failure>
    <system-err><![CDATA[May 15, 2020 11:15:25 AM G2.Project.Base.TestBase checkContentType
INFO: ***** Check Content Type *****
]]></system-err>
  </testcase>
  <testcase name="checkResponseBody" classname="G2.Project.Test.TS12.TC_TopUpBalance_05" time="0.002"/>
  <testcase name="checkResponseTime" classname="G2.Project.Test.TS12.TC_TopUpBalance_05" time="0.002"/>
  <testcase name="checkStatusCode" classname="G2.Project.Test.TS12.TC_TopUpBalance_05" time="0.002">
    <failure message="expected [400] but found [404]" type="java.lang.AssertionError">java.lang.AssertionError: expected [400] but found [404]
	at G2.Project.Test.TS12.TC_TopUpBalance_05.checkStatusCode(TC_TopUpBalance_05.java:41)
</failure>
    <system-err><![CDATA[May 15, 2020 11:15:25 AM G2.Project.Base.TestBase checkStatusCode
INFO: ***** Check Status Code *****
May 15, 2020 11:15:25 AM G2.Project.Base.TestBase checkStatusCode
INFO: Status Code = 404
]]></system-err>
  </testcase>
  <testcase name="checkStatusLine" classname="G2.Project.Test.TS12.TC_TopUpBalance_05" time="0.002">
    <failure message="expected [HTTP/1.1 400 ] but found [HTTP/1.1 404 Not Found]" type="java.lang.AssertionError">java.lang.AssertionError: expected [HTTP/1.1 400 ] but found [HTTP/1.1 404 Not Found]
	at G2.Project.Test.TS12.TC_TopUpBalance_05.checkStatusLine(TC_TopUpBalance_05.java:46)
</failure>
    <system-err><![CDATA[May 15, 2020 11:15:25 AM G2.Project.Base.TestBase checkStatusLine
INFO: ***** Check Status Line *****
May 15, 2020 11:15:25 AM G2.Project.Base.TestBase checkStatusLine
INFO: Status Line = HTTP/1.1 404 Not Found
]]></system-err>
  </testcase>
  <testcase name="checkDataBody" classname="G2.Project.Test.TS12.TC_TopUpBalance_01" time="0.202"/>
  <testcase name="checkHeader" classname="G2.Project.Test.TS12.TC_TopUpBalance_01" time="0"/>
  <testcase name="checkResponseBody" classname="G2.Project.Test.TS12.TC_TopUpBalance_01" time="0.001"/>
  <testcase name="checkResponseTime" classname="G2.Project.Test.TS12.TC_TopUpBalance_01" time="0.001"/>
  <testcase name="checkStatusCode" classname="G2.Project.Test.TS12.TC_TopUpBalance_01" time="0.001"/>
  <testcase name="checkStatusLine" classname="G2.Project.Test.TS12.TC_TopUpBalance_01" time="0.002"/>
</testsuite>