<?xml version="1.0" encoding="UTF-8"?>
<testng-results ignored="0" total="2" passed="2" failed="0" skipped="0">
  <reporter-output>
  </reporter-output>
  <suite started-at="2020-05-13T08:08:34Z" name="EmployeeSuite" finished-at="2020-05-13T08:08:35Z" duration-ms="372">
    <groups>
    </groups>
    <test started-at="2020-05-13T08:08:34Z" name="EmployeeTest" finished-at="2020-05-13T08:08:34Z" duration-ms="164">
      <class name="G2.Project.Test.Value">
        <test-method is-config="true" signature="setup()[pri:0, instance:G2.Project.Test.Value@2698dc7]" started-at="2020-05-13T08:08:34Z" name="setup" finished-at="2020-05-13T08:08:34Z" duration-ms="22" status="PASS">
          <reporter-output>
          </reporter-output>
        </test-method> <!-- setup -->
        <test-method signature="TestVale()[pri:0, instance:G2.Project.Test.Value@2698dc7]" started-at="2020-05-13T08:08:34Z" name="TestVale" finished-at="2020-05-13T08:08:34Z" duration-ms="10" status="PASS">
          <reporter-output>
          </reporter-output>
        </test-method> <!-- TestVale -->
      </class> <!-- G2.Project.Test.Value -->
    </test> <!-- EmployeeTest -->
    <test started-at="2020-05-13T08:08:35Z" name="DifferentTest" finished-at="2020-05-13T08:08:35Z" duration-ms="3">
      <class name="G2.Project.Test.Value">
        <test-method is-config="true" signature="setup()[pri:0, instance:G2.Project.Test.Value@40f08448]" started-at="2020-05-13T08:08:35Z" name="setup" finished-at="2020-05-13T08:08:35Z" duration-ms="1" status="PASS">
          <reporter-output>
          </reporter-output>
        </test-method> <!-- setup -->
        <test-method signature="TestVale()[pri:0, instance:G2.Project.Test.Value@40f08448]" started-at="2020-05-13T08:08:35Z" name="TestVale" finished-at="2020-05-13T08:08:35Z" duration-ms="1" status="PASS">
          <reporter-output>
          </reporter-output>
        </test-method> <!-- TestVale -->
      </class> <!-- G2.Project.Test.Value -->
    </test> <!-- DifferentTest -->
  </suite> <!-- EmployeeSuite -->
</testng-results>
