-------------------------------------------------------------------------------
Test set: TestSuite
-------------------------------------------------------------------------------
Tests run: 159, Failures: 1, Errors: 0, Skipped: 0, Time elapsed: 46.199 s <<< FAILURE! - in TestSuite
checkResponseTime(G2.Project.Test.TS02.TC_Login_01)  Time elapsed: 0.008 s  <<< FAILURE!
java.lang.AssertionError: expected [true] but found [false]
	at G2.Project.Test.TS02.TC_Login_01.checkResponseTime(TC_Login_01.java:75)

