<?xml version="1.0" encoding="UTF-8"?>
<testng-results ignored="0" total="110" passed="108" failed="2" skipped="0">
  <reporter-output>
  </reporter-output>
  <suite started-at="2020-05-17T14:02:19Z" name="Verify Sign Up Functionality" finished-at="2020-05-17T14:02:34Z" duration-ms="14616">
    <groups>
    </groups>
    <test started-at="2020-05-17T14:02:19Z" name="SignUpResponseTest" finished-at="2020-05-17T14:02:34Z" duration-ms="14616">
      <class name="G2.Project.Test.TS01.TC_Signup_18">
        <test-method is-config="true" signature="setup()[pri:0, instance:G2.Project.Test.TS01.TC_Signup_18@80ec1f8]" started-at="2020-05-17T14:02:30Z" name="setup" finished-at="2020-05-17T14:02:30Z" duration-ms="2" status="PASS">
          <reporter-output>
          </reporter-output>
        </test-method> <!-- setup -->
        <test-method is-config="true" signature="SettingUp(java.lang.String, java.lang.String, java.lang.String, java.lang.String)[pri:0, instance:G2.Project.Test.TS01.TC_Signup_18@80ec1f8]" started-at="2020-05-17T14:02:30Z" name="SettingUp" finished-at="2020-05-17T14:02:31Z" duration-ms="598" status="PASS">
          <params>
            <param index="0">
              <value>
                <![CDATA[Backend]]>
              </value>
            </param>
            <param index="1">
              <value>
                <![CDATA[6281905218958]]>
              </value>
            </param>
            <param index="2">
              <value>
                <![CDATA[sdetbe.team1@gmail.com]]>
              </value>
            </param>
            <param index="3">
              <value>
                <![CDATA[e-Walet@01]]>
              </value>
            </param>
          </params>
          <reporter-output>
          </reporter-output>
        </test-method> <!-- SettingUp -->
        <test-method signature="checkHeader()[pri:0, instance:G2.Project.Test.TS01.TC_Signup_18@80ec1f8]" started-at="2020-05-17T14:02:31Z" name="checkHeader" finished-at="2020-05-17T14:02:31Z" duration-ms="2" status="PASS">
          <reporter-output>
          </reporter-output>
        </test-method> <!-- checkHeader -->
        <test-method signature="checkResponseBody()[pri:0, instance:G2.Project.Test.TS01.TC_Signup_18@80ec1f8]" started-at="2020-05-17T14:02:31Z" name="checkResponseBody" finished-at="2020-05-17T14:02:31Z" duration-ms="1" status="PASS">
          <reporter-output>
          </reporter-output>
        </test-method> <!-- checkResponseBody -->
        <test-method signature="checkResponseTime()[pri:0, instance:G2.Project.Test.TS01.TC_Signup_18@80ec1f8]" started-at="2020-05-17T14:02:31Z" name="checkResponseTime" finished-at="2020-05-17T14:02:31Z" duration-ms="1" status="PASS">
          <reporter-output>
          </reporter-output>
        </test-method> <!-- checkResponseTime -->
        <test-method signature="checkStatusCode()[pri:0, instance:G2.Project.Test.TS01.TC_Signup_18@80ec1f8]" started-at="2020-05-17T14:02:31Z" name="checkStatusCode" finished-at="2020-05-17T14:02:31Z" duration-ms="2" status="PASS">
          <reporter-output>
          </reporter-output>
        </test-method> <!-- checkStatusCode -->
        <test-method signature="checkStatusLine()[pri:0, instance:G2.Project.Test.TS01.TC_Signup_18@80ec1f8]" started-at="2020-05-17T14:02:31Z" name="checkStatusLine" finished-at="2020-05-17T14:02:31Z" duration-ms="2" status="PASS">
          <reporter-output>
          </reporter-output>
        </test-method> <!-- checkStatusLine -->
      </class> <!-- G2.Project.Test.TS01.TC_Signup_18 -->
      <class name="G2.Project.Test.TS01.TC_Signup_07">
        <test-method is-config="true" signature="setup()[pri:0, instance:G2.Project.Test.TS01.TC_Signup_07@23bb8443]" started-at="2020-05-17T14:02:23Z" name="setup" finished-at="2020-05-17T14:02:23Z" duration-ms="5" status="PASS">
          <reporter-output>
          </reporter-output>
        </test-method> <!-- setup -->
        <test-method is-config="true" signature="SettingUp(java.lang.String, java.lang.String, java.lang.String, java.lang.String, java.lang.String)[pri:0, instance:G2.Project.Test.TS01.TC_Signup_07@23bb8443]" started-at="2020-05-17T14:02:23Z" name="SettingUp" finished-at="2020-05-17T14:02:24Z" duration-ms="641" status="PASS">
          <params>
            <param index="0">
              <value>
                <![CDATA[Backend]]>
              </value>
            </param>
            <param index="1">
              <value>
                <![CDATA[Tester]]>
              </value>
            </param>
            <param index="2">
              <value>
                <![CDATA[6281325]]>
              </value>
            </param>
            <param index="3">
              <value>
                <![CDATA[saya01]]>
              </value>
            </param>
            <param index="4">
              <value>
                <![CDATA[e-Walet@01]]>
              </value>
            </param>
          </params>
          <reporter-output>
          </reporter-output>
        </test-method> <!-- SettingUp -->
        <test-method signature="checkHeader()[pri:0, instance:G2.Project.Test.TS01.TC_Signup_07@23bb8443]" started-at="2020-05-17T14:02:24Z" name="checkHeader" finished-at="2020-05-17T14:02:24Z" duration-ms="2" status="PASS">
          <reporter-output>
          </reporter-output>
        </test-method> <!-- checkHeader -->
        <test-method signature="checkResponseBody()[pri:0, instance:G2.Project.Test.TS01.TC_Signup_07@23bb8443]" started-at="2020-05-17T14:02:24Z" name="checkResponseBody" finished-at="2020-05-17T14:02:24Z" duration-ms="2" status="PASS">
          <reporter-output>
          </reporter-output>
        </test-method> <!-- checkResponseBody -->
        <test-method signature="checkResponseTime()[pri:0, instance:G2.Project.Test.TS01.TC_Signup_07@23bb8443]" started-at="2020-05-17T14:02:24Z" name="checkResponseTime" finished-at="2020-05-17T14:02:24Z" duration-ms="2" status="PASS">
          <reporter-output>
          </reporter-output>
        </test-method> <!-- checkResponseTime -->
        <test-method signature="checkStatusCode()[pri:0, instance:G2.Project.Test.TS01.TC_Signup_07@23bb8443]" started-at="2020-05-17T14:02:24Z" name="checkStatusCode" finished-at="2020-05-17T14:02:24Z" duration-ms="2" status="PASS">
          <reporter-output>
          </reporter-output>
        </test-method> <!-- checkStatusCode -->
        <test-method signature="checkStatusLine()[pri:0, instance:G2.Project.Test.TS01.TC_Signup_07@23bb8443]" started-at="2020-05-17T14:02:24Z" name="checkStatusLine" finished-at="2020-05-17T14:02:24Z" duration-ms="2" status="PASS">
          <reporter-output>
          </reporter-output>
        </test-method> <!-- checkStatusLine -->
      </class> <!-- G2.Project.Test.TS01.TC_Signup_07 -->
      <class name="G2.Project.Test.TS01.TC_Signup_08">
        <test-method is-config="true" signature="setup()[pri:0, instance:G2.Project.Test.TS01.TC_Signup_08@1176dcec]" started-at="2020-05-17T14:02:24Z" name="setup" finished-at="2020-05-17T14:02:24Z" duration-ms="6" status="PASS">
          <reporter-output>
          </reporter-output>
        </test-method> <!-- setup -->
        <test-method is-config="true" signature="SettingUp(java.lang.String, java.lang.String, java.lang.String, java.lang.String, java.lang.String)[pri:0, instance:G2.Project.Test.TS01.TC_Signup_08@1176dcec]" started-at="2020-05-17T14:02:24Z" name="SettingUp" finished-at="2020-05-17T14:02:25Z" duration-ms="551" status="PASS">
          <params>
            <param index="0">
              <value>
                <![CDATA[Backend]]>
              </value>
            </param>
            <param index="1">
              <value>
                <![CDATA[Tester]]>
              </value>
            </param>
            <param index="2">
              <value>
                <![CDATA[6281325]]>
              </value>
            </param>
            <param index="3">
              <value>
                <![CDATA[saya01]]>
              </value>
            </param>
            <param index="4">
              <value>
                <![CDATA[true]]>
              </value>
            </param>
          </params>
          <reporter-output>
          </reporter-output>
        </test-method> <!-- SettingUp -->
        <test-method signature="checkHeader()[pri:0, instance:G2.Project.Test.TS01.TC_Signup_08@1176dcec]" started-at="2020-05-17T14:02:25Z" name="checkHeader" finished-at="2020-05-17T14:02:25Z" duration-ms="2" status="PASS">
          <reporter-output>
          </reporter-output>
        </test-method> <!-- checkHeader -->
        <test-method signature="checkResponseBody()[pri:0, instance:G2.Project.Test.TS01.TC_Signup_08@1176dcec]" started-at="2020-05-17T14:02:25Z" name="checkResponseBody" finished-at="2020-05-17T14:02:25Z" duration-ms="1" status="PASS">
          <reporter-output>
          </reporter-output>
        </test-method> <!-- checkResponseBody -->
        <test-method signature="checkResponseTime()[pri:0, instance:G2.Project.Test.TS01.TC_Signup_08@1176dcec]" started-at="2020-05-17T14:02:25Z" name="checkResponseTime" finished-at="2020-05-17T14:02:25Z" duration-ms="2" status="PASS">
          <reporter-output>
          </reporter-output>
        </test-method> <!-- checkResponseTime -->
        <test-method signature="checkStatusCode()[pri:0, instance:G2.Project.Test.TS01.TC_Signup_08@1176dcec]" started-at="2020-05-17T14:02:25Z" name="checkStatusCode" finished-at="2020-05-17T14:02:25Z" duration-ms="2" status="PASS">
          <reporter-output>
          </reporter-output>
        </test-method> <!-- checkStatusCode -->
        <test-method signature="checkStatusLine()[pri:0, instance:G2.Project.Test.TS01.TC_Signup_08@1176dcec]" started-at="2020-05-17T14:02:25Z" name="checkStatusLine" finished-at="2020-05-17T14:02:25Z" duration-ms="1" status="PASS">
          <reporter-output>
          </reporter-output>
        </test-method> <!-- checkStatusLine -->
      </class> <!-- G2.Project.Test.TS01.TC_Signup_08 -->
      <class name="G2.Project.Test.TS01.TC_Signup_19">
        <test-method is-config="true" signature="setup()[pri:0, instance:G2.Project.Test.TS01.TC_Signup_19@1445d7f]" started-at="2020-05-17T14:02:31Z" name="setup" finished-at="2020-05-17T14:02:31Z" duration-ms="4" status="PASS">
          <reporter-output>
          </reporter-output>
        </test-method> <!-- setup -->
        <test-method is-config="true" signature="SettingUp(java.lang.String, java.lang.String, java.lang.String, java.lang.String)[pri:0, instance:G2.Project.Test.TS01.TC_Signup_19@1445d7f]" started-at="2020-05-17T14:02:31Z" name="SettingUp" finished-at="2020-05-17T14:02:31Z" duration-ms="529" status="PASS">
          <params>
            <param index="0">
              <value>
                <![CDATA[Backend]]>
              </value>
            </param>
            <param index="1">
              <value>
                <![CDATA[Tester]]>
              </value>
            </param>
            <param index="2">
              <value>
                <![CDATA[sdetbe.team1@gmail.com]]>
              </value>
            </param>
            <param index="3">
              <value>
                <![CDATA[e-Walet@01]]>
              </value>
            </param>
          </params>
          <reporter-output>
          </reporter-output>
        </test-method> <!-- SettingUp -->
        <test-method signature="checkHeader()[pri:0, instance:G2.Project.Test.TS01.TC_Signup_19@1445d7f]" started-at="2020-05-17T14:02:31Z" name="checkHeader" finished-at="2020-05-17T14:02:31Z" duration-ms="3" status="PASS">
          <reporter-output>
          </reporter-output>
        </test-method> <!-- checkHeader -->
        <test-method signature="checkResponseBody()[pri:0, instance:G2.Project.Test.TS01.TC_Signup_19@1445d7f]" started-at="2020-05-17T14:02:31Z" name="checkResponseBody" finished-at="2020-05-17T14:02:31Z" duration-ms="1" status="PASS">
          <reporter-output>
          </reporter-output>
        </test-method> <!-- checkResponseBody -->
        <test-method signature="checkResponseTime()[pri:0, instance:G2.Project.Test.TS01.TC_Signup_19@1445d7f]" started-at="2020-05-17T14:02:31Z" name="checkResponseTime" finished-at="2020-05-17T14:02:31Z" duration-ms="1" status="PASS">
          <reporter-output>
          </reporter-output>
        </test-method> <!-- checkResponseTime -->
        <test-method signature="checkStatusCode()[pri:0, instance:G2.Project.Test.TS01.TC_Signup_19@1445d7f]" started-at="2020-05-17T14:02:31Z" name="checkStatusCode" finished-at="2020-05-17T14:02:31Z" duration-ms="1" status="PASS">
          <reporter-output>
          </reporter-output>
        </test-method> <!-- checkStatusCode -->
        <test-method signature="checkStatusLine()[pri:0, instance:G2.Project.Test.TS01.TC_Signup_19@1445d7f]" started-at="2020-05-17T14:02:31Z" name="checkStatusLine" finished-at="2020-05-17T14:02:31Z" duration-ms="1" status="PASS">
          <reporter-output>
          </reporter-output>
        </test-method> <!-- checkStatusLine -->
      </class> <!-- G2.Project.Test.TS01.TC_Signup_19 -->
      <class name="G2.Project.Test.TS01.TC_Signup_09">
        <test-method is-config="true" signature="setup()[pri:0, instance:G2.Project.Test.TS01.TC_Signup_09@120d6fe6]" started-at="2020-05-17T14:02:25Z" name="setup" finished-at="2020-05-17T14:02:25Z" duration-ms="5" status="PASS">
          <reporter-output>
          </reporter-output>
        </test-method> <!-- setup -->
        <test-method is-config="true" signature="SettingUp(java.lang.String, java.lang.String, java.lang.String, java.lang.String, java.lang.String)[pri:0, instance:G2.Project.Test.TS01.TC_Signup_09@120d6fe6]" started-at="2020-05-17T14:02:25Z" name="SettingUp" finished-at="2020-05-17T14:02:25Z" duration-ms="622" status="PASS">
          <params>
            <param index="0">
              <value>
                <![CDATA[Backend]]>
              </value>
            </param>
            <param index="1">
              <value>
                <![CDATA[Tester]]>
              </value>
            </param>
            <param index="2">
              <value>
                <![CDATA[6281string]]>
              </value>
            </param>
            <param index="3">
              <value>
                <![CDATA[sdetbe.team1@gmail.com]]>
              </value>
            </param>
            <param index="4">
              <value>
                <![CDATA[e-Walet@01]]>
              </value>
            </param>
          </params>
          <reporter-output>
          </reporter-output>
        </test-method> <!-- SettingUp -->
        <test-method signature="checkHeader()[pri:0, instance:G2.Project.Test.TS01.TC_Signup_09@120d6fe6]" started-at="2020-05-17T14:02:25Z" name="checkHeader" finished-at="2020-05-17T14:02:25Z" duration-ms="2" status="PASS">
          <reporter-output>
          </reporter-output>
        </test-method> <!-- checkHeader -->
        <test-method signature="checkResponseBody()[pri:0, instance:G2.Project.Test.TS01.TC_Signup_09@120d6fe6]" started-at="2020-05-17T14:02:25Z" name="checkResponseBody" finished-at="2020-05-17T14:02:25Z" duration-ms="1" status="PASS">
          <reporter-output>
          </reporter-output>
        </test-method> <!-- checkResponseBody -->
        <test-method signature="checkResponseTime()[pri:0, instance:G2.Project.Test.TS01.TC_Signup_09@120d6fe6]" started-at="2020-05-17T14:02:25Z" name="checkResponseTime" finished-at="2020-05-17T14:02:25Z" duration-ms="2" status="PASS">
          <reporter-output>
          </reporter-output>
        </test-method> <!-- checkResponseTime -->
        <test-method signature="checkStatusCode()[pri:0, instance:G2.Project.Test.TS01.TC_Signup_09@120d6fe6]" started-at="2020-05-17T14:02:25Z" name="checkStatusCode" finished-at="2020-05-17T14:02:25Z" duration-ms="1" status="PASS">
          <reporter-output>
          </reporter-output>
        </test-method> <!-- checkStatusCode -->
        <test-method signature="checkStatusLine()[pri:0, instance:G2.Project.Test.TS01.TC_Signup_09@120d6fe6]" started-at="2020-05-17T14:02:25Z" name="checkStatusLine" finished-at="2020-05-17T14:02:25Z" duration-ms="2" status="PASS">
          <reporter-output>
          </reporter-output>
        </test-method> <!-- checkStatusLine -->
      </class> <!-- G2.Project.Test.TS01.TC_Signup_09 -->
      <class name="G2.Project.Test.TS01.TC_Signup_03">
        <test-method is-config="true" signature="setup()[pri:0, instance:G2.Project.Test.TS01.TC_Signup_03@1dd02175]" started-at="2020-05-17T14:02:21Z" name="setup" finished-at="2020-05-17T14:02:21Z" duration-ms="4" status="PASS">
          <reporter-output>
          </reporter-output>
        </test-method> <!-- setup -->
        <test-method is-config="true" signature="SettingUp(java.lang.String, java.lang.String, java.lang.String, java.lang.String, java.lang.String)[pri:0, instance:G2.Project.Test.TS01.TC_Signup_03@1dd02175]" started-at="2020-05-17T14:02:21Z" name="SettingUp" finished-at="2020-05-17T14:02:21Z" duration-ms="649" status="PASS">
          <params>
            <param index="0">
              <value>
                <![CDATA[Backend]]>
              </value>
            </param>
            <param index="1">
              <value>
                <![CDATA[Tester]]>
              </value>
            </param>
            <param index="2">
              <value>
                <![CDATA[6281905218958]]>
              </value>
            </param>
            <param index="3">
              <value>
                <![CDATA[saya01]]>
              </value>
            </param>
            <param index="4">
              <value>
                <![CDATA[e-Walet@01]]>
              </value>
            </param>
          </params>
          <reporter-output>
          </reporter-output>
        </test-method> <!-- SettingUp -->
        <test-method signature="checkHeader()[pri:0, instance:G2.Project.Test.TS01.TC_Signup_03@1dd02175]" started-at="2020-05-17T14:02:21Z" name="checkHeader" finished-at="2020-05-17T14:02:21Z" duration-ms="1" status="PASS">
          <reporter-output>
          </reporter-output>
        </test-method> <!-- checkHeader -->
        <test-method signature="checkResponseBody()[pri:0, instance:G2.Project.Test.TS01.TC_Signup_03@1dd02175]" started-at="2020-05-17T14:02:21Z" name="checkResponseBody" finished-at="2020-05-17T14:02:21Z" duration-ms="1" status="PASS">
          <reporter-output>
          </reporter-output>
        </test-method> <!-- checkResponseBody -->
        <test-method signature="checkResponseTime()[pri:0, instance:G2.Project.Test.TS01.TC_Signup_03@1dd02175]" started-at="2020-05-17T14:02:21Z" name="checkResponseTime" finished-at="2020-05-17T14:02:21Z" duration-ms="3" status="PASS">
          <reporter-output>
          </reporter-output>
        </test-method> <!-- checkResponseTime -->
        <test-method signature="checkStatusCode()[pri:0, instance:G2.Project.Test.TS01.TC_Signup_03@1dd02175]" started-at="2020-05-17T14:02:21Z" name="checkStatusCode" finished-at="2020-05-17T14:02:21Z" duration-ms="2" status="PASS">
          <reporter-output>
          </reporter-output>
        </test-method> <!-- checkStatusCode -->
        <test-method signature="checkStatusLine()[pri:0, instance:G2.Project.Test.TS01.TC_Signup_03@1dd02175]" started-at="2020-05-17T14:02:21Z" name="checkStatusLine" finished-at="2020-05-17T14:02:21Z" duration-ms="2" status="PASS">
          <reporter-output>
          </reporter-output>
        </test-method> <!-- checkStatusLine -->
      </class> <!-- G2.Project.Test.TS01.TC_Signup_03 -->
      <class name="G2.Project.Test.TS01.TC_Signup_14">
        <test-method is-config="true" signature="setup()[pri:0, instance:G2.Project.Test.TS01.TC_Signup_14@37574691]" started-at="2020-05-17T14:02:28Z" name="setup" finished-at="2020-05-17T14:02:28Z" duration-ms="1" status="PASS">
          <reporter-output>
          </reporter-output>
        </test-method> <!-- setup -->
        <test-method is-config="true" signature="SettingUp(java.lang.String, java.lang.String, java.lang.String, java.lang.String, java.lang.String)[pri:0, instance:G2.Project.Test.TS01.TC_Signup_14@37574691]" started-at="2020-05-17T14:02:28Z" name="SettingUp" finished-at="2020-05-17T14:02:28Z" duration-ms="550" status="PASS">
          <params>
            <param index="0">
              <value>
                <![CDATA[Backend]]>
              </value>
            </param>
            <param index="1">
              <value>
                <![CDATA[Tester]]>
              </value>
            </param>
            <param index="2">
              <value>
                <![CDATA[6281905218958]]>
              </value>
            </param>
            <param index="3">
              <value>
                <![CDATA[yuda.dea.k@gmail.com]]>
              </value>
            </param>
            <param index="4">
              <value>
                <![CDATA[e-Walet@01]]>
              </value>
            </param>
          </params>
          <reporter-output>
          </reporter-output>
        </test-method> <!-- SettingUp -->
        <test-method signature="checkHeader()[pri:0, instance:G2.Project.Test.TS01.TC_Signup_14@37574691]" started-at="2020-05-17T14:02:28Z" name="checkHeader" finished-at="2020-05-17T14:02:28Z" duration-ms="3" status="PASS">
          <reporter-output>
          </reporter-output>
        </test-method> <!-- checkHeader -->
        <test-method signature="checkResponseBody()[pri:0, instance:G2.Project.Test.TS01.TC_Signup_14@37574691]" started-at="2020-05-17T14:02:28Z" name="checkResponseBody" finished-at="2020-05-17T14:02:28Z" duration-ms="1" status="PASS">
          <reporter-output>
          </reporter-output>
        </test-method> <!-- checkResponseBody -->
        <test-method signature="checkResponseTime()[pri:0, instance:G2.Project.Test.TS01.TC_Signup_14@37574691]" started-at="2020-05-17T14:02:28Z" name="checkResponseTime" finished-at="2020-05-17T14:02:28Z" duration-ms="2" status="PASS">
          <reporter-output>
          </reporter-output>
        </test-method> <!-- checkResponseTime -->
        <test-method signature="checkStatusCode()[pri:0, instance:G2.Project.Test.TS01.TC_Signup_14@37574691]" started-at="2020-05-17T14:02:28Z" name="checkStatusCode" finished-at="2020-05-17T14:02:28Z" duration-ms="2" status="PASS">
          <reporter-output>
          </reporter-output>
        </test-method> <!-- checkStatusCode -->
        <test-method signature="checkStatusLine()[pri:0, instance:G2.Project.Test.TS01.TC_Signup_14@37574691]" started-at="2020-05-17T14:02:28Z" name="checkStatusLine" finished-at="2020-05-17T14:02:28Z" duration-ms="2" status="PASS">
          <reporter-output>
          </reporter-output>
        </test-method> <!-- checkStatusLine -->
      </class> <!-- G2.Project.Test.TS01.TC_Signup_14 -->
      <class name="G2.Project.Test.TS01.TC_Signup_15">
        <test-method is-config="true" signature="setup()[pri:0, instance:G2.Project.Test.TS01.TC_Signup_15@25359ed8]" started-at="2020-05-17T14:02:28Z" name="setup" finished-at="2020-05-17T14:02:28Z" duration-ms="3" status="PASS">
          <reporter-output>
          </reporter-output>
        </test-method> <!-- setup -->
        <test-method is-config="true" signature="SettingUp(java.lang.String, java.lang.String, java.lang.String, java.lang.String, java.lang.String)[pri:0, instance:G2.Project.Test.TS01.TC_Signup_15@25359ed8]" started-at="2020-05-17T14:02:28Z" name="SettingUp" finished-at="2020-05-17T14:02:29Z" duration-ms="577" status="PASS">
          <params>
            <param index="0">
              <value>
                <![CDATA[Backend]]>
              </value>
            </param>
            <param index="1">
              <value>
                <![CDATA[Tester]]>
              </value>
            </param>
            <param index="2">
              <value>
                <![CDATA[6281325618362]]>
              </value>
            </param>
            <param index="3">
              <value>
                <![CDATA[sdetbe.team1@gmail.com]]>
              </value>
            </param>
            <param index="4">
              <value>
                <![CDATA[e-Walet@01]]>
              </value>
            </param>
          </params>
          <reporter-output>
          </reporter-output>
        </test-method> <!-- SettingUp -->
        <test-method signature="checkHeader()[pri:0, instance:G2.Project.Test.TS01.TC_Signup_15@25359ed8]" started-at="2020-05-17T14:02:29Z" name="checkHeader" finished-at="2020-05-17T14:02:29Z" duration-ms="1" status="PASS">
          <reporter-output>
          </reporter-output>
        </test-method> <!-- checkHeader -->
        <test-method signature="checkResponseBody()[pri:0, instance:G2.Project.Test.TS01.TC_Signup_15@25359ed8]" started-at="2020-05-17T14:02:29Z" name="checkResponseBody" finished-at="2020-05-17T14:02:29Z" duration-ms="1" status="PASS">
          <reporter-output>
          </reporter-output>
        </test-method> <!-- checkResponseBody -->
        <test-method signature="checkResponseTime()[pri:0, instance:G2.Project.Test.TS01.TC_Signup_15@25359ed8]" started-at="2020-05-17T14:02:29Z" name="checkResponseTime" finished-at="2020-05-17T14:02:29Z" duration-ms="4" status="PASS">
          <reporter-output>
          </reporter-output>
        </test-method> <!-- checkResponseTime -->
        <test-method signature="checkStatusCode()[pri:0, instance:G2.Project.Test.TS01.TC_Signup_15@25359ed8]" started-at="2020-05-17T14:02:29Z" name="checkStatusCode" finished-at="2020-05-17T14:02:29Z" duration-ms="2" status="PASS">
          <reporter-output>
          </reporter-output>
        </test-method> <!-- checkStatusCode -->
        <test-method signature="checkStatusLine()[pri:0, instance:G2.Project.Test.TS01.TC_Signup_15@25359ed8]" started-at="2020-05-17T14:02:29Z" name="checkStatusLine" finished-at="2020-05-17T14:02:29Z" duration-ms="1" status="PASS">
          <reporter-output>
          </reporter-output>
        </test-method> <!-- checkStatusLine -->
      </class> <!-- G2.Project.Test.TS01.TC_Signup_15 -->
      <class name="G2.Project.Test.TS01.TC_Signup_04">
        <test-method is-config="true" signature="setup()[pri:0, instance:G2.Project.Test.TS01.TC_Signup_04@31206beb]" started-at="2020-05-17T14:02:21Z" name="setup" finished-at="2020-05-17T14:02:21Z" duration-ms="2" status="PASS">
          <reporter-output>
          </reporter-output>
        </test-method> <!-- setup -->
        <test-method is-config="true" signature="SettingUp(java.lang.String, java.lang.String, java.lang.String, java.lang.String, java.lang.String)[pri:0, instance:G2.Project.Test.TS01.TC_Signup_04@31206beb]" started-at="2020-05-17T14:02:21Z" name="SettingUp" finished-at="2020-05-17T14:02:22Z" duration-ms="598" status="PASS">
          <params>
            <param index="0">
              <value>
                <![CDATA[Backend]]>
              </value>
            </param>
            <param index="1">
              <value>
                <![CDATA[Tester]]>
              </value>
            </param>
            <param index="2">
              <value>
                <![CDATA[6281905218958]]>
              </value>
            </param>
            <param index="3">
              <value>
                <![CDATA[saya01]]>
              </value>
            </param>
            <param index="4">
              <value>
                <![CDATA[true]]>
              </value>
            </param>
          </params>
          <reporter-output>
          </reporter-output>
        </test-method> <!-- SettingUp -->
        <test-method signature="checkHeader()[pri:0, instance:G2.Project.Test.TS01.TC_Signup_04@31206beb]" started-at="2020-05-17T14:02:22Z" name="checkHeader" finished-at="2020-05-17T14:02:22Z" duration-ms="2" status="PASS">
          <reporter-output>
          </reporter-output>
        </test-method> <!-- checkHeader -->
        <test-method signature="checkResponseBody()[pri:0, instance:G2.Project.Test.TS01.TC_Signup_04@31206beb]" started-at="2020-05-17T14:02:22Z" name="checkResponseBody" finished-at="2020-05-17T14:02:22Z" duration-ms="1" status="PASS">
          <reporter-output>
          </reporter-output>
        </test-method> <!-- checkResponseBody -->
        <test-method signature="checkResponseTime()[pri:0, instance:G2.Project.Test.TS01.TC_Signup_04@31206beb]" started-at="2020-05-17T14:02:22Z" name="checkResponseTime" finished-at="2020-05-17T14:02:22Z" duration-ms="2" status="PASS">
          <reporter-output>
          </reporter-output>
        </test-method> <!-- checkResponseTime -->
        <test-method signature="checkStatusCode()[pri:0, instance:G2.Project.Test.TS01.TC_Signup_04@31206beb]" started-at="2020-05-17T14:02:22Z" name="checkStatusCode" finished-at="2020-05-17T14:02:22Z" duration-ms="3" status="PASS">
          <reporter-output>
          </reporter-output>
        </test-method> <!-- checkStatusCode -->
        <test-method signature="checkStatusLine()[pri:0, instance:G2.Project.Test.TS01.TC_Signup_04@31206beb]" started-at="2020-05-17T14:02:22Z" name="checkStatusLine" finished-at="2020-05-17T14:02:22Z" duration-ms="3" status="PASS">
          <reporter-output>
          </reporter-output>
        </test-method> <!-- checkStatusLine -->
      </class> <!-- G2.Project.Test.TS01.TC_Signup_04 -->
      <class name="G2.Project.Test.TS01.TC_Signup_05">
        <test-method is-config="true" signature="setup()[pri:0, instance:G2.Project.Test.TS01.TC_Signup_05@3e77a1ed]" started-at="2020-05-17T14:02:22Z" name="setup" finished-at="2020-05-17T14:02:22Z" duration-ms="3" status="PASS">
          <reporter-output>
          </reporter-output>
        </test-method> <!-- setup -->
        <test-method is-config="true" signature="SettingUp(java.lang.String, java.lang.String, java.lang.String, java.lang.String, java.lang.String)[pri:0, instance:G2.Project.Test.TS01.TC_Signup_05@3e77a1ed]" started-at="2020-05-17T14:02:22Z" name="SettingUp" finished-at="2020-05-17T14:02:23Z" duration-ms="587" status="PASS">
          <params>
            <param index="0">
              <value>
                <![CDATA[Backend]]>
              </value>
            </param>
            <param index="1">
              <value>
                <![CDATA[Tester]]>
              </value>
            </param>
            <param index="2">
              <value>
                <![CDATA[6281325]]>
              </value>
            </param>
            <param index="3">
              <value>
                <![CDATA[sdetbe.team1@gmail.com]]>
              </value>
            </param>
            <param index="4">
              <value>
                <![CDATA[e-Walet@01]]>
              </value>
            </param>
          </params>
          <reporter-output>
          </reporter-output>
        </test-method> <!-- SettingUp -->
        <test-method signature="checkHeader()[pri:0, instance:G2.Project.Test.TS01.TC_Signup_05@3e77a1ed]" started-at="2020-05-17T14:02:23Z" name="checkHeader" finished-at="2020-05-17T14:02:23Z" duration-ms="2" status="PASS">
          <reporter-output>
          </reporter-output>
        </test-method> <!-- checkHeader -->
        <test-method signature="checkResponseBody()[pri:0, instance:G2.Project.Test.TS01.TC_Signup_05@3e77a1ed]" started-at="2020-05-17T14:02:23Z" name="checkResponseBody" finished-at="2020-05-17T14:02:23Z" duration-ms="2" status="PASS">
          <reporter-output>
          </reporter-output>
        </test-method> <!-- checkResponseBody -->
        <test-method signature="checkResponseTime()[pri:0, instance:G2.Project.Test.TS01.TC_Signup_05@3e77a1ed]" started-at="2020-05-17T14:02:23Z" name="checkResponseTime" finished-at="2020-05-17T14:02:23Z" duration-ms="3" status="PASS">
          <reporter-output>
          </reporter-output>
        </test-method> <!-- checkResponseTime -->
        <test-method signature="checkStatusCode()[pri:0, instance:G2.Project.Test.TS01.TC_Signup_05@3e77a1ed]" started-at="2020-05-17T14:02:23Z" name="checkStatusCode" finished-at="2020-05-17T14:02:23Z" duration-ms="2" status="PASS">
          <reporter-output>
          </reporter-output>
        </test-method> <!-- checkStatusCode -->
        <test-method signature="checkStatusLine()[pri:0, instance:G2.Project.Test.TS01.TC_Signup_05@3e77a1ed]" started-at="2020-05-17T14:02:23Z" name="checkStatusLine" finished-at="2020-05-17T14:02:23Z" duration-ms="1" status="PASS">
          <reporter-output>
          </reporter-output>
        </test-method> <!-- checkStatusLine -->
      </class> <!-- G2.Project.Test.TS01.TC_Signup_05 -->
      <class name="G2.Project.Test.TS01.TC_Signup_16">
        <test-method is-config="true" signature="setup()[pri:0, instance:G2.Project.Test.TS01.TC_Signup_16@21a947fe]" started-at="2020-05-17T14:02:29Z" name="setup" finished-at="2020-05-17T14:02:29Z" duration-ms="3" status="PASS">
          <reporter-output>
          </reporter-output>
        </test-method> <!-- setup -->
        <test-method is-config="true" signature="SettingUp(java.lang.String, java.lang.String, java.lang.String, java.lang.String)[pri:0, instance:G2.Project.Test.TS01.TC_Signup_16@21a947fe]" started-at="2020-05-17T14:02:29Z" name="SettingUp" finished-at="2020-05-17T14:02:29Z" duration-ms="649" status="PASS">
          <params>
            <param index="0">
              <value>
                <![CDATA[Yudarealmvpjelassekaliyatoya]]>
              </value>
            </param>
            <param index="1">
              <value>
                <![CDATA[6281905218958]]>
              </value>
            </param>
            <param index="2">
              <value>
                <![CDATA[sdetbe.team1@gmail.com]]>
              </value>
            </param>
            <param index="3">
              <value>
                <![CDATA[e-Walet@01]]>
              </value>
            </param>
          </params>
          <reporter-output>
          </reporter-output>
        </test-method> <!-- SettingUp -->
        <test-method signature="checkHeader()[pri:0, instance:G2.Project.Test.TS01.TC_Signup_16@21a947fe]" started-at="2020-05-17T14:02:29Z" name="checkHeader" finished-at="2020-05-17T14:02:29Z" duration-ms="2" status="PASS">
          <reporter-output>
          </reporter-output>
        </test-method> <!-- checkHeader -->
        <test-method signature="checkResponseBody()[pri:0, instance:G2.Project.Test.TS01.TC_Signup_16@21a947fe]" started-at="2020-05-17T14:02:29Z" name="checkResponseBody" finished-at="2020-05-17T14:02:29Z" duration-ms="1" status="PASS">
          <reporter-output>
          </reporter-output>
        </test-method> <!-- checkResponseBody -->
        <test-method signature="checkResponseTime()[pri:0, instance:G2.Project.Test.TS01.TC_Signup_16@21a947fe]" started-at="2020-05-17T14:02:29Z" name="checkResponseTime" finished-at="2020-05-17T14:02:29Z" duration-ms="1" status="PASS">
          <reporter-output>
          </reporter-output>
        </test-method> <!-- checkResponseTime -->
        <test-method signature="checkStatusCode()[pri:0, instance:G2.Project.Test.TS01.TC_Signup_16@21a947fe]" started-at="2020-05-17T14:02:29Z" name="checkStatusCode" finished-at="2020-05-17T14:02:29Z" duration-ms="2" status="PASS">
          <reporter-output>
          </reporter-output>
        </test-method> <!-- checkStatusCode -->
        <test-method signature="checkStatusLine()[pri:0, instance:G2.Project.Test.TS01.TC_Signup_16@21a947fe]" started-at="2020-05-17T14:02:29Z" name="checkStatusLine" finished-at="2020-05-17T14:02:29Z" duration-ms="3" status="PASS">
          <reporter-output>
          </reporter-output>
        </test-method> <!-- checkStatusLine -->
      </class> <!-- G2.Project.Test.TS01.TC_Signup_16 -->
      <class name="G2.Project.Test.TS01.TC_Signup_06">
        <test-method is-config="true" signature="setup()[pri:0, instance:G2.Project.Test.TS01.TC_Signup_06@3ffcd140]" started-at="2020-05-17T14:02:23Z" name="setup" finished-at="2020-05-17T14:02:23Z" duration-ms="3" status="PASS">
          <reporter-output>
          </reporter-output>
        </test-method> <!-- setup -->
        <test-method is-config="true" signature="SettingUp(java.lang.String, java.lang.String, java.lang.String, java.lang.String, java.lang.String)[pri:0, instance:G2.Project.Test.TS01.TC_Signup_06@3ffcd140]" started-at="2020-05-17T14:02:23Z" name="SettingUp" finished-at="2020-05-17T14:02:23Z" duration-ms="560" status="PASS">
          <params>
            <param index="0">
              <value>
                <![CDATA[Backend]]>
              </value>
            </param>
            <param index="1">
              <value>
                <![CDATA[Tester]]>
              </value>
            </param>
            <param index="2">
              <value>
                <![CDATA[6281325]]>
              </value>
            </param>
            <param index="3">
              <value>
                <![CDATA[sdetbe.team1@gmail.com]]>
              </value>
            </param>
            <param index="4">
              <value>
                <![CDATA[true]]>
              </value>
            </param>
          </params>
          <reporter-output>
          </reporter-output>
        </test-method> <!-- SettingUp -->
        <test-method signature="checkHeader()[pri:0, instance:G2.Project.Test.TS01.TC_Signup_06@3ffcd140]" started-at="2020-05-17T14:02:23Z" name="checkHeader" finished-at="2020-05-17T14:02:23Z" duration-ms="2" status="PASS">
          <reporter-output>
          </reporter-output>
        </test-method> <!-- checkHeader -->
        <test-method signature="checkResponseBody()[pri:0, instance:G2.Project.Test.TS01.TC_Signup_06@3ffcd140]" started-at="2020-05-17T14:02:23Z" name="checkResponseBody" finished-at="2020-05-17T14:02:23Z" duration-ms="1" status="PASS">
          <reporter-output>
          </reporter-output>
        </test-method> <!-- checkResponseBody -->
        <test-method signature="checkResponseTime()[pri:0, instance:G2.Project.Test.TS01.TC_Signup_06@3ffcd140]" started-at="2020-05-17T14:02:23Z" name="checkResponseTime" finished-at="2020-05-17T14:02:23Z" duration-ms="2" status="PASS">
          <reporter-output>
          </reporter-output>
        </test-method> <!-- checkResponseTime -->
        <test-method signature="checkStatusCode()[pri:0, instance:G2.Project.Test.TS01.TC_Signup_06@3ffcd140]" started-at="2020-05-17T14:02:23Z" name="checkStatusCode" finished-at="2020-05-17T14:02:23Z" duration-ms="2" status="PASS">
          <reporter-output>
          </reporter-output>
        </test-method> <!-- checkStatusCode -->
        <test-method signature="checkStatusLine()[pri:0, instance:G2.Project.Test.TS01.TC_Signup_06@3ffcd140]" started-at="2020-05-17T14:02:23Z" name="checkStatusLine" finished-at="2020-05-17T14:02:23Z" duration-ms="6" status="PASS">
          <reporter-output>
          </reporter-output>
        </test-method> <!-- checkStatusLine -->
      </class> <!-- G2.Project.Test.TS01.TC_Signup_06 -->
      <class name="G2.Project.Test.TS01.TC_Signup_17">
        <test-method is-config="true" signature="setup()[pri:0, instance:G2.Project.Test.TS01.TC_Signup_17@5606c0b]" started-at="2020-05-17T14:02:29Z" name="setup" finished-at="2020-05-17T14:02:29Z" duration-ms="5" status="PASS">
          <reporter-output>
          </reporter-output>
        </test-method> <!-- setup -->
        <test-method is-config="true" signature="SettingUp(java.lang.String, java.lang.String, java.lang.String, java.lang.String)[pri:0, instance:G2.Project.Test.TS01.TC_Signup_17@5606c0b]" started-at="2020-05-17T14:02:29Z" name="SettingUp" finished-at="2020-05-17T14:02:30Z" duration-ms="546" status="PASS">
          <params>
            <param index="0">
              <value>
                <![CDATA[Tester]]>
              </value>
            </param>
            <param index="1">
              <value>
                <![CDATA[6281905218958]]>
              </value>
            </param>
            <param index="2">
              <value>
                <![CDATA[sdetbe.team1@gmail.com]]>
              </value>
            </param>
            <param index="3">
              <value>
                <![CDATA[e-Walet@01]]>
              </value>
            </param>
          </params>
          <reporter-output>
          </reporter-output>
        </test-method> <!-- SettingUp -->
        <test-method signature="checkHeader()[pri:0, instance:G2.Project.Test.TS01.TC_Signup_17@5606c0b]" started-at="2020-05-17T14:02:30Z" name="checkHeader" finished-at="2020-05-17T14:02:30Z" duration-ms="2" status="PASS">
          <reporter-output>
          </reporter-output>
        </test-method> <!-- checkHeader -->
        <test-method signature="checkResponseBody()[pri:0, instance:G2.Project.Test.TS01.TC_Signup_17@5606c0b]" started-at="2020-05-17T14:02:30Z" name="checkResponseBody" finished-at="2020-05-17T14:02:30Z" duration-ms="1" status="PASS">
          <reporter-output>
          </reporter-output>
        </test-method> <!-- checkResponseBody -->
        <test-method signature="checkResponseTime()[pri:0, instance:G2.Project.Test.TS01.TC_Signup_17@5606c0b]" started-at="2020-05-17T14:02:30Z" name="checkResponseTime" finished-at="2020-05-17T14:02:30Z" duration-ms="1" status="PASS">
          <reporter-output>
          </reporter-output>
        </test-method> <!-- checkResponseTime -->
        <test-method signature="checkStatusCode()[pri:0, instance:G2.Project.Test.TS01.TC_Signup_17@5606c0b]" started-at="2020-05-17T14:02:30Z" name="checkStatusCode" finished-at="2020-05-17T14:02:30Z" duration-ms="2" status="PASS">
          <reporter-output>
          </reporter-output>
        </test-method> <!-- checkStatusCode -->
        <test-method signature="checkStatusLine()[pri:0, instance:G2.Project.Test.TS01.TC_Signup_17@5606c0b]" started-at="2020-05-17T14:02:30Z" name="checkStatusLine" finished-at="2020-05-17T14:02:30Z" duration-ms="2" status="PASS">
          <reporter-output>
          </reporter-output>
        </test-method> <!-- checkStatusLine -->
      </class> <!-- G2.Project.Test.TS01.TC_Signup_17 -->
      <class name="G2.Project.Test.TS01.TC_Signup_21">
        <test-method is-config="true" signature="setup()[pri:0, instance:G2.Project.Test.TS01.TC_Signup_21@6c3f5566]" started-at="2020-05-17T14:02:32Z" name="setup" finished-at="2020-05-17T14:02:32Z" duration-ms="2" status="PASS">
          <reporter-output>
          </reporter-output>
        </test-method> <!-- setup -->
        <test-method is-config="true" signature="SettingUp(java.lang.String, java.lang.String, java.lang.String, java.lang.String)[pri:0, instance:G2.Project.Test.TS01.TC_Signup_21@6c3f5566]" started-at="2020-05-17T14:02:32Z" name="SettingUp" finished-at="2020-05-17T14:02:32Z" duration-ms="545" status="PASS">
          <params>
            <param index="0">
              <value>
                <![CDATA[Backend]]>
              </value>
            </param>
            <param index="1">
              <value>
                <![CDATA[Tester]]>
              </value>
            </param>
            <param index="2">
              <value>
                <![CDATA[6281905218958]]>
              </value>
            </param>
            <param index="3">
              <value>
                <![CDATA[sdetbe.team1@gmail.com]]>
              </value>
            </param>
          </params>
          <reporter-output>
          </reporter-output>
        </test-method> <!-- SettingUp -->
        <test-method signature="checkHeader()[pri:0, instance:G2.Project.Test.TS01.TC_Signup_21@6c3f5566]" started-at="2020-05-17T14:02:32Z" name="checkHeader" finished-at="2020-05-17T14:02:32Z" duration-ms="2" status="PASS">
          <reporter-output>
          </reporter-output>
        </test-method> <!-- checkHeader -->
        <test-method signature="checkResponseBody()[pri:0, instance:G2.Project.Test.TS01.TC_Signup_21@6c3f5566]" started-at="2020-05-17T14:02:32Z" name="checkResponseBody" finished-at="2020-05-17T14:02:32Z" duration-ms="1" status="PASS">
          <reporter-output>
          </reporter-output>
        </test-method> <!-- checkResponseBody -->
        <test-method signature="checkResponseTime()[pri:0, instance:G2.Project.Test.TS01.TC_Signup_21@6c3f5566]" started-at="2020-05-17T14:02:32Z" name="checkResponseTime" finished-at="2020-05-17T14:02:32Z" duration-ms="2" status="PASS">
          <reporter-output>
          </reporter-output>
        </test-method> <!-- checkResponseTime -->
        <test-method signature="checkStatusCode()[pri:0, instance:G2.Project.Test.TS01.TC_Signup_21@6c3f5566]" started-at="2020-05-17T14:02:32Z" name="checkStatusCode" finished-at="2020-05-17T14:02:32Z" duration-ms="2" status="PASS">
          <reporter-output>
          </reporter-output>
        </test-method> <!-- checkStatusCode -->
        <test-method signature="checkStatusLine()[pri:0, instance:G2.Project.Test.TS01.TC_Signup_21@6c3f5566]" started-at="2020-05-17T14:02:32Z" name="checkStatusLine" finished-at="2020-05-17T14:02:32Z" duration-ms="2" status="PASS">
          <reporter-output>
          </reporter-output>
        </test-method> <!-- checkStatusLine -->
      </class> <!-- G2.Project.Test.TS01.TC_Signup_21 -->
      <class name="G2.Project.Test.TS01.TC_Signup_10">
        <test-method is-config="true" signature="setup()[pri:0, instance:G2.Project.Test.TS01.TC_Signup_10@4ba2ca36]" started-at="2020-05-17T14:02:25Z" name="setup" finished-at="2020-05-17T14:02:25Z" duration-ms="2" status="PASS">
          <reporter-output>
          </reporter-output>
        </test-method> <!-- setup -->
        <test-method is-config="true" signature="SettingUp(java.lang.String, java.lang.String, java.lang.String, java.lang.String, java.lang.String)[pri:0, instance:G2.Project.Test.TS01.TC_Signup_10@4ba2ca36]" started-at="2020-05-17T14:02:25Z" name="SettingUp" finished-at="2020-05-17T14:02:26Z" duration-ms="537" status="PASS">
          <params>
            <param index="0">
              <value>
                <![CDATA[Backend]]>
              </value>
            </param>
            <param index="1">
              <value>
                <![CDATA[Tester]]>
              </value>
            </param>
            <param index="2">
              <value>
                <![CDATA[6281string]]>
              </value>
            </param>
            <param index="3">
              <value>
                <![CDATA[sdetbe.team1@gmail.com]]>
              </value>
            </param>
            <param index="4">
              <value>
                <![CDATA[true]]>
              </value>
            </param>
          </params>
          <reporter-output>
          </reporter-output>
        </test-method> <!-- SettingUp -->
        <test-method signature="checkHeader()[pri:0, instance:G2.Project.Test.TS01.TC_Signup_10@4ba2ca36]" started-at="2020-05-17T14:02:26Z" name="checkHeader" finished-at="2020-05-17T14:02:26Z" duration-ms="2" status="PASS">
          <reporter-output>
          </reporter-output>
        </test-method> <!-- checkHeader -->
        <test-method signature="checkResponseBody()[pri:0, instance:G2.Project.Test.TS01.TC_Signup_10@4ba2ca36]" started-at="2020-05-17T14:02:26Z" name="checkResponseBody" finished-at="2020-05-17T14:02:26Z" duration-ms="1" status="PASS">
          <reporter-output>
          </reporter-output>
        </test-method> <!-- checkResponseBody -->
        <test-method signature="checkResponseTime()[pri:0, instance:G2.Project.Test.TS01.TC_Signup_10@4ba2ca36]" started-at="2020-05-17T14:02:26Z" name="checkResponseTime" finished-at="2020-05-17T14:02:26Z" duration-ms="2" status="PASS">
          <reporter-output>
          </reporter-output>
        </test-method> <!-- checkResponseTime -->
        <test-method signature="checkStatusCode()[pri:0, instance:G2.Project.Test.TS01.TC_Signup_10@4ba2ca36]" started-at="2020-05-17T14:02:26Z" name="checkStatusCode" finished-at="2020-05-17T14:02:26Z" duration-ms="2" status="PASS">
          <reporter-output>
          </reporter-output>
        </test-method> <!-- checkStatusCode -->
        <test-method signature="checkStatusLine()[pri:0, instance:G2.Project.Test.TS01.TC_Signup_10@4ba2ca36]" started-at="2020-05-17T14:02:26Z" name="checkStatusLine" finished-at="2020-05-17T14:02:26Z" duration-ms="2" status="PASS">
          <reporter-output>
          </reporter-output>
        </test-method> <!-- checkStatusLine -->
      </class> <!-- G2.Project.Test.TS01.TC_Signup_10 -->
      <class name="G2.Project.Test.TS01.TC_Signup_22">
        <test-method is-config="true" signature="setup()[pri:0, instance:G2.Project.Test.TS01.TC_Signup_22@12405818]" started-at="2020-05-17T14:02:32Z" name="setup" finished-at="2020-05-17T14:02:32Z" duration-ms="2" status="PASS">
          <reporter-output>
          </reporter-output>
        </test-method> <!-- setup -->
        <test-method is-config="true" signature="SettingUp()[pri:0, instance:G2.Project.Test.TS01.TC_Signup_22@12405818]" started-at="2020-05-17T14:02:32Z" name="SettingUp" finished-at="2020-05-17T14:02:33Z" duration-ms="557" status="PASS">
          <reporter-output>
          </reporter-output>
        </test-method> <!-- SettingUp -->
        <test-method signature="checkHeader()[pri:0, instance:G2.Project.Test.TS01.TC_Signup_22@12405818]" started-at="2020-05-17T14:02:33Z" name="checkHeader" finished-at="2020-05-17T14:02:33Z" duration-ms="1" status="PASS">
          <reporter-output>
          </reporter-output>
        </test-method> <!-- checkHeader -->
        <test-method signature="checkResponseBody()[pri:0, instance:G2.Project.Test.TS01.TC_Signup_22@12405818]" started-at="2020-05-17T14:02:33Z" name="checkResponseBody" finished-at="2020-05-17T14:02:33Z" duration-ms="1" status="PASS">
          <reporter-output>
          </reporter-output>
        </test-method> <!-- checkResponseBody -->
        <test-method signature="checkResponseTime()[pri:0, instance:G2.Project.Test.TS01.TC_Signup_22@12405818]" started-at="2020-05-17T14:02:33Z" name="checkResponseTime" finished-at="2020-05-17T14:02:33Z" duration-ms="1" status="PASS">
          <reporter-output>
          </reporter-output>
        </test-method> <!-- checkResponseTime -->
        <test-method signature="checkStatusCode()[pri:0, instance:G2.Project.Test.TS01.TC_Signup_22@12405818]" started-at="2020-05-17T14:02:33Z" name="checkStatusCode" finished-at="2020-05-17T14:02:33Z" duration-ms="2" status="PASS">
          <reporter-output>
          </reporter-output>
        </test-method> <!-- checkStatusCode -->
        <test-method signature="checkStatusLine()[pri:0, instance:G2.Project.Test.TS01.TC_Signup_22@12405818]" started-at="2020-05-17T14:02:33Z" name="checkStatusLine" finished-at="2020-05-17T14:02:33Z" duration-ms="2" status="PASS">
          <reporter-output>
          </reporter-output>
        </test-method> <!-- checkStatusLine -->
      </class> <!-- G2.Project.Test.TS01.TC_Signup_22 -->
      <class name="G2.Project.Test.TS01.TC_Signup_11">
        <test-method is-config="true" signature="setup()[pri:0, instance:G2.Project.Test.TS01.TC_Signup_11@3444d69d]" started-at="2020-05-17T14:02:26Z" name="setup" finished-at="2020-05-17T14:02:26Z" duration-ms="3" status="PASS">
          <reporter-output>
          </reporter-output>
        </test-method> <!-- setup -->
        <test-method is-config="true" signature="SettingUp(java.lang.String, java.lang.String, java.lang.String, java.lang.String, java.lang.String)[pri:0, instance:G2.Project.Test.TS01.TC_Signup_11@3444d69d]" started-at="2020-05-17T14:02:26Z" name="SettingUp" finished-at="2020-05-17T14:02:26Z" duration-ms="544" status="PASS">
          <params>
            <param index="0">
              <value>
                <![CDATA[Backend]]>
              </value>
            </param>
            <param index="1">
              <value>
                <![CDATA[Tester]]>
              </value>
            </param>
            <param index="2">
              <value>
                <![CDATA[6281string]]>
              </value>
            </param>
            <param index="3">
              <value>
                <![CDATA[saya01]]>
              </value>
            </param>
            <param index="4">
              <value>
                <![CDATA[e-Walet@01]]>
              </value>
            </param>
          </params>
          <reporter-output>
          </reporter-output>
        </test-method> <!-- SettingUp -->
        <test-method signature="checkHeader()[pri:0, instance:G2.Project.Test.TS01.TC_Signup_11@3444d69d]" started-at="2020-05-17T14:02:26Z" name="checkHeader" finished-at="2020-05-17T14:02:26Z" duration-ms="2" status="PASS">
          <reporter-output>
          </reporter-output>
        </test-method> <!-- checkHeader -->
        <test-method signature="checkResponseBody()[pri:0, instance:G2.Project.Test.TS01.TC_Signup_11@3444d69d]" started-at="2020-05-17T14:02:26Z" name="checkResponseBody" finished-at="2020-05-17T14:02:26Z" duration-ms="1" status="PASS">
          <reporter-output>
          </reporter-output>
        </test-method> <!-- checkResponseBody -->
        <test-method signature="checkResponseTime()[pri:0, instance:G2.Project.Test.TS01.TC_Signup_11@3444d69d]" started-at="2020-05-17T14:02:26Z" name="checkResponseTime" finished-at="2020-05-17T14:02:26Z" duration-ms="2" status="PASS">
          <reporter-output>
          </reporter-output>
        </test-method> <!-- checkResponseTime -->
        <test-method signature="checkStatusCode()[pri:0, instance:G2.Project.Test.TS01.TC_Signup_11@3444d69d]" started-at="2020-05-17T14:02:26Z" name="checkStatusCode" finished-at="2020-05-17T14:02:26Z" duration-ms="1" status="PASS">
          <reporter-output>
          </reporter-output>
        </test-method> <!-- checkStatusCode -->
        <test-method signature="checkStatusLine()[pri:0, instance:G2.Project.Test.TS01.TC_Signup_11@3444d69d]" started-at="2020-05-17T14:02:26Z" name="checkStatusLine" finished-at="2020-05-17T14:02:26Z" duration-ms="2" status="PASS">
          <reporter-output>
          </reporter-output>
        </test-method> <!-- checkStatusLine -->
      </class> <!-- G2.Project.Test.TS01.TC_Signup_11 -->
      <class name="G2.Project.Test.TS01.TC_Signup_12">
        <test-method is-config="true" signature="setup()[pri:0, instance:G2.Project.Test.TS01.TC_Signup_12@1372ed45]" started-at="2020-05-17T14:02:26Z" name="setup" finished-at="2020-05-17T14:02:26Z" duration-ms="2" status="PASS">
          <reporter-output>
          </reporter-output>
        </test-method> <!-- setup -->
        <test-method is-config="true" signature="SettingUp(java.lang.String, java.lang.String, java.lang.String, java.lang.String, java.lang.String)[pri:0, instance:G2.Project.Test.TS01.TC_Signup_12@1372ed45]" started-at="2020-05-17T14:02:26Z" name="SettingUp" finished-at="2020-05-17T14:02:27Z" duration-ms="610" status="PASS">
          <params>
            <param index="0">
              <value>
                <![CDATA[Backend]]>
              </value>
            </param>
            <param index="1">
              <value>
                <![CDATA[Tester]]>
              </value>
            </param>
            <param index="2">
              <value>
                <![CDATA[6281string]]>
              </value>
            </param>
            <param index="3">
              <value>
                <![CDATA[saya01]]>
              </value>
            </param>
            <param index="4">
              <value>
                <![CDATA[true]]>
              </value>
            </param>
          </params>
          <reporter-output>
          </reporter-output>
        </test-method> <!-- SettingUp -->
        <test-method signature="checkHeader()[pri:0, instance:G2.Project.Test.TS01.TC_Signup_12@1372ed45]" started-at="2020-05-17T14:02:27Z" name="checkHeader" finished-at="2020-05-17T14:02:27Z" duration-ms="1" status="PASS">
          <reporter-output>
          </reporter-output>
        </test-method> <!-- checkHeader -->
        <test-method signature="checkResponseBody()[pri:0, instance:G2.Project.Test.TS01.TC_Signup_12@1372ed45]" started-at="2020-05-17T14:02:27Z" name="checkResponseBody" finished-at="2020-05-17T14:02:27Z" duration-ms="2" status="PASS">
          <reporter-output>
          </reporter-output>
        </test-method> <!-- checkResponseBody -->
        <test-method signature="checkResponseTime()[pri:0, instance:G2.Project.Test.TS01.TC_Signup_12@1372ed45]" started-at="2020-05-17T14:02:27Z" name="checkResponseTime" finished-at="2020-05-17T14:02:27Z" duration-ms="3" status="PASS">
          <reporter-output>
          </reporter-output>
        </test-method> <!-- checkResponseTime -->
        <test-method signature="checkStatusCode()[pri:0, instance:G2.Project.Test.TS01.TC_Signup_12@1372ed45]" started-at="2020-05-17T14:02:27Z" name="checkStatusCode" finished-at="2020-05-17T14:02:27Z" duration-ms="2" status="PASS">
          <reporter-output>
          </reporter-output>
        </test-method> <!-- checkStatusCode -->
        <test-method signature="checkStatusLine()[pri:0, instance:G2.Project.Test.TS01.TC_Signup_12@1372ed45]" started-at="2020-05-17T14:02:27Z" name="checkStatusLine" finished-at="2020-05-17T14:02:27Z" duration-ms="2" status="PASS">
          <reporter-output>
          </reporter-output>
        </test-method> <!-- checkStatusLine -->
      </class> <!-- G2.Project.Test.TS01.TC_Signup_12 -->
      <class name="G2.Project.Test.TS01.TC_Signup_01">
        <test-method is-config="true" signature="setup()[pri:0, instance:G2.Project.Test.TS01.TC_Signup_01@314c508a]" started-at="2020-05-17T14:02:33Z" name="setup" finished-at="2020-05-17T14:02:33Z" duration-ms="2" status="PASS">
          <reporter-output>
          </reporter-output>
        </test-method> <!-- setup -->
        <test-method is-config="true" signature="SettingUp(java.lang.String, java.lang.String, java.lang.String, java.lang.String, java.lang.String)[pri:0, instance:G2.Project.Test.TS01.TC_Signup_01@314c508a]" started-at="2020-05-17T14:02:33Z" name="SettingUp" finished-at="2020-05-17T14:02:34Z" duration-ms="772" status="PASS">
          <params>
            <param index="0">
              <value>
                <![CDATA[Backend]]>
              </value>
            </param>
            <param index="1">
              <value>
                <![CDATA[Tester]]>
              </value>
            </param>
            <param index="2">
              <value>
                <![CDATA[6281905218958]]>
              </value>
            </param>
            <param index="3">
              <value>
                <![CDATA[sdetbe.team1@gmail.com]]>
              </value>
            </param>
            <param index="4">
              <value>
                <![CDATA[e-Walet@01]]>
              </value>
            </param>
          </params>
          <reporter-output>
          </reporter-output>
        </test-method> <!-- SettingUp -->
        <test-method signature="checkHeader()[pri:0, instance:G2.Project.Test.TS01.TC_Signup_01@314c508a]" started-at="2020-05-17T14:02:34Z" name="checkHeader" finished-at="2020-05-17T14:02:34Z" duration-ms="1" status="PASS">
          <reporter-output>
          </reporter-output>
        </test-method> <!-- checkHeader -->
        <test-method signature="checkResponseBody()[pri:0, instance:G2.Project.Test.TS01.TC_Signup_01@314c508a]" started-at="2020-05-17T14:02:34Z" name="checkResponseBody" finished-at="2020-05-17T14:02:34Z" duration-ms="1" status="PASS">
          <reporter-output>
          </reporter-output>
        </test-method> <!-- checkResponseBody -->
        <test-method signature="checkResponseTime()[pri:0, instance:G2.Project.Test.TS01.TC_Signup_01@314c508a]" started-at="2020-05-17T14:02:34Z" name="checkResponseTime" finished-at="2020-05-17T14:02:34Z" duration-ms="2" status="PASS">
          <reporter-output>
          </reporter-output>
        </test-method> <!-- checkResponseTime -->
        <test-method signature="checkStatusCode()[pri:0, instance:G2.Project.Test.TS01.TC_Signup_01@314c508a]" started-at="2020-05-17T14:02:34Z" name="checkStatusCode" finished-at="2020-05-17T14:02:34Z" duration-ms="2" status="PASS">
          <reporter-output>
          </reporter-output>
        </test-method> <!-- checkStatusCode -->
        <test-method signature="checkStatusLine()[pri:0, instance:G2.Project.Test.TS01.TC_Signup_01@314c508a]" started-at="2020-05-17T14:02:34Z" name="checkStatusLine" finished-at="2020-05-17T14:02:34Z" duration-ms="2" status="PASS">
          <reporter-output>
          </reporter-output>
        </test-method> <!-- checkStatusLine -->
      </class> <!-- G2.Project.Test.TS01.TC_Signup_01 -->
      <class name="G2.Project.Test.TS01.TC_Signup_02">
        <test-method is-config="true" signature="setup()[pri:0, instance:G2.Project.Test.TS01.TC_Signup_02@11e21d0e]" started-at="2020-05-17T14:02:19Z" name="setup" finished-at="2020-05-17T14:02:19Z" duration-ms="39" status="PASS">
          <reporter-output>
          </reporter-output>
        </test-method> <!-- setup -->
        <test-method is-config="true" signature="SettingUp(java.lang.String, java.lang.String, java.lang.String, java.lang.String, java.lang.String)[pri:0, instance:G2.Project.Test.TS01.TC_Signup_02@11e21d0e]" started-at="2020-05-17T14:02:19Z" name="SettingUp" finished-at="2020-05-17T14:02:21Z" duration-ms="1503" status="PASS">
          <params>
            <param index="0">
              <value>
                <![CDATA[Backend]]>
              </value>
            </param>
            <param index="1">
              <value>
                <![CDATA[Tester]]>
              </value>
            </param>
            <param index="2">
              <value>
                <![CDATA[6281905218958]]>
              </value>
            </param>
            <param index="3">
              <value>
                <![CDATA[sdetbe.team1@gmail.com]]>
              </value>
            </param>
            <param index="4">
              <value>
                <![CDATA[true]]>
              </value>
            </param>
          </params>
          <reporter-output>
          </reporter-output>
        </test-method> <!-- SettingUp -->
        <test-method signature="checkHeader()[pri:0, instance:G2.Project.Test.TS01.TC_Signup_02@11e21d0e]" started-at="2020-05-17T14:02:21Z" name="checkHeader" finished-at="2020-05-17T14:02:21Z" duration-ms="3" status="PASS">
          <reporter-output>
          </reporter-output>
        </test-method> <!-- checkHeader -->
        <test-method signature="checkResponseBody()[pri:0, instance:G2.Project.Test.TS01.TC_Signup_02@11e21d0e]" started-at="2020-05-17T14:02:21Z" name="checkResponseBody" finished-at="2020-05-17T14:02:21Z" duration-ms="1" status="PASS">
          <reporter-output>
          </reporter-output>
        </test-method> <!-- checkResponseBody -->
        <test-method signature="checkResponseTime()[pri:0, instance:G2.Project.Test.TS01.TC_Signup_02@11e21d0e]" started-at="2020-05-17T14:02:21Z" name="checkResponseTime" finished-at="2020-05-17T14:02:21Z" duration-ms="2" status="PASS">
          <reporter-output>
          </reporter-output>
        </test-method> <!-- checkResponseTime -->
        <test-method signature="checkStatusCode()[pri:0, instance:G2.Project.Test.TS01.TC_Signup_02@11e21d0e]" started-at="2020-05-17T14:02:21Z" name="checkStatusCode" finished-at="2020-05-17T14:02:21Z" duration-ms="2" status="PASS">
          <reporter-output>
          </reporter-output>
        </test-method> <!-- checkStatusCode -->
        <test-method signature="checkStatusLine()[pri:0, instance:G2.Project.Test.TS01.TC_Signup_02@11e21d0e]" started-at="2020-05-17T14:02:21Z" name="checkStatusLine" finished-at="2020-05-17T14:02:21Z" duration-ms="2" status="PASS">
          <reporter-output>
          </reporter-output>
        </test-method> <!-- checkStatusLine -->
      </class> <!-- G2.Project.Test.TS01.TC_Signup_02 -->
      <class name="G2.Project.Test.TS01.TC_Signup_13">
        <test-method is-config="true" signature="setup()[pri:0, instance:G2.Project.Test.TS01.TC_Signup_13@6a79c292]" started-at="2020-05-17T14:02:27Z" name="setup" finished-at="2020-05-17T14:02:27Z" duration-ms="1" status="PASS">
          <reporter-output>
          </reporter-output>
        </test-method> <!-- setup -->
        <test-method is-config="true" signature="SettingUp(java.lang.String, java.lang.String, java.lang.String, java.lang.String, java.lang.String)[pri:0, instance:G2.Project.Test.TS01.TC_Signup_13@6a79c292]" started-at="2020-05-17T14:02:27Z" name="SettingUp" finished-at="2020-05-17T14:02:28Z" duration-ms="640" status="PASS">
          <params>
            <param index="0">
              <value>
                <![CDATA[Backend]]>
              </value>
            </param>
            <param index="1">
              <value>
                <![CDATA[Tester]]>
              </value>
            </param>
            <param index="2">
              <value>
                <![CDATA[6281325618362]]>
              </value>
            </param>
            <param index="3">
              <value>
                <![CDATA[yuda.dea.k@gmail.com]]>
              </value>
            </param>
            <param index="4">
              <value>
                <![CDATA[e-Walet@01]]>
              </value>
            </param>
          </params>
          <reporter-output>
          </reporter-output>
        </test-method> <!-- SettingUp -->
        <test-method signature="checkHeader()[pri:0, instance:G2.Project.Test.TS01.TC_Signup_13@6a79c292]" started-at="2020-05-17T14:02:28Z" name="checkHeader" finished-at="2020-05-17T14:02:28Z" duration-ms="3" status="PASS">
          <reporter-output>
          </reporter-output>
        </test-method> <!-- checkHeader -->
        <test-method signature="checkResponseBody()[pri:0, instance:G2.Project.Test.TS01.TC_Signup_13@6a79c292]" started-at="2020-05-17T14:02:28Z" name="checkResponseBody" finished-at="2020-05-17T14:02:28Z" duration-ms="1" status="PASS">
          <reporter-output>
          </reporter-output>
        </test-method> <!-- checkResponseBody -->
        <test-method signature="checkResponseTime()[pri:0, instance:G2.Project.Test.TS01.TC_Signup_13@6a79c292]" started-at="2020-05-17T14:02:28Z" name="checkResponseTime" finished-at="2020-05-17T14:02:28Z" duration-ms="2" status="PASS">
          <reporter-output>
          </reporter-output>
        </test-method> <!-- checkResponseTime -->
        <test-method signature="checkStatusCode()[pri:0, instance:G2.Project.Test.TS01.TC_Signup_13@6a79c292]" started-at="2020-05-17T14:02:28Z" name="checkStatusCode" finished-at="2020-05-17T14:02:28Z" duration-ms="3" status="FAIL">
          <exception class="java.lang.AssertionError">
            <message>
              <![CDATA[expected [406] but found [200]]]>
            </message>
            <full-stacktrace>
              <![CDATA[java.lang.AssertionError: expected [406] but found [200]
at org.testng.Assert.fail(Assert.java:96)
at org.testng.Assert.failNotEquals(Assert.java:776)
at org.testng.Assert.assertEqualsImpl(Assert.java:137)
at org.testng.Assert.assertEquals(Assert.java:118)
at org.testng.Assert.assertEquals(Assert.java:652)
at org.testng.Assert.assertEquals(Assert.java:662)
at G2.Project.Base.TestBase.checkStatusCode(TestBase.java:68)
at G2.Project.Test.TS01.TC_Signup_13.checkStatusCode(TC_Signup_13.java:41)
at java.base/jdk.internal.reflect.NativeMethodAccessorImpl.invoke0(Native Method)
at java.base/jdk.internal.reflect.NativeMethodAccessorImpl.invoke(NativeMethodAccessorImpl.java:62)
at java.base/jdk.internal.reflect.DelegatingMethodAccessorImpl.invoke(DelegatingMethodAccessorImpl.java:43)
at java.base/java.lang.reflect.Method.invoke(Method.java:564)
at org.testng.internal.MethodInvocationHelper.invokeMethod(MethodInvocationHelper.java:124)
at org.testng.internal.Invoker.invokeMethod(Invoker.java:583)
at org.testng.internal.Invoker.invokeTestMethod(Invoker.java:719)
at org.testng.internal.Invoker.invokeTestMethods(Invoker.java:989)
at org.testng.internal.TestMethodWorker.invokeTestMethods(TestMethodWorker.java:125)
at org.testng.internal.TestMethodWorker.run(TestMethodWorker.java:109)
at org.testng.TestRunner.privateRun(TestRunner.java:648)
at org.testng.TestRunner.run(TestRunner.java:505)
at org.testng.SuiteRunner.runTest(SuiteRunner.java:455)
at org.testng.SuiteRunner.runSequentially(SuiteRunner.java:450)
at org.testng.SuiteRunner.privateRun(SuiteRunner.java:415)
at org.testng.SuiteRunner.run(SuiteRunner.java:364)
at org.testng.SuiteRunnerWorker.runSuite(SuiteRunnerWorker.java:52)
at org.testng.SuiteRunnerWorker.run(SuiteRunnerWorker.java:84)
at org.testng.TestNG.runSuitesSequentially(TestNG.java:1208)
at org.testng.TestNG.runSuitesLocally(TestNG.java:1137)
at org.testng.TestNG.runSuites(TestNG.java:1049)
at org.testng.TestNG.run(TestNG.java:1017)
at org.apache.maven.surefire.testng.TestNGExecutor.run(TestNGExecutor.java:283)
at org.apache.maven.surefire.testng.TestNGXmlTestSuite.execute(TestNGXmlTestSuite.java:75)
at org.apache.maven.surefire.testng.TestNGProvider.invoke(TestNGProvider.java:120)
at org.apache.maven.surefire.booter.ForkedBooter.invokeProviderInSameClassLoader(ForkedBooter.java:384)
at org.apache.maven.surefire.booter.ForkedBooter.runSuitesInProcess(ForkedBooter.java:345)
at org.apache.maven.surefire.booter.ForkedBooter.execute(ForkedBooter.java:126)
at org.apache.maven.surefire.booter.ForkedBooter.main(ForkedBooter.java:418)
]]>
            </full-stacktrace>
          </exception> <!-- java.lang.AssertionError -->
          <reporter-output>
          </reporter-output>
        </test-method> <!-- checkStatusCode -->
        <test-method signature="checkStatusLine()[pri:0, instance:G2.Project.Test.TS01.TC_Signup_13@6a79c292]" started-at="2020-05-17T14:02:28Z" name="checkStatusLine" finished-at="2020-05-17T14:02:28Z" duration-ms="4" status="FAIL">
          <exception class="java.lang.AssertionError">
            <message>
              <![CDATA[expected [HTTP/1.1 406 ] but found [HTTP/1.1 200 ]]]>
            </message>
            <full-stacktrace>
              <![CDATA[java.lang.AssertionError: expected [HTTP/1.1 406 ] but found [HTTP/1.1 200 ]
at org.testng.Assert.fail(Assert.java:96)
at org.testng.Assert.failNotEquals(Assert.java:776)
at org.testng.Assert.assertEqualsImpl(Assert.java:137)
at org.testng.Assert.assertEquals(Assert.java:118)
at org.testng.Assert.assertEquals(Assert.java:453)
at org.testng.Assert.assertEquals(Assert.java:463)
at G2.Project.Base.TestBase.checkStatusLine(TestBase.java:84)
at G2.Project.Test.TS01.TC_Signup_13.checkStatusLine(TC_Signup_13.java:46)
at java.base/jdk.internal.reflect.NativeMethodAccessorImpl.invoke0(Native Method)
at java.base/jdk.internal.reflect.NativeMethodAccessorImpl.invoke(NativeMethodAccessorImpl.java:62)
at java.base/jdk.internal.reflect.DelegatingMethodAccessorImpl.invoke(DelegatingMethodAccessorImpl.java:43)
at java.base/java.lang.reflect.Method.invoke(Method.java:564)
at org.testng.internal.MethodInvocationHelper.invokeMethod(MethodInvocationHelper.java:124)
at org.testng.internal.Invoker.invokeMethod(Invoker.java:583)
at org.testng.internal.Invoker.invokeTestMethod(Invoker.java:719)
at org.testng.internal.Invoker.invokeTestMethods(Invoker.java:989)
at org.testng.internal.TestMethodWorker.invokeTestMethods(TestMethodWorker.java:125)
at org.testng.internal.TestMethodWorker.run(TestMethodWorker.java:109)
at org.testng.TestRunner.privateRun(TestRunner.java:648)
at org.testng.TestRunner.run(TestRunner.java:505)
at org.testng.SuiteRunner.runTest(SuiteRunner.java:455)
at org.testng.SuiteRunner.runSequentially(SuiteRunner.java:450)
at org.testng.SuiteRunner.privateRun(SuiteRunner.java:415)
at org.testng.SuiteRunner.run(SuiteRunner.java:364)
at org.testng.SuiteRunnerWorker.runSuite(SuiteRunnerWorker.java:52)
at org.testng.SuiteRunnerWorker.run(SuiteRunnerWorker.java:84)
at org.testng.TestNG.runSuitesSequentially(TestNG.java:1208)
at org.testng.TestNG.runSuitesLocally(TestNG.java:1137)
at org.testng.TestNG.runSuites(TestNG.java:1049)
at org.testng.TestNG.run(TestNG.java:1017)
at org.apache.maven.surefire.testng.TestNGExecutor.run(TestNGExecutor.java:283)
at org.apache.maven.surefire.testng.TestNGXmlTestSuite.execute(TestNGXmlTestSuite.java:75)
at org.apache.maven.surefire.testng.TestNGProvider.invoke(TestNGProvider.java:120)
at org.apache.maven.surefire.booter.ForkedBooter.invokeProviderInSameClassLoader(ForkedBooter.java:384)
at org.apache.maven.surefire.booter.ForkedBooter.runSuitesInProcess(ForkedBooter.java:345)
at org.apache.maven.surefire.booter.ForkedBooter.execute(ForkedBooter.java:126)
at org.apache.maven.surefire.booter.ForkedBooter.main(ForkedBooter.java:418)
]]>
            </full-stacktrace>
          </exception> <!-- java.lang.AssertionError -->
          <reporter-output>
          </reporter-output>
        </test-method> <!-- checkStatusLine -->
      </class> <!-- G2.Project.Test.TS01.TC_Signup_13 -->
      <class name="G2.Project.Test.TS01.TC_Signup_20">
        <test-method is-config="true" signature="setup()[pri:0, instance:G2.Project.Test.TS01.TC_Signup_20@6a396c1e]" started-at="2020-05-17T14:02:31Z" name="setup" finished-at="2020-05-17T14:02:31Z" duration-ms="2" status="PASS">
          <reporter-output>
          </reporter-output>
        </test-method> <!-- setup -->
        <test-method is-config="true" signature="SettingUp(java.lang.String, java.lang.String, java.lang.String, java.lang.String)[pri:0, instance:G2.Project.Test.TS01.TC_Signup_20@6a396c1e]" started-at="2020-05-17T14:02:31Z" name="SettingUp" finished-at="2020-05-17T14:02:32Z" duration-ms="662" status="PASS">
          <params>
            <param index="0">
              <value>
                <![CDATA[Backend]]>
              </value>
            </param>
            <param index="1">
              <value>
                <![CDATA[Tester]]>
              </value>
            </param>
            <param index="2">
              <value>
                <![CDATA[6281905218958]]>
              </value>
            </param>
            <param index="3">
              <value>
                <![CDATA[e-Walet@01]]>
              </value>
            </param>
          </params>
          <reporter-output>
          </reporter-output>
        </test-method> <!-- SettingUp -->
        <test-method signature="checkHeader()[pri:0, instance:G2.Project.Test.TS01.TC_Signup_20@6a396c1e]" started-at="2020-05-17T14:02:32Z" name="checkHeader" finished-at="2020-05-17T14:02:32Z" duration-ms="2" status="PASS">
          <reporter-output>
          </reporter-output>
        </test-method> <!-- checkHeader -->
        <test-method signature="checkResponseBody()[pri:0, instance:G2.Project.Test.TS01.TC_Signup_20@6a396c1e]" started-at="2020-05-17T14:02:32Z" name="checkResponseBody" finished-at="2020-05-17T14:02:32Z" duration-ms="1" status="PASS">
          <reporter-output>
          </reporter-output>
        </test-method> <!-- checkResponseBody -->
        <test-method signature="checkResponseTime()[pri:0, instance:G2.Project.Test.TS01.TC_Signup_20@6a396c1e]" started-at="2020-05-17T14:02:32Z" name="checkResponseTime" finished-at="2020-05-17T14:02:32Z" duration-ms="2" status="PASS">
          <reporter-output>
          </reporter-output>
        </test-method> <!-- checkResponseTime -->
        <test-method signature="checkStatusCode()[pri:0, instance:G2.Project.Test.TS01.TC_Signup_20@6a396c1e]" started-at="2020-05-17T14:02:32Z" name="checkStatusCode" finished-at="2020-05-17T14:02:32Z" duration-ms="2" status="PASS">
          <reporter-output>
          </reporter-output>
        </test-method> <!-- checkStatusCode -->
        <test-method signature="checkStatusLine()[pri:0, instance:G2.Project.Test.TS01.TC_Signup_20@6a396c1e]" started-at="2020-05-17T14:02:32Z" name="checkStatusLine" finished-at="2020-05-17T14:02:32Z" duration-ms="1" status="PASS">
          <reporter-output>
          </reporter-output>
        </test-method> <!-- checkStatusLine -->
      </class> <!-- G2.Project.Test.TS01.TC_Signup_20 -->
    </test> <!-- SignUpResponseTest -->
  </suite> <!-- Verify Sign Up Functionality -->
</testng-results>
