<?xml version="1.0" encoding="UTF-8"?>
<testng-results ignored="0" total="159" passed="156" failed="3" skipped="0">
  <reporter-output>
  </reporter-output>
  <suite started-at="2020-05-17T14:39:34Z" name="Testing Parent Suite" finished-at="2020-05-17T14:39:34Z" duration-ms="0">
    <groups>
    </groups>
  </suite> <!-- Testing Parent Suite -->
  <suite started-at="2020-05-17T14:39:05Z" name="Verify Login Functionality" finished-at="2020-05-17T14:39:14Z" duration-ms="8115">
    <groups>
    </groups>
    <test started-at="2020-05-17T14:39:05Z" name="LoginResponseTest" finished-at="2020-05-17T14:39:14Z" duration-ms="8115">
      <class name="G2.Project.Test.TS02.TC_Login_02">
        <test-method is-config="true" signature="setup()[pri:0, instance:G2.Project.Test.TS02.TC_Login_02@1176dcec]" started-at="2020-05-17T14:39:08Z" name="setup" finished-at="2020-05-17T14:39:08Z" duration-ms="2" status="PASS">
          <reporter-output>
          </reporter-output>
        </test-method> <!-- setup -->
        <test-method is-config="true" signature="setUpTCLogin02(java.lang.String, java.lang.String)[pri:0, instance:G2.Project.Test.TS02.TC_Login_02@1176dcec]" started-at="2020-05-17T14:39:08Z" name="setUpTCLogin02" finished-at="2020-05-17T14:39:08Z" duration-ms="793" status="PASS">
          <params>
            <param index="0">
              <value>
                <![CDATA[6285156362125]]>
              </value>
            </param>
            <param index="1">
              <value>
                <![CDATA[e-Walet@02]]>
              </value>
            </param>
          </params>
          <reporter-output>
          </reporter-output>
        </test-method> <!-- setUpTCLogin02 -->
        <test-method signature="checkHeader()[pri:0, instance:G2.Project.Test.TS02.TC_Login_02@1176dcec]" started-at="2020-05-17T14:39:08Z" name="checkHeader" finished-at="2020-05-17T14:39:08Z" duration-ms="1" status="PASS">
          <reporter-output>
          </reporter-output>
        </test-method> <!-- checkHeader -->
        <test-method signature="checkResponseBody()[pri:0, instance:G2.Project.Test.TS02.TC_Login_02@1176dcec]" started-at="2020-05-17T14:39:08Z" name="checkResponseBody" finished-at="2020-05-17T14:39:08Z" duration-ms="1" status="PASS">
          <reporter-output>
          </reporter-output>
        </test-method> <!-- checkResponseBody -->
        <test-method signature="checkResponseTime()[pri:0, instance:G2.Project.Test.TS02.TC_Login_02@1176dcec]" started-at="2020-05-17T14:39:08Z" name="checkResponseTime" finished-at="2020-05-17T14:39:08Z" duration-ms="2" status="PASS">
          <reporter-output>
          </reporter-output>
        </test-method> <!-- checkResponseTime -->
        <test-method signature="checkStatusCode()[pri:0, instance:G2.Project.Test.TS02.TC_Login_02@1176dcec]" started-at="2020-05-17T14:39:08Z" name="checkStatusCode" finished-at="2020-05-17T14:39:08Z" duration-ms="1" status="PASS">
          <reporter-output>
          </reporter-output>
        </test-method> <!-- checkStatusCode -->
        <test-method signature="checkStatusLine()[pri:0, instance:G2.Project.Test.TS02.TC_Login_02@1176dcec]" started-at="2020-05-17T14:39:08Z" name="checkStatusLine" finished-at="2020-05-17T14:39:08Z" duration-ms="1" status="PASS">
          <reporter-output>
          </reporter-output>
        </test-method> <!-- checkStatusLine -->
      </class> <!-- G2.Project.Test.TS02.TC_Login_02 -->
      <class name="G2.Project.Test.TS02.TC_Login_01">
        <test-method is-config="true" signature="setup()[pri:0, instance:G2.Project.Test.TS02.TC_Login_01@23bb8443]" started-at="2020-05-17T14:39:06Z" name="setup" finished-at="2020-05-17T14:39:06Z" duration-ms="37" status="PASS">
          <reporter-output>
          </reporter-output>
        </test-method> <!-- setup -->
        <test-method is-config="true" signature="setUpTCLogin01(java.lang.String, java.lang.String)[pri:0, instance:G2.Project.Test.TS02.TC_Login_01@23bb8443]" started-at="2020-05-17T14:39:06Z" name="setUpTCLogin01" finished-at="2020-05-17T14:39:08Z" duration-ms="1850" status="PASS">
          <params>
            <param index="0">
              <value>
                <![CDATA[6281905218958]]>
              </value>
            </param>
            <param index="1">
              <value>
                <![CDATA[e-Walet@01]]>
              </value>
            </param>
          </params>
          <reporter-output>
          </reporter-output>
        </test-method> <!-- setUpTCLogin01 -->
        <test-method signature="checkDataBody()[pri:0, instance:G2.Project.Test.TS02.TC_Login_01@23bb8443]" started-at="2020-05-17T14:39:08Z" name="checkDataBody" finished-at="2020-05-17T14:39:08Z" duration-ms="12" status="PASS">
          <reporter-output>
          </reporter-output>
        </test-method> <!-- checkDataBody -->
        <test-method signature="checkHeader()[pri:0, instance:G2.Project.Test.TS02.TC_Login_01@23bb8443]" started-at="2020-05-17T14:39:08Z" name="checkHeader" finished-at="2020-05-17T14:39:08Z" duration-ms="2" status="PASS">
          <reporter-output>
          </reporter-output>
        </test-method> <!-- checkHeader -->
        <test-method signature="checkResponseBody()[pri:0, instance:G2.Project.Test.TS02.TC_Login_01@23bb8443]" started-at="2020-05-17T14:39:08Z" name="checkResponseBody" finished-at="2020-05-17T14:39:08Z" duration-ms="2" status="PASS">
          <reporter-output>
          </reporter-output>
        </test-method> <!-- checkResponseBody -->
        <test-method signature="checkResponseTime()[pri:0, instance:G2.Project.Test.TS02.TC_Login_01@23bb8443]" started-at="2020-05-17T14:39:08Z" name="checkResponseTime" finished-at="2020-05-17T14:39:08Z" duration-ms="2" status="PASS">
          <reporter-output>
          </reporter-output>
        </test-method> <!-- checkResponseTime -->
        <test-method signature="checkStatusCode()[pri:0, instance:G2.Project.Test.TS02.TC_Login_01@23bb8443]" started-at="2020-05-17T14:39:08Z" name="checkStatusCode" finished-at="2020-05-17T14:39:08Z" duration-ms="1" status="PASS">
          <reporter-output>
          </reporter-output>
        </test-method> <!-- checkStatusCode -->
        <test-method signature="checkStatusLine()[pri:0, instance:G2.Project.Test.TS02.TC_Login_01@23bb8443]" started-at="2020-05-17T14:39:08Z" name="checkStatusLine" finished-at="2020-05-17T14:39:08Z" duration-ms="3" status="PASS">
          <reporter-output>
          </reporter-output>
        </test-method> <!-- checkStatusLine -->
      </class> <!-- G2.Project.Test.TS02.TC_Login_01 -->
      <class name="G2.Project.Test.TS02.TC_Login_04">
        <test-method is-config="true" signature="setup()[pri:0, instance:G2.Project.Test.TS02.TC_Login_04@4ba2ca36]" started-at="2020-05-17T14:39:09Z" name="setup" finished-at="2020-05-17T14:39:09Z" duration-ms="3" status="PASS">
          <reporter-output>
          </reporter-output>
        </test-method> <!-- setup -->
        <test-method is-config="true" signature="setUpTCLogin04(java.lang.String, java.lang.String)[pri:0, instance:G2.Project.Test.TS02.TC_Login_04@4ba2ca36]" started-at="2020-05-17T14:39:09Z" name="setUpTCLogin04" finished-at="2020-05-17T14:39:10Z" duration-ms="694" status="PASS">
          <params>
            <param index="0">
              <value>
                <![CDATA[6285156362125]]>
              </value>
            </param>
            <param index="1">
              <value>
                <![CDATA[ewalet]]>
              </value>
            </param>
          </params>
          <reporter-output>
          </reporter-output>
        </test-method> <!-- setUpTCLogin04 -->
        <test-method signature="checkHeader()[pri:0, instance:G2.Project.Test.TS02.TC_Login_04@4ba2ca36]" started-at="2020-05-17T14:39:10Z" name="checkHeader" finished-at="2020-05-17T14:39:10Z" duration-ms="2" status="PASS">
          <reporter-output>
          </reporter-output>
        </test-method> <!-- checkHeader -->
        <test-method signature="checkResponseBody()[pri:0, instance:G2.Project.Test.TS02.TC_Login_04@4ba2ca36]" started-at="2020-05-17T14:39:10Z" name="checkResponseBody" finished-at="2020-05-17T14:39:10Z" duration-ms="2" status="PASS">
          <reporter-output>
          </reporter-output>
        </test-method> <!-- checkResponseBody -->
        <test-method signature="checkResponseTime()[pri:0, instance:G2.Project.Test.TS02.TC_Login_04@4ba2ca36]" started-at="2020-05-17T14:39:10Z" name="checkResponseTime" finished-at="2020-05-17T14:39:10Z" duration-ms="3" status="PASS">
          <reporter-output>
          </reporter-output>
        </test-method> <!-- checkResponseTime -->
        <test-method signature="checkStatusCode()[pri:0, instance:G2.Project.Test.TS02.TC_Login_04@4ba2ca36]" started-at="2020-05-17T14:39:10Z" name="checkStatusCode" finished-at="2020-05-17T14:39:10Z" duration-ms="2" status="PASS">
          <reporter-output>
          </reporter-output>
        </test-method> <!-- checkStatusCode -->
        <test-method signature="checkStatusLine()[pri:0, instance:G2.Project.Test.TS02.TC_Login_04@4ba2ca36]" started-at="2020-05-17T14:39:10Z" name="checkStatusLine" finished-at="2020-05-17T14:39:10Z" duration-ms="1" status="PASS">
          <reporter-output>
          </reporter-output>
        </test-method> <!-- checkStatusLine -->
      </class> <!-- G2.Project.Test.TS02.TC_Login_04 -->
      <class name="G2.Project.Test.TS02.TC_Login_03">
        <test-method is-config="true" signature="setup()[pri:0, instance:G2.Project.Test.TS02.TC_Login_03@120d6fe6]" started-at="2020-05-17T14:39:08Z" name="setup" finished-at="2020-05-17T14:39:08Z" duration-ms="2" status="PASS">
          <reporter-output>
          </reporter-output>
        </test-method> <!-- setup -->
        <test-method is-config="true" signature="setUpTCLogin03(java.lang.String, java.lang.String)[pri:0, instance:G2.Project.Test.TS02.TC_Login_03@120d6fe6]" started-at="2020-05-17T14:39:08Z" name="setUpTCLogin03" finished-at="2020-05-17T14:39:09Z" duration-ms="684" status="PASS">
          <params>
            <param index="0">
              <value>
                <![CDATA[6281905218958]]>
              </value>
            </param>
            <param index="1">
              <value>
                <![CDATA[ewalet]]>
              </value>
            </param>
          </params>
          <reporter-output>
          </reporter-output>
        </test-method> <!-- setUpTCLogin03 -->
        <test-method signature="checkHeader()[pri:0, instance:G2.Project.Test.TS02.TC_Login_03@120d6fe6]" started-at="2020-05-17T14:39:09Z" name="checkHeader" finished-at="2020-05-17T14:39:09Z" duration-ms="1" status="PASS">
          <reporter-output>
          </reporter-output>
        </test-method> <!-- checkHeader -->
        <test-method signature="checkResponseBody()[pri:0, instance:G2.Project.Test.TS02.TC_Login_03@120d6fe6]" started-at="2020-05-17T14:39:09Z" name="checkResponseBody" finished-at="2020-05-17T14:39:09Z" duration-ms="1" status="PASS">
          <reporter-output>
          </reporter-output>
        </test-method> <!-- checkResponseBody -->
        <test-method signature="checkResponseTime()[pri:0, instance:G2.Project.Test.TS02.TC_Login_03@120d6fe6]" started-at="2020-05-17T14:39:09Z" name="checkResponseTime" finished-at="2020-05-17T14:39:09Z" duration-ms="3" status="PASS">
          <reporter-output>
          </reporter-output>
        </test-method> <!-- checkResponseTime -->
        <test-method signature="checkStatusCode()[pri:0, instance:G2.Project.Test.TS02.TC_Login_03@120d6fe6]" started-at="2020-05-17T14:39:09Z" name="checkStatusCode" finished-at="2020-05-17T14:39:09Z" duration-ms="4" status="PASS">
          <reporter-output>
          </reporter-output>
        </test-method> <!-- checkStatusCode -->
        <test-method signature="checkStatusLine()[pri:0, instance:G2.Project.Test.TS02.TC_Login_03@120d6fe6]" started-at="2020-05-17T14:39:09Z" name="checkStatusLine" finished-at="2020-05-17T14:39:09Z" duration-ms="2" status="PASS">
          <reporter-output>
          </reporter-output>
        </test-method> <!-- checkStatusLine -->
      </class> <!-- G2.Project.Test.TS02.TC_Login_03 -->
      <class name="G2.Project.Test.TS02.TC_Login_06">
        <test-method is-config="true" signature="setup()[pri:0, instance:G2.Project.Test.TS02.TC_Login_06@1372ed45]" started-at="2020-05-17T14:39:11Z" name="setup" finished-at="2020-05-17T14:39:11Z" duration-ms="2" status="PASS">
          <reporter-output>
          </reporter-output>
        </test-method> <!-- setup -->
        <test-method is-config="true" signature="setUpTCLogin06(java.lang.String, java.lang.String)[pri:0, instance:G2.Project.Test.TS02.TC_Login_06@1372ed45]" started-at="2020-05-17T14:39:11Z" name="setUpTCLogin06" finished-at="2020-05-17T14:39:11Z" duration-ms="711" status="PASS">
          <params>
            <param index="0">
              <value>
                <![CDATA[6281string]]>
              </value>
            </param>
            <param index="1">
              <value>
                <![CDATA[ewalet]]>
              </value>
            </param>
          </params>
          <reporter-output>
          </reporter-output>
        </test-method> <!-- setUpTCLogin06 -->
        <test-method signature="checkHeader()[pri:0, instance:G2.Project.Test.TS02.TC_Login_06@1372ed45]" started-at="2020-05-17T14:39:11Z" name="checkHeader" finished-at="2020-05-17T14:39:11Z" duration-ms="2" status="PASS">
          <reporter-output>
          </reporter-output>
        </test-method> <!-- checkHeader -->
        <test-method signature="checkResponseBody()[pri:0, instance:G2.Project.Test.TS02.TC_Login_06@1372ed45]" started-at="2020-05-17T14:39:11Z" name="checkResponseBody" finished-at="2020-05-17T14:39:11Z" duration-ms="1" status="PASS">
          <reporter-output>
          </reporter-output>
        </test-method> <!-- checkResponseBody -->
        <test-method signature="checkResponseTime()[pri:0, instance:G2.Project.Test.TS02.TC_Login_06@1372ed45]" started-at="2020-05-17T14:39:11Z" name="checkResponseTime" finished-at="2020-05-17T14:39:11Z" duration-ms="3" status="PASS">
          <reporter-output>
          </reporter-output>
        </test-method> <!-- checkResponseTime -->
        <test-method signature="checkStatusCode()[pri:0, instance:G2.Project.Test.TS02.TC_Login_06@1372ed45]" started-at="2020-05-17T14:39:11Z" name="checkStatusCode" finished-at="2020-05-17T14:39:11Z" duration-ms="3" status="PASS">
          <reporter-output>
          </reporter-output>
        </test-method> <!-- checkStatusCode -->
        <test-method signature="checkStatusLine()[pri:0, instance:G2.Project.Test.TS02.TC_Login_06@1372ed45]" started-at="2020-05-17T14:39:11Z" name="checkStatusLine" finished-at="2020-05-17T14:39:11Z" duration-ms="2" status="PASS">
          <reporter-output>
          </reporter-output>
        </test-method> <!-- checkStatusLine -->
      </class> <!-- G2.Project.Test.TS02.TC_Login_06 -->
      <class name="G2.Project.Test.TS02.TC_Login_05">
        <test-method is-config="true" signature="setup()[pri:0, instance:G2.Project.Test.TS02.TC_Login_05@3444d69d]" started-at="2020-05-17T14:39:10Z" name="setup" finished-at="2020-05-17T14:39:10Z" duration-ms="2" status="PASS">
          <reporter-output>
          </reporter-output>
        </test-method> <!-- setup -->
        <test-method is-config="true" signature="setUpTCLogin05(java.lang.String, java.lang.String)[pri:0, instance:G2.Project.Test.TS02.TC_Login_05@3444d69d]" started-at="2020-05-17T14:39:10Z" name="setUpTCLogin05" finished-at="2020-05-17T14:39:11Z" duration-ms="838" status="PASS">
          <params>
            <param index="0">
              <value>
                <![CDATA[6281string]]>
              </value>
            </param>
            <param index="1">
              <value>
                <![CDATA[e-Walet@01]]>
              </value>
            </param>
          </params>
          <reporter-output>
          </reporter-output>
        </test-method> <!-- setUpTCLogin05 -->
        <test-method signature="checkHeader()[pri:0, instance:G2.Project.Test.TS02.TC_Login_05@3444d69d]" started-at="2020-05-17T14:39:11Z" name="checkHeader" finished-at="2020-05-17T14:39:11Z" duration-ms="1" status="PASS">
          <reporter-output>
          </reporter-output>
        </test-method> <!-- checkHeader -->
        <test-method signature="checkResponseBody()[pri:0, instance:G2.Project.Test.TS02.TC_Login_05@3444d69d]" started-at="2020-05-17T14:39:11Z" name="checkResponseBody" finished-at="2020-05-17T14:39:11Z" duration-ms="1" status="PASS">
          <reporter-output>
          </reporter-output>
        </test-method> <!-- checkResponseBody -->
        <test-method signature="checkResponseTime()[pri:0, instance:G2.Project.Test.TS02.TC_Login_05@3444d69d]" started-at="2020-05-17T14:39:11Z" name="checkResponseTime" finished-at="2020-05-17T14:39:11Z" duration-ms="3" status="PASS">
          <reporter-output>
          </reporter-output>
        </test-method> <!-- checkResponseTime -->
        <test-method signature="checkStatusCode()[pri:0, instance:G2.Project.Test.TS02.TC_Login_05@3444d69d]" started-at="2020-05-17T14:39:11Z" name="checkStatusCode" finished-at="2020-05-17T14:39:11Z" duration-ms="2" status="PASS">
          <reporter-output>
          </reporter-output>
        </test-method> <!-- checkStatusCode -->
        <test-method signature="checkStatusLine()[pri:0, instance:G2.Project.Test.TS02.TC_Login_05@3444d69d]" started-at="2020-05-17T14:39:11Z" name="checkStatusLine" finished-at="2020-05-17T14:39:11Z" duration-ms="2" status="PASS">
          <reporter-output>
          </reporter-output>
        </test-method> <!-- checkStatusLine -->
      </class> <!-- G2.Project.Test.TS02.TC_Login_05 -->
      <class name="G2.Project.Test.TS02.TC_Login_08">
        <test-method is-config="true" signature="setup()[pri:0, instance:G2.Project.Test.TS02.TC_Login_08@37574691]" started-at="2020-05-17T14:39:12Z" name="setup" finished-at="2020-05-17T14:39:12Z" duration-ms="3" status="PASS">
          <reporter-output>
          </reporter-output>
        </test-method> <!-- setup -->
        <test-method is-config="true" signature="setUpTCLogin08(java.lang.String)[pri:0, instance:G2.Project.Test.TS02.TC_Login_08@37574691]" started-at="2020-05-17T14:39:12Z" name="setUpTCLogin08" finished-at="2020-05-17T14:39:13Z" duration-ms="822" status="PASS">
          <params>
            <param index="0">
              <value>
                <![CDATA[e-Walet@01]]>
              </value>
            </param>
          </params>
          <reporter-output>
          </reporter-output>
        </test-method> <!-- setUpTCLogin08 -->
        <test-method signature="checkHeader()[pri:0, instance:G2.Project.Test.TS02.TC_Login_08@37574691]" started-at="2020-05-17T14:39:13Z" name="checkHeader" finished-at="2020-05-17T14:39:13Z" duration-ms="2" status="PASS">
          <reporter-output>
          </reporter-output>
        </test-method> <!-- checkHeader -->
        <test-method signature="checkResponseBody()[pri:0, instance:G2.Project.Test.TS02.TC_Login_08@37574691]" started-at="2020-05-17T14:39:13Z" name="checkResponseBody" finished-at="2020-05-17T14:39:13Z" duration-ms="1" status="PASS">
          <reporter-output>
          </reporter-output>
        </test-method> <!-- checkResponseBody -->
        <test-method signature="checkResponseTime()[pri:0, instance:G2.Project.Test.TS02.TC_Login_08@37574691]" started-at="2020-05-17T14:39:13Z" name="checkResponseTime" finished-at="2020-05-17T14:39:13Z" duration-ms="2" status="PASS">
          <reporter-output>
          </reporter-output>
        </test-method> <!-- checkResponseTime -->
        <test-method signature="checkStatusCode()[pri:0, instance:G2.Project.Test.TS02.TC_Login_08@37574691]" started-at="2020-05-17T14:39:13Z" name="checkStatusCode" finished-at="2020-05-17T14:39:13Z" duration-ms="2" status="PASS">
          <reporter-output>
          </reporter-output>
        </test-method> <!-- checkStatusCode -->
        <test-method signature="checkStatusLine()[pri:0, instance:G2.Project.Test.TS02.TC_Login_08@37574691]" started-at="2020-05-17T14:39:13Z" name="checkStatusLine" finished-at="2020-05-17T14:39:13Z" duration-ms="1" status="PASS">
          <reporter-output>
          </reporter-output>
        </test-method> <!-- checkStatusLine -->
      </class> <!-- G2.Project.Test.TS02.TC_Login_08 -->
      <class name="G2.Project.Test.TS02.TC_Login_07">
        <test-method is-config="true" signature="setup()[pri:0, instance:G2.Project.Test.TS02.TC_Login_07@6a79c292]" started-at="2020-05-17T14:39:11Z" name="setup" finished-at="2020-05-17T14:39:11Z" duration-ms="3" status="PASS">
          <reporter-output>
          </reporter-output>
        </test-method> <!-- setup -->
        <test-method is-config="true" signature="setUpTCLogin07(java.lang.String)[pri:0, instance:G2.Project.Test.TS02.TC_Login_07@6a79c292]" started-at="2020-05-17T14:39:11Z" name="setUpTCLogin07" finished-at="2020-05-17T14:39:12Z" duration-ms="744" status="PASS">
          <params>
            <param index="0">
              <value>
                <![CDATA[6281905218958]]>
              </value>
            </param>
          </params>
          <reporter-output>
          </reporter-output>
        </test-method> <!-- setUpTCLogin07 -->
        <test-method signature="checkHeader()[pri:0, instance:G2.Project.Test.TS02.TC_Login_07@6a79c292]" started-at="2020-05-17T14:39:12Z" name="checkHeader" finished-at="2020-05-17T14:39:12Z" duration-ms="1" status="PASS">
          <reporter-output>
          </reporter-output>
        </test-method> <!-- checkHeader -->
        <test-method signature="checkResponseBody()[pri:0, instance:G2.Project.Test.TS02.TC_Login_07@6a79c292]" started-at="2020-05-17T14:39:12Z" name="checkResponseBody" finished-at="2020-05-17T14:39:12Z" duration-ms="1" status="PASS">
          <reporter-output>
          </reporter-output>
        </test-method> <!-- checkResponseBody -->
        <test-method signature="checkResponseTime()[pri:0, instance:G2.Project.Test.TS02.TC_Login_07@6a79c292]" started-at="2020-05-17T14:39:12Z" name="checkResponseTime" finished-at="2020-05-17T14:39:12Z" duration-ms="2" status="PASS">
          <reporter-output>
          </reporter-output>
        </test-method> <!-- checkResponseTime -->
        <test-method signature="checkStatusCode()[pri:0, instance:G2.Project.Test.TS02.TC_Login_07@6a79c292]" started-at="2020-05-17T14:39:12Z" name="checkStatusCode" finished-at="2020-05-17T14:39:12Z" duration-ms="2" status="PASS">
          <reporter-output>
          </reporter-output>
        </test-method> <!-- checkStatusCode -->
        <test-method signature="checkStatusLine()[pri:0, instance:G2.Project.Test.TS02.TC_Login_07@6a79c292]" started-at="2020-05-17T14:39:12Z" name="checkStatusLine" finished-at="2020-05-17T14:39:12Z" duration-ms="2" status="PASS">
          <reporter-output>
          </reporter-output>
        </test-method> <!-- checkStatusLine -->
      </class> <!-- G2.Project.Test.TS02.TC_Login_07 -->
      <class name="G2.Project.Test.TS02.TC_Login_09">
        <test-method is-config="true" signature="setup()[pri:0, instance:G2.Project.Test.TS02.TC_Login_09@25359ed8]" started-at="2020-05-17T14:39:13Z" name="setup" finished-at="2020-05-17T14:39:13Z" duration-ms="3" status="PASS">
          <reporter-output>
          </reporter-output>
        </test-method> <!-- setup -->
        <test-method is-config="true" signature="setUpTCLogin09()[pri:0, instance:G2.Project.Test.TS02.TC_Login_09@25359ed8]" started-at="2020-05-17T14:39:13Z" name="setUpTCLogin09" finished-at="2020-05-17T14:39:14Z" duration-ms="619" status="PASS">
          <reporter-output>
          </reporter-output>
        </test-method> <!-- setUpTCLogin09 -->
        <test-method signature="checkHeader()[pri:0, instance:G2.Project.Test.TS02.TC_Login_09@25359ed8]" started-at="2020-05-17T14:39:14Z" name="checkHeader" finished-at="2020-05-17T14:39:14Z" duration-ms="2" status="PASS">
          <reporter-output>
          </reporter-output>
        </test-method> <!-- checkHeader -->
        <test-method signature="checkResponseBody()[pri:0, instance:G2.Project.Test.TS02.TC_Login_09@25359ed8]" started-at="2020-05-17T14:39:14Z" name="checkResponseBody" finished-at="2020-05-17T14:39:14Z" duration-ms="2" status="PASS">
          <reporter-output>
          </reporter-output>
        </test-method> <!-- checkResponseBody -->
        <test-method signature="checkResponseTime()[pri:0, instance:G2.Project.Test.TS02.TC_Login_09@25359ed8]" started-at="2020-05-17T14:39:14Z" name="checkResponseTime" finished-at="2020-05-17T14:39:14Z" duration-ms="2" status="PASS">
          <reporter-output>
          </reporter-output>
        </test-method> <!-- checkResponseTime -->
        <test-method signature="checkStatusCode()[pri:0, instance:G2.Project.Test.TS02.TC_Login_09@25359ed8]" started-at="2020-05-17T14:39:14Z" name="checkStatusCode" finished-at="2020-05-17T14:39:14Z" duration-ms="2" status="PASS">
          <reporter-output>
          </reporter-output>
        </test-method> <!-- checkStatusCode -->
        <test-method signature="checkStatusLine()[pri:0, instance:G2.Project.Test.TS02.TC_Login_09@25359ed8]" started-at="2020-05-17T14:39:14Z" name="checkStatusLine" finished-at="2020-05-17T14:39:14Z" duration-ms="1" status="PASS">
          <reporter-output>
          </reporter-output>
        </test-method> <!-- checkStatusLine -->
      </class> <!-- G2.Project.Test.TS02.TC_Login_09 -->
    </test> <!-- LoginResponseTest -->
  </suite> <!-- Verify Login Functionality -->
  <suite started-at="2020-05-17T14:39:17Z" name="Verify GetBalanceCatalog Functionality" finished-at="2020-05-17T14:39:18Z" duration-ms="1200">
    <groups>
    </groups>
    <test started-at="2020-05-17T14:39:17Z" name="GetBalanceCatalogResponseTest" finished-at="2020-05-17T14:39:18Z" duration-ms="1200">
      <class name="G2.Project.Test.TS08.TC_GetBalanceCatalog_02">
        <test-method is-config="true" signature="setup()[pri:0, instance:G2.Project.Test.TS08.TC_GetBalanceCatalog_02@35fc6dc4]" started-at="2020-05-17T14:39:17Z" name="setup" finished-at="2020-05-17T14:39:17Z" duration-ms="2" status="PASS">
          <reporter-output>
          </reporter-output>
        </test-method> <!-- setup -->
        <test-method is-config="true" signature="setUpTCGetBalanceCatalog02(java.lang.String)[pri:0, instance:G2.Project.Test.TS08.TC_GetBalanceCatalog_02@35fc6dc4]" started-at="2020-05-17T14:39:17Z" name="setUpTCGetBalanceCatalog02" finished-at="2020-05-17T14:39:18Z" duration-ms="600" status="PASS">
          <params>
            <param index="0">
              <value>
                <![CDATA[eyJhbGciOiJIUzUxMiJ9.eyJzdWIiOiI2MjgxOTA1MjE4OTU4IiwiZXhwIjoxNTg5NDQ3NDg3LCJpYXQiOjE1ODk0Mjk0ODd9.Qtiv_EvtO81s14UxWyBYf7XTwrMlOhigpnQNtQE-BR8f0Xb1I5onftFT-xDFRU2TXv9VMheQpknSH_o8OD]]>
              </value>
            </param>
          </params>
          <reporter-output>
          </reporter-output>
        </test-method> <!-- setUpTCGetBalanceCatalog02 -->
        <test-method signature="checkResponseBody()[pri:0, instance:G2.Project.Test.TS08.TC_GetBalanceCatalog_02@35fc6dc4]" started-at="2020-05-17T14:39:18Z" name="checkResponseBody" finished-at="2020-05-17T14:39:18Z" duration-ms="1" status="PASS">
          <reporter-output>
          </reporter-output>
        </test-method> <!-- checkResponseBody -->
        <test-method signature="checkResponseTime()[pri:0, instance:G2.Project.Test.TS08.TC_GetBalanceCatalog_02@35fc6dc4]" started-at="2020-05-17T14:39:18Z" name="checkResponseTime" finished-at="2020-05-17T14:39:18Z" duration-ms="2" status="PASS">
          <reporter-output>
          </reporter-output>
        </test-method> <!-- checkResponseTime -->
        <test-method signature="checkStatusCode()[pri:0, instance:G2.Project.Test.TS08.TC_GetBalanceCatalog_02@35fc6dc4]" started-at="2020-05-17T14:39:18Z" name="checkStatusCode" finished-at="2020-05-17T14:39:18Z" duration-ms="2" status="PASS">
          <reporter-output>
          </reporter-output>
        </test-method> <!-- checkStatusCode -->
        <test-method signature="checkStatusLine()[pri:0, instance:G2.Project.Test.TS08.TC_GetBalanceCatalog_02@35fc6dc4]" started-at="2020-05-17T14:39:18Z" name="checkStatusLine" finished-at="2020-05-17T14:39:18Z" duration-ms="2" status="PASS">
          <reporter-output>
          </reporter-output>
        </test-method> <!-- checkStatusLine -->
      </class> <!-- G2.Project.Test.TS08.TC_GetBalanceCatalog_02 -->
      <class name="G2.Project.Test.TS08.TC_GetBalanceCatalog_01">
        <test-method is-config="true" signature="setup()[pri:0, instance:G2.Project.Test.TS08.TC_GetBalanceCatalog_01@77e4c80f]" started-at="2020-05-17T14:39:17Z" name="setup" finished-at="2020-05-17T14:39:17Z" duration-ms="5" status="PASS">
          <reporter-output>
          </reporter-output>
        </test-method> <!-- setup -->
        <test-method is-config="true" signature="setUpTCGetBalanceCatalog01()[pri:0, instance:G2.Project.Test.TS08.TC_GetBalanceCatalog_01@77e4c80f]" started-at="2020-05-17T14:39:17Z" name="setUpTCGetBalanceCatalog01" finished-at="2020-05-17T14:39:17Z" duration-ms="565" status="PASS">
          <reporter-output>
          </reporter-output>
        </test-method> <!-- setUpTCGetBalanceCatalog01 -->
        <test-method signature="checkDataBody()[pri:0, instance:G2.Project.Test.TS08.TC_GetBalanceCatalog_01@77e4c80f]" started-at="2020-05-17T14:39:17Z" name="checkDataBody" finished-at="2020-05-17T14:39:17Z" duration-ms="10" status="PASS">
          <reporter-output>
          </reporter-output>
        </test-method> <!-- checkDataBody -->
        <test-method signature="checkHeader()[pri:0, instance:G2.Project.Test.TS08.TC_GetBalanceCatalog_01@77e4c80f]" started-at="2020-05-17T14:39:17Z" name="checkHeader" finished-at="2020-05-17T14:39:17Z" duration-ms="1" status="PASS">
          <reporter-output>
          </reporter-output>
        </test-method> <!-- checkHeader -->
        <test-method signature="checkResponseBody()[pri:0, instance:G2.Project.Test.TS08.TC_GetBalanceCatalog_01@77e4c80f]" started-at="2020-05-17T14:39:17Z" name="checkResponseBody" finished-at="2020-05-17T14:39:17Z" duration-ms="1" status="PASS">
          <reporter-output>
          </reporter-output>
        </test-method> <!-- checkResponseBody -->
        <test-method signature="checkResponseTime()[pri:0, instance:G2.Project.Test.TS08.TC_GetBalanceCatalog_01@77e4c80f]" started-at="2020-05-17T14:39:17Z" name="checkResponseTime" finished-at="2020-05-17T14:39:17Z" duration-ms="1" status="PASS">
          <reporter-output>
          </reporter-output>
        </test-method> <!-- checkResponseTime -->
        <test-method signature="checkStatusCode()[pri:0, instance:G2.Project.Test.TS08.TC_GetBalanceCatalog_01@77e4c80f]" started-at="2020-05-17T14:39:17Z" name="checkStatusCode" finished-at="2020-05-17T14:39:17Z" duration-ms="1" status="PASS">
          <reporter-output>
          </reporter-output>
        </test-method> <!-- checkStatusCode -->
        <test-method signature="checkStatusLine()[pri:0, instance:G2.Project.Test.TS08.TC_GetBalanceCatalog_01@77e4c80f]" started-at="2020-05-17T14:39:17Z" name="checkStatusLine" finished-at="2020-05-17T14:39:17Z" duration-ms="2" status="PASS">
          <reporter-output>
          </reporter-output>
        </test-method> <!-- checkStatusLine -->
      </class> <!-- G2.Project.Test.TS08.TC_GetBalanceCatalog_01 -->
    </test> <!-- GetBalanceCatalogResponseTest -->
  </suite> <!-- Verify GetBalanceCatalog Functionality -->
  <suite started-at="2020-05-17T14:39:27Z" name="Verify UploadTransferReceipt Functionality" finished-at="2020-05-17T14:39:33Z" duration-ms="6491">
    <groups>
    </groups>
    <test started-at="2020-05-17T14:39:27Z" name="UploadReceiptResponseTest" finished-at="2020-05-17T14:39:33Z" duration-ms="6491">
      <class name="G2.Project.Test.TS13.TC_TransferReceipt_06">
        <test-method is-config="true" signature="setup()[pri:0, instance:G2.Project.Test.TS13.TC_TransferReceipt_06@5b0abc94]" started-at="2020-05-17T14:39:30Z" name="setup" finished-at="2020-05-17T14:39:30Z" duration-ms="2" status="PASS">
          <reporter-output>
          </reporter-output>
        </test-method> <!-- setup -->
        <test-method is-config="true" signature="SettingUp()[pri:0, instance:G2.Project.Test.TS13.TC_TransferReceipt_06@5b0abc94]" started-at="2020-05-17T14:39:30Z" name="SettingUp" finished-at="2020-05-17T14:39:32Z" duration-ms="1218" status="PASS">
          <reporter-output>
          </reporter-output>
        </test-method> <!-- SettingUp -->
        <test-method signature="checkResponseBody()[pri:0, instance:G2.Project.Test.TS13.TC_TransferReceipt_06@5b0abc94]" started-at="2020-05-17T14:39:32Z" name="checkResponseBody" finished-at="2020-05-17T14:39:32Z" duration-ms="2" status="PASS">
          <reporter-output>
          </reporter-output>
        </test-method> <!-- checkResponseBody -->
        <test-method signature="checkResponseTime()[pri:0, instance:G2.Project.Test.TS13.TC_TransferReceipt_06@5b0abc94]" started-at="2020-05-17T14:39:32Z" name="checkResponseTime" finished-at="2020-05-17T14:39:32Z" duration-ms="2" status="PASS">
          <reporter-output>
          </reporter-output>
        </test-method> <!-- checkResponseTime -->
        <test-method signature="checkStatusCode()[pri:0, instance:G2.Project.Test.TS13.TC_TransferReceipt_06@5b0abc94]" started-at="2020-05-17T14:39:32Z" name="checkStatusCode" finished-at="2020-05-17T14:39:32Z" duration-ms="1" status="PASS">
          <reporter-output>
          </reporter-output>
        </test-method> <!-- checkStatusCode -->
        <test-method signature="checkStatusLine()[pri:0, instance:G2.Project.Test.TS13.TC_TransferReceipt_06@5b0abc94]" started-at="2020-05-17T14:39:32Z" name="checkStatusLine" finished-at="2020-05-17T14:39:32Z" duration-ms="1" status="PASS">
          <reporter-output>
          </reporter-output>
        </test-method> <!-- checkStatusLine -->
      </class> <!-- G2.Project.Test.TS13.TC_TransferReceipt_06 -->
      <class name="G2.Project.Test.TS13.TC_TransferReceipt_05">
        <test-method is-config="true" signature="setup()[pri:0, instance:G2.Project.Test.TS13.TC_TransferReceipt_05@7d68ef40]" started-at="2020-05-17T14:39:30Z" name="setup" finished-at="2020-05-17T14:39:30Z" duration-ms="1" status="PASS">
          <reporter-output>
          </reporter-output>
        </test-method> <!-- setup -->
        <test-method is-config="true" signature="SettingUp()[pri:0, instance:G2.Project.Test.TS13.TC_TransferReceipt_05@7d68ef40]" started-at="2020-05-17T14:39:30Z" name="SettingUp" finished-at="2020-05-17T14:39:30Z" duration-ms="646" status="PASS">
          <reporter-output>
          </reporter-output>
        </test-method> <!-- SettingUp -->
        <test-method signature="checkResponseBody()[pri:0, instance:G2.Project.Test.TS13.TC_TransferReceipt_05@7d68ef40]" started-at="2020-05-17T14:39:30Z" name="checkResponseBody" finished-at="2020-05-17T14:39:30Z" duration-ms="1" status="PASS">
          <reporter-output>
          </reporter-output>
        </test-method> <!-- checkResponseBody -->
        <test-method signature="checkResponseTime()[pri:0, instance:G2.Project.Test.TS13.TC_TransferReceipt_05@7d68ef40]" started-at="2020-05-17T14:39:30Z" name="checkResponseTime" finished-at="2020-05-17T14:39:30Z" duration-ms="2" status="PASS">
          <reporter-output>
          </reporter-output>
        </test-method> <!-- checkResponseTime -->
        <test-method signature="checkStatusCode()[pri:0, instance:G2.Project.Test.TS13.TC_TransferReceipt_05@7d68ef40]" started-at="2020-05-17T14:39:30Z" name="checkStatusCode" finished-at="2020-05-17T14:39:30Z" duration-ms="2" status="PASS">
          <reporter-output>
          </reporter-output>
        </test-method> <!-- checkStatusCode -->
        <test-method signature="checkStatusLine()[pri:0, instance:G2.Project.Test.TS13.TC_TransferReceipt_05@7d68ef40]" started-at="2020-05-17T14:39:30Z" name="checkStatusLine" finished-at="2020-05-17T14:39:30Z" duration-ms="2" status="PASS">
          <reporter-output>
          </reporter-output>
        </test-method> <!-- checkStatusLine -->
      </class> <!-- G2.Project.Test.TS13.TC_TransferReceipt_05 -->
      <class name="G2.Project.Test.TS13.TC_TransferReceipt_03">
        <test-method is-config="true" signature="setup()[pri:0, instance:G2.Project.Test.TS13.TC_TransferReceipt_03@123f1134]" started-at="2020-05-17T14:39:28Z" name="setup" finished-at="2020-05-17T14:39:28Z" duration-ms="2" status="PASS">
          <reporter-output>
          </reporter-output>
        </test-method> <!-- setup -->
        <test-method is-config="true" signature="SettingUp()[pri:0, instance:G2.Project.Test.TS13.TC_TransferReceipt_03@123f1134]" started-at="2020-05-17T14:39:28Z" name="SettingUp" finished-at="2020-05-17T14:39:30Z" duration-ms="1985" status="PASS">
          <reporter-output>
          </reporter-output>
        </test-method> <!-- SettingUp -->
        <test-method signature="checkHeader()[pri:0, instance:G2.Project.Test.TS13.TC_TransferReceipt_03@123f1134]" started-at="2020-05-17T14:39:30Z" name="checkHeader" finished-at="2020-05-17T14:39:30Z" duration-ms="2" status="PASS">
          <reporter-output>
          </reporter-output>
        </test-method> <!-- checkHeader -->
        <test-method signature="checkResponseBody()[pri:0, instance:G2.Project.Test.TS13.TC_TransferReceipt_03@123f1134]" started-at="2020-05-17T14:39:30Z" name="checkResponseBody" finished-at="2020-05-17T14:39:30Z" duration-ms="1" status="PASS">
          <reporter-output>
          </reporter-output>
        </test-method> <!-- checkResponseBody -->
        <test-method signature="checkResponseTime()[pri:0, instance:G2.Project.Test.TS13.TC_TransferReceipt_03@123f1134]" started-at="2020-05-17T14:39:30Z" name="checkResponseTime" finished-at="2020-05-17T14:39:30Z" duration-ms="2" status="PASS">
          <reporter-output>
          </reporter-output>
        </test-method> <!-- checkResponseTime -->
        <test-method signature="checkStatusCode()[pri:0, instance:G2.Project.Test.TS13.TC_TransferReceipt_03@123f1134]" started-at="2020-05-17T14:39:30Z" name="checkStatusCode" finished-at="2020-05-17T14:39:30Z" duration-ms="3" status="PASS">
          <reporter-output>
          </reporter-output>
        </test-method> <!-- checkStatusCode -->
        <test-method signature="checkStatusLine()[pri:0, instance:G2.Project.Test.TS13.TC_TransferReceipt_03@123f1134]" started-at="2020-05-17T14:39:30Z" name="checkStatusLine" finished-at="2020-05-17T14:39:30Z" duration-ms="2" status="PASS">
          <reporter-output>
          </reporter-output>
        </test-method> <!-- checkStatusLine -->
      </class> <!-- G2.Project.Test.TS13.TC_TransferReceipt_03 -->
      <class name="G2.Project.Test.TS13.TC_TransferReceipt_01">
        <test-method is-config="true" signature="setup()[pri:0, instance:G2.Project.Test.TS13.TC_TransferReceipt_01@1f1c7bf6]" started-at="2020-05-17T14:39:32Z" name="setup" finished-at="2020-05-17T14:39:32Z" duration-ms="1" status="PASS">
          <reporter-output>
          </reporter-output>
        </test-method> <!-- setup -->
        <test-method is-config="true" signature="SettingUp()[pri:0, instance:G2.Project.Test.TS13.TC_TransferReceipt_01@1f1c7bf6]" started-at="2020-05-17T14:39:32Z" name="SettingUp" finished-at="2020-05-17T14:39:33Z" duration-ms="1355" status="PASS">
          <reporter-output>
          </reporter-output>
        </test-method> <!-- SettingUp -->
        <test-method signature="checkHeader()[pri:0, instance:G2.Project.Test.TS13.TC_TransferReceipt_01@1f1c7bf6]" started-at="2020-05-17T14:39:33Z" name="checkHeader" finished-at="2020-05-17T14:39:33Z" duration-ms="8" status="PASS">
          <reporter-output>
          </reporter-output>
        </test-method> <!-- checkHeader -->
        <test-method signature="checkResponseBody()[pri:0, instance:G2.Project.Test.TS13.TC_TransferReceipt_01@1f1c7bf6]" started-at="2020-05-17T14:39:33Z" name="checkResponseBody" finished-at="2020-05-17T14:39:33Z" duration-ms="1" status="PASS">
          <reporter-output>
          </reporter-output>
        </test-method> <!-- checkResponseBody -->
        <test-method signature="checkResponseTime()[pri:0, instance:G2.Project.Test.TS13.TC_TransferReceipt_01@1f1c7bf6]" started-at="2020-05-17T14:39:33Z" name="checkResponseTime" finished-at="2020-05-17T14:39:33Z" duration-ms="2" status="PASS">
          <reporter-output>
          </reporter-output>
        </test-method> <!-- checkResponseTime -->
        <test-method signature="checkStatusCode()[pri:0, instance:G2.Project.Test.TS13.TC_TransferReceipt_01@1f1c7bf6]" started-at="2020-05-17T14:39:33Z" name="checkStatusCode" finished-at="2020-05-17T14:39:33Z" duration-ms="2" status="PASS">
          <reporter-output>
          </reporter-output>
        </test-method> <!-- checkStatusCode -->
        <test-method signature="checkStatusLine()[pri:0, instance:G2.Project.Test.TS13.TC_TransferReceipt_01@1f1c7bf6]" started-at="2020-05-17T14:39:33Z" name="checkStatusLine" finished-at="2020-05-17T14:39:33Z" duration-ms="1" status="PASS">
          <reporter-output>
          </reporter-output>
        </test-method> <!-- checkStatusLine -->
      </class> <!-- G2.Project.Test.TS13.TC_TransferReceipt_01 -->
      <class name="G2.Project.Test.TS13.Setting">
        <test-method is-config="true" signature="SettingUp()[pri:0, instance:G2.Project.Test.TS13.Setting@482cd91f]" started-at="2020-05-17T14:39:27Z" name="SettingUp" finished-at="2020-05-17T14:39:28Z" duration-ms="651" status="PASS">
          <reporter-output>
          </reporter-output>
        </test-method> <!-- SettingUp -->
      </class> <!-- G2.Project.Test.TS13.Setting -->
      <class name="G2.Project.Test.TS13.TC_TransferReceipt_07">
        <test-method is-config="true" signature="setup()[pri:0, instance:G2.Project.Test.TS13.TC_TransferReceipt_07@75c072cb]" started-at="2020-05-17T14:39:32Z" name="setup" finished-at="2020-05-17T14:39:32Z" duration-ms="2" status="PASS">
          <reporter-output>
          </reporter-output>
        </test-method> <!-- setup -->
        <test-method is-config="true" signature="SettingUp()[pri:0, instance:G2.Project.Test.TS13.TC_TransferReceipt_07@75c072cb]" started-at="2020-05-17T14:39:32Z" name="SettingUp" finished-at="2020-05-17T14:39:32Z" duration-ms="571" status="PASS">
          <reporter-output>
          </reporter-output>
        </test-method> <!-- SettingUp -->
        <test-method signature="checkResponseBody()[pri:0, instance:G2.Project.Test.TS13.TC_TransferReceipt_07@75c072cb]" started-at="2020-05-17T14:39:32Z" name="checkResponseBody" finished-at="2020-05-17T14:39:32Z" duration-ms="1" status="PASS">
          <reporter-output>
          </reporter-output>
        </test-method> <!-- checkResponseBody -->
        <test-method signature="checkResponseTime()[pri:0, instance:G2.Project.Test.TS13.TC_TransferReceipt_07@75c072cb]" started-at="2020-05-17T14:39:32Z" name="checkResponseTime" finished-at="2020-05-17T14:39:32Z" duration-ms="2" status="PASS">
          <reporter-output>
          </reporter-output>
        </test-method> <!-- checkResponseTime -->
        <test-method signature="checkStatusCode()[pri:0, instance:G2.Project.Test.TS13.TC_TransferReceipt_07@75c072cb]" started-at="2020-05-17T14:39:32Z" name="checkStatusCode" finished-at="2020-05-17T14:39:32Z" duration-ms="1" status="PASS">
          <reporter-output>
          </reporter-output>
        </test-method> <!-- checkStatusCode -->
        <test-method signature="checkStatusLine()[pri:0, instance:G2.Project.Test.TS13.TC_TransferReceipt_07@75c072cb]" started-at="2020-05-17T14:39:32Z" name="checkStatusLine" finished-at="2020-05-17T14:39:32Z" duration-ms="1" status="PASS">
          <reporter-output>
          </reporter-output>
        </test-method> <!-- checkStatusLine -->
      </class> <!-- G2.Project.Test.TS13.TC_TransferReceipt_07 -->
    </test> <!-- UploadReceiptResponseTest -->
  </suite> <!-- Verify UploadTransferReceipt Functionality -->
  <suite started-at="2020-05-17T14:39:19Z" name="Verify ConfirmMerchantTopUp Functionality" finished-at="2020-05-17T14:39:22Z" duration-ms="2814">
    <groups>
    </groups>
    <test started-at="2020-05-17T14:39:19Z" name="ConfirmMerchantTopupResponseTest" finished-at="2020-05-17T14:39:22Z" duration-ms="2814">
      <class name="G2.Project.Test.TS10.Setting">
        <test-method is-config="true" signature="SettingUp()[pri:0, instance:G2.Project.Test.TS10.Setting@770c2e6b]" started-at="2020-05-17T14:39:19Z" name="SettingUp" finished-at="2020-05-17T14:39:20Z" duration-ms="669" status="PASS">
          <reporter-output>
          </reporter-output>
        </test-method> <!-- SettingUp -->
      </class> <!-- G2.Project.Test.TS10.Setting -->
      <class name="G2.Project.Test.TS10.TC_ConfirmMerchantTopup_01">
        <test-method is-config="true" signature="setup()[pri:0, instance:G2.Project.Test.TS10.TC_ConfirmMerchantTopup_01@61009542]" started-at="2020-05-17T14:39:21Z" name="setup" finished-at="2020-05-17T14:39:21Z" duration-ms="2" status="PASS">
          <reporter-output>
          </reporter-output>
        </test-method> <!-- setup -->
        <test-method is-config="true" signature="SettingUp()[pri:0, instance:G2.Project.Test.TS10.TC_ConfirmMerchantTopup_01@61009542]" started-at="2020-05-17T14:39:21Z" name="SettingUp" finished-at="2020-05-17T14:39:22Z" duration-ms="688" status="PASS">
          <reporter-output>
          </reporter-output>
        </test-method> <!-- SettingUp -->
        <test-method signature="checkHeader()[pri:0, instance:G2.Project.Test.TS10.TC_ConfirmMerchantTopup_01@61009542]" started-at="2020-05-17T14:39:22Z" name="checkHeader" finished-at="2020-05-17T14:39:22Z" duration-ms="1" status="PASS">
          <reporter-output>
          </reporter-output>
        </test-method> <!-- checkHeader -->
        <test-method signature="checkResponseBody()[pri:0, instance:G2.Project.Test.TS10.TC_ConfirmMerchantTopup_01@61009542]" started-at="2020-05-17T14:39:22Z" name="checkResponseBody" finished-at="2020-05-17T14:39:22Z" duration-ms="1" status="PASS">
          <reporter-output>
          </reporter-output>
        </test-method> <!-- checkResponseBody -->
        <test-method signature="checkResponseTime()[pri:0, instance:G2.Project.Test.TS10.TC_ConfirmMerchantTopup_01@61009542]" started-at="2020-05-17T14:39:22Z" name="checkResponseTime" finished-at="2020-05-17T14:39:22Z" duration-ms="2" status="PASS">
          <reporter-output>
          </reporter-output>
        </test-method> <!-- checkResponseTime -->
        <test-method signature="checkStatusCode()[pri:0, instance:G2.Project.Test.TS10.TC_ConfirmMerchantTopup_01@61009542]" started-at="2020-05-17T14:39:22Z" name="checkStatusCode" finished-at="2020-05-17T14:39:22Z" duration-ms="2" status="PASS">
          <reporter-output>
          </reporter-output>
        </test-method> <!-- checkStatusCode -->
        <test-method signature="checkStatusLine()[pri:0, instance:G2.Project.Test.TS10.TC_ConfirmMerchantTopup_01@61009542]" started-at="2020-05-17T14:39:22Z" name="checkStatusLine" finished-at="2020-05-17T14:39:22Z" duration-ms="2" status="PASS">
          <reporter-output>
          </reporter-output>
        </test-method> <!-- checkStatusLine -->
      </class> <!-- G2.Project.Test.TS10.TC_ConfirmMerchantTopup_01 -->
      <class name="G2.Project.Test.TS10.TC_ConfirmMerchantTopup_02">
        <test-method is-config="true" signature="setup()[pri:0, instance:G2.Project.Test.TS10.TC_ConfirmMerchantTopup_02@1a052a00]" started-at="2020-05-17T14:39:20Z" name="setup" finished-at="2020-05-17T14:39:20Z" duration-ms="1" status="PASS">
          <reporter-output>
          </reporter-output>
        </test-method> <!-- setup -->
        <test-method is-config="true" signature="SettingUp()[pri:0, instance:G2.Project.Test.TS10.TC_ConfirmMerchantTopup_02@1a052a00]" started-at="2020-05-17T14:39:20Z" name="SettingUp" finished-at="2020-05-17T14:39:21Z" duration-ms="699" status="PASS">
          <reporter-output>
          </reporter-output>
        </test-method> <!-- SettingUp -->
        <test-method signature="checkHeader()[pri:0, instance:G2.Project.Test.TS10.TC_ConfirmMerchantTopup_02@1a052a00]" started-at="2020-05-17T14:39:21Z" name="checkHeader" finished-at="2020-05-17T14:39:21Z" duration-ms="1" status="PASS">
          <reporter-output>
          </reporter-output>
        </test-method> <!-- checkHeader -->
        <test-method signature="checkResponseBody()[pri:0, instance:G2.Project.Test.TS10.TC_ConfirmMerchantTopup_02@1a052a00]" started-at="2020-05-17T14:39:21Z" name="checkResponseBody" finished-at="2020-05-17T14:39:21Z" duration-ms="1" status="PASS">
          <reporter-output>
          </reporter-output>
        </test-method> <!-- checkResponseBody -->
        <test-method signature="checkResponseTime()[pri:0, instance:G2.Project.Test.TS10.TC_ConfirmMerchantTopup_02@1a052a00]" started-at="2020-05-17T14:39:21Z" name="checkResponseTime" finished-at="2020-05-17T14:39:21Z" duration-ms="2" status="PASS">
          <reporter-output>
          </reporter-output>
        </test-method> <!-- checkResponseTime -->
        <test-method signature="checkStatusCode()[pri:0, instance:G2.Project.Test.TS10.TC_ConfirmMerchantTopup_02@1a052a00]" started-at="2020-05-17T14:39:21Z" name="checkStatusCode" finished-at="2020-05-17T14:39:21Z" duration-ms="2" status="PASS">
          <reporter-output>
          </reporter-output>
        </test-method> <!-- checkStatusCode -->
        <test-method signature="checkStatusLine()[pri:0, instance:G2.Project.Test.TS10.TC_ConfirmMerchantTopup_02@1a052a00]" started-at="2020-05-17T14:39:21Z" name="checkStatusLine" finished-at="2020-05-17T14:39:21Z" duration-ms="3" status="PASS">
          <reporter-output>
          </reporter-output>
        </test-method> <!-- checkStatusLine -->
      </class> <!-- G2.Project.Test.TS10.TC_ConfirmMerchantTopup_02 -->
      <class name="G2.Project.Test.TS10.TC_ConfirmMerchantTopup_03">
        <test-method is-config="true" signature="setup()[pri:0, instance:G2.Project.Test.TS10.TC_ConfirmMerchantTopup_03@4d826d77]" started-at="2020-05-17T14:39:21Z" name="setup" finished-at="2020-05-17T14:39:21Z" duration-ms="1" status="PASS">
          <reporter-output>
          </reporter-output>
        </test-method> <!-- setup -->
        <test-method is-config="true" signature="SettingUp()[pri:0, instance:G2.Project.Test.TS10.TC_ConfirmMerchantTopup_03@4d826d77]" started-at="2020-05-17T14:39:21Z" name="SettingUp" finished-at="2020-05-17T14:39:21Z" duration-ms="720" status="PASS">
          <reporter-output>
          </reporter-output>
        </test-method> <!-- SettingUp -->
        <test-method signature="checkHeader()[pri:0, instance:G2.Project.Test.TS10.TC_ConfirmMerchantTopup_03@4d826d77]" started-at="2020-05-17T14:39:21Z" name="checkHeader" finished-at="2020-05-17T14:39:21Z" duration-ms="1" status="PASS">
          <reporter-output>
          </reporter-output>
        </test-method> <!-- checkHeader -->
        <test-method signature="checkResponseBody()[pri:0, instance:G2.Project.Test.TS10.TC_ConfirmMerchantTopup_03@4d826d77]" started-at="2020-05-17T14:39:21Z" name="checkResponseBody" finished-at="2020-05-17T14:39:21Z" duration-ms="1" status="PASS">
          <reporter-output>
          </reporter-output>
        </test-method> <!-- checkResponseBody -->
        <test-method signature="checkResponseTime()[pri:0, instance:G2.Project.Test.TS10.TC_ConfirmMerchantTopup_03@4d826d77]" started-at="2020-05-17T14:39:21Z" name="checkResponseTime" finished-at="2020-05-17T14:39:21Z" duration-ms="1" status="PASS">
          <reporter-output>
          </reporter-output>
        </test-method> <!-- checkResponseTime -->
        <test-method signature="checkStatusCode()[pri:0, instance:G2.Project.Test.TS10.TC_ConfirmMerchantTopup_03@4d826d77]" started-at="2020-05-17T14:39:21Z" name="checkStatusCode" finished-at="2020-05-17T14:39:21Z" duration-ms="1" status="PASS">
          <reporter-output>
          </reporter-output>
        </test-method> <!-- checkStatusCode -->
        <test-method signature="checkStatusLine()[pri:0, instance:G2.Project.Test.TS10.TC_ConfirmMerchantTopup_03@4d826d77]" started-at="2020-05-17T14:39:21Z" name="checkStatusLine" finished-at="2020-05-17T14:39:21Z" duration-ms="1" status="PASS">
          <reporter-output>
          </reporter-output>
        </test-method> <!-- checkStatusLine -->
      </class> <!-- G2.Project.Test.TS10.TC_ConfirmMerchantTopup_03 -->
    </test> <!-- ConfirmMerchantTopupResponseTest -->
  </suite> <!-- Verify ConfirmMerchantTopUp Functionality -->
  <suite started-at="2020-05-17T14:39:14Z" name="Verify GetUserProfile Functionality" finished-at="2020-05-17T14:39:15Z" duration-ms="1288">
    <groups>
    </groups>
    <test started-at="2020-05-17T14:39:14Z" name="GetUserProfileResponseTest" finished-at="2020-05-17T14:39:15Z" duration-ms="1288">
      <class name="G2.Project.Test.TS06.TC_GetUserProfile_01">
        <test-method is-config="true" signature="setup()[pri:0, instance:G2.Project.Test.TS06.TC_GetUserProfile_01@70b0b186]" started-at="2020-05-17T14:39:14Z" name="setup" finished-at="2020-05-17T14:39:14Z" duration-ms="1" status="PASS">
          <reporter-output>
          </reporter-output>
        </test-method> <!-- setup -->
        <test-method is-config="true" signature="setUpTCGetUserProfile01()[pri:0, instance:G2.Project.Test.TS06.TC_GetUserProfile_01@70b0b186]" started-at="2020-05-17T14:39:14Z" name="setUpTCGetUserProfile01" finished-at="2020-05-17T14:39:15Z" duration-ms="610" status="PASS">
          <reporter-output>
          </reporter-output>
        </test-method> <!-- setUpTCGetUserProfile01 -->
        <test-method signature="checkDataBody()[pri:0, instance:G2.Project.Test.TS06.TC_GetUserProfile_01@70b0b186]" started-at="2020-05-17T14:39:15Z" name="checkDataBody" finished-at="2020-05-17T14:39:15Z" duration-ms="13" status="PASS">
          <reporter-output>
          </reporter-output>
        </test-method> <!-- checkDataBody -->
        <test-method signature="checkHeader()[pri:0, instance:G2.Project.Test.TS06.TC_GetUserProfile_01@70b0b186]" started-at="2020-05-17T14:39:15Z" name="checkHeader" finished-at="2020-05-17T14:39:15Z" duration-ms="1" status="PASS">
          <reporter-output>
          </reporter-output>
        </test-method> <!-- checkHeader -->
        <test-method signature="checkResponseBody()[pri:0, instance:G2.Project.Test.TS06.TC_GetUserProfile_01@70b0b186]" started-at="2020-05-17T14:39:15Z" name="checkResponseBody" finished-at="2020-05-17T14:39:15Z" duration-ms="1" status="PASS">
          <reporter-output>
          </reporter-output>
        </test-method> <!-- checkResponseBody -->
        <test-method signature="checkResponseTime()[pri:0, instance:G2.Project.Test.TS06.TC_GetUserProfile_01@70b0b186]" started-at="2020-05-17T14:39:15Z" name="checkResponseTime" finished-at="2020-05-17T14:39:15Z" duration-ms="2" status="PASS">
          <reporter-output>
          </reporter-output>
        </test-method> <!-- checkResponseTime -->
        <test-method signature="checkStatusCode()[pri:0, instance:G2.Project.Test.TS06.TC_GetUserProfile_01@70b0b186]" started-at="2020-05-17T14:39:15Z" name="checkStatusCode" finished-at="2020-05-17T14:39:15Z" duration-ms="4" status="PASS">
          <reporter-output>
          </reporter-output>
        </test-method> <!-- checkStatusCode -->
        <test-method signature="checkStatusLine()[pri:0, instance:G2.Project.Test.TS06.TC_GetUserProfile_01@70b0b186]" started-at="2020-05-17T14:39:15Z" name="checkStatusLine" finished-at="2020-05-17T14:39:15Z" duration-ms="3" status="PASS">
          <reporter-output>
          </reporter-output>
        </test-method> <!-- checkStatusLine -->
      </class> <!-- G2.Project.Test.TS06.TC_GetUserProfile_01 -->
      <class name="G2.Project.Test.TS06.TC_GetUserProfile_02">
        <test-method is-config="true" signature="setup()[pri:0, instance:G2.Project.Test.TS06.TC_GetUserProfile_02@ba8d91c]" started-at="2020-05-17T14:39:15Z" name="setup" finished-at="2020-05-17T14:39:15Z" duration-ms="2" status="PASS">
          <reporter-output>
          </reporter-output>
        </test-method> <!-- setup -->
        <test-method is-config="true" signature="setUpTCGetUserProfile02(java.lang.String)[pri:0, instance:G2.Project.Test.TS06.TC_GetUserProfile_02@ba8d91c]" started-at="2020-05-17T14:39:15Z" name="setUpTCGetUserProfile02" finished-at="2020-05-17T14:39:15Z" duration-ms="634" status="PASS">
          <params>
            <param index="0">
              <value>
                <![CDATA[eyJhbGciOiJIUzUxMiJ9.eyJzdWIiOiI2MjgxOTA1MjE4OTU4IiwiZXhwIjoxNTg5NDQ3NDg3LCJpYXQiOjE1ODk0Mjk0ODd9.Qtiv_EvtO81s14UxWyBYf7XTwrMlOhigpnQNtQE-BR8f0Xb1I5onftFT-xDFRU2TXv9VMheQpknSH_o8OD]]>
              </value>
            </param>
          </params>
          <reporter-output>
          </reporter-output>
        </test-method> <!-- setUpTCGetUserProfile02 -->
        <test-method signature="checkResponseBody()[pri:0, instance:G2.Project.Test.TS06.TC_GetUserProfile_02@ba8d91c]" started-at="2020-05-17T14:39:15Z" name="checkResponseBody" finished-at="2020-05-17T14:39:15Z" duration-ms="3" status="PASS">
          <reporter-output>
          </reporter-output>
        </test-method> <!-- checkResponseBody -->
        <test-method signature="checkResponseTime()[pri:0, instance:G2.Project.Test.TS06.TC_GetUserProfile_02@ba8d91c]" started-at="2020-05-17T14:39:15Z" name="checkResponseTime" finished-at="2020-05-17T14:39:15Z" duration-ms="3" status="PASS">
          <reporter-output>
          </reporter-output>
        </test-method> <!-- checkResponseTime -->
        <test-method signature="checkStatusCode()[pri:0, instance:G2.Project.Test.TS06.TC_GetUserProfile_02@ba8d91c]" started-at="2020-05-17T14:39:15Z" name="checkStatusCode" finished-at="2020-05-17T14:39:15Z" duration-ms="2" status="PASS">
          <reporter-output>
          </reporter-output>
        </test-method> <!-- checkStatusCode -->
        <test-method signature="checkStatusLine()[pri:0, instance:G2.Project.Test.TS06.TC_GetUserProfile_02@ba8d91c]" started-at="2020-05-17T14:39:15Z" name="checkStatusLine" finished-at="2020-05-17T14:39:15Z" duration-ms="2" status="PASS">
          <reporter-output>
          </reporter-output>
        </test-method> <!-- checkStatusLine -->
      </class> <!-- G2.Project.Test.TS06.TC_GetUserProfile_02 -->
    </test> <!-- GetUserProfileResponseTest -->
  </suite> <!-- Verify GetUserProfile Functionality -->
  <suite started-at="2020-05-17T14:39:15Z" name="Verify GetUserBalance Functionality" finished-at="2020-05-17T14:39:17Z" duration-ms="1215">
    <groups>
    </groups>
    <test started-at="2020-05-17T14:39:15Z" name="GetUserBalanceResponseTest" finished-at="2020-05-17T14:39:17Z" duration-ms="1215">
      <class name="G2.Project.Test.TS07.TC_GetUserBalance_01">
        <test-method is-config="true" signature="setup()[pri:0, instance:G2.Project.Test.TS07.TC_GetUserBalance_01@69b794e2]" started-at="2020-05-17T14:39:15Z" name="setup" finished-at="2020-05-17T14:39:15Z" duration-ms="2" status="PASS">
          <reporter-output>
          </reporter-output>
        </test-method> <!-- setup -->
        <test-method is-config="true" signature="setUpTCGetUserBalance01()[pri:0, instance:G2.Project.Test.TS07.TC_GetUserBalance_01@69b794e2]" started-at="2020-05-17T14:39:15Z" name="setUpTCGetUserBalance01" finished-at="2020-05-17T14:39:16Z" duration-ms="613" status="PASS">
          <reporter-output>
          </reporter-output>
        </test-method> <!-- setUpTCGetUserBalance01 -->
        <test-method signature="checkDataBody()[pri:0, instance:G2.Project.Test.TS07.TC_GetUserBalance_01@69b794e2]" started-at="2020-05-17T14:39:16Z" name="checkDataBody" finished-at="2020-05-17T14:39:16Z" duration-ms="9" status="PASS">
          <reporter-output>
          </reporter-output>
        </test-method> <!-- checkDataBody -->
        <test-method signature="checkHeader()[pri:0, instance:G2.Project.Test.TS07.TC_GetUserBalance_01@69b794e2]" started-at="2020-05-17T14:39:16Z" name="checkHeader" finished-at="2020-05-17T14:39:16Z" duration-ms="1" status="PASS">
          <reporter-output>
          </reporter-output>
        </test-method> <!-- checkHeader -->
        <test-method signature="checkResponseBody()[pri:0, instance:G2.Project.Test.TS07.TC_GetUserBalance_01@69b794e2]" started-at="2020-05-17T14:39:16Z" name="checkResponseBody" finished-at="2020-05-17T14:39:16Z" duration-ms="1" status="PASS">
          <reporter-output>
          </reporter-output>
        </test-method> <!-- checkResponseBody -->
        <test-method signature="checkResponseTime()[pri:0, instance:G2.Project.Test.TS07.TC_GetUserBalance_01@69b794e2]" started-at="2020-05-17T14:39:16Z" name="checkResponseTime" finished-at="2020-05-17T14:39:16Z" duration-ms="1" status="PASS">
          <reporter-output>
          </reporter-output>
        </test-method> <!-- checkResponseTime -->
        <test-method signature="checkStatusCode()[pri:0, instance:G2.Project.Test.TS07.TC_GetUserBalance_01@69b794e2]" started-at="2020-05-17T14:39:16Z" name="checkStatusCode" finished-at="2020-05-17T14:39:16Z" duration-ms="1" status="PASS">
          <reporter-output>
          </reporter-output>
        </test-method> <!-- checkStatusCode -->
        <test-method signature="checkStatusLine()[pri:0, instance:G2.Project.Test.TS07.TC_GetUserBalance_01@69b794e2]" started-at="2020-05-17T14:39:16Z" name="checkStatusLine" finished-at="2020-05-17T14:39:16Z" duration-ms="2" status="PASS">
          <reporter-output>
          </reporter-output>
        </test-method> <!-- checkStatusLine -->
      </class> <!-- G2.Project.Test.TS07.TC_GetUserBalance_01 -->
      <class name="G2.Project.Test.TS07.TC_GetUserBalance_02">
        <test-method is-config="true" signature="setup()[pri:0, instance:G2.Project.Test.TS07.TC_GetUserBalance_02@3f200884]" started-at="2020-05-17T14:39:16Z" name="setup" finished-at="2020-05-17T14:39:16Z" duration-ms="3" status="PASS">
          <reporter-output>
          </reporter-output>
        </test-method> <!-- setup -->
        <test-method is-config="true" signature="setUpTCGetUserBalance02(java.lang.String)[pri:0, instance:G2.Project.Test.TS07.TC_GetUserBalance_02@3f200884]" started-at="2020-05-17T14:39:16Z" name="setUpTCGetUserBalance02" finished-at="2020-05-17T14:39:17Z" duration-ms="569" status="PASS">
          <params>
            <param index="0">
              <value>
                <![CDATA[eyJhbGciOiJIUzUxMiJ9.eyJzdWIiOiI2MjgxOTA1MjE4OTU4IiwiZXhwIjoxNTg5NDQ3NDg3LCJpYXQiOjE1ODk0Mjk0ODd9.Qtiv_EvtO81s14UxWyBYf7XTwrMlOhigpnQNtQE-BR8f0Xb1I5onftFT-xDFRU2TXv9VMheQpknSH_o8OD]]>
              </value>
            </param>
          </params>
          <reporter-output>
          </reporter-output>
        </test-method> <!-- setUpTCGetUserBalance02 -->
        <test-method signature="checkResponseBody()[pri:0, instance:G2.Project.Test.TS07.TC_GetUserBalance_02@3f200884]" started-at="2020-05-17T14:39:17Z" name="checkResponseBody" finished-at="2020-05-17T14:39:17Z" duration-ms="2" status="PASS">
          <reporter-output>
          </reporter-output>
        </test-method> <!-- checkResponseBody -->
        <test-method signature="checkResponseTime()[pri:0, instance:G2.Project.Test.TS07.TC_GetUserBalance_02@3f200884]" started-at="2020-05-17T14:39:17Z" name="checkResponseTime" finished-at="2020-05-17T14:39:17Z" duration-ms="2" status="PASS">
          <reporter-output>
          </reporter-output>
        </test-method> <!-- checkResponseTime -->
        <test-method signature="checkStatusCode()[pri:0, instance:G2.Project.Test.TS07.TC_GetUserBalance_02@3f200884]" started-at="2020-05-17T14:39:17Z" name="checkStatusCode" finished-at="2020-05-17T14:39:17Z" duration-ms="1" status="PASS">
          <reporter-output>
          </reporter-output>
        </test-method> <!-- checkStatusCode -->
        <test-method signature="checkStatusLine()[pri:0, instance:G2.Project.Test.TS07.TC_GetUserBalance_02@3f200884]" started-at="2020-05-17T14:39:17Z" name="checkStatusLine" finished-at="2020-05-17T14:39:17Z" duration-ms="1" status="PASS">
          <reporter-output>
          </reporter-output>
        </test-method> <!-- checkStatusLine -->
      </class> <!-- G2.Project.Test.TS07.TC_GetUserBalance_02 -->
    </test> <!-- GetUserBalanceResponseTest -->
  </suite> <!-- Verify GetUserBalance Functionality -->
  <suite started-at="2020-05-17T14:39:18Z" name="Verify GetPaymentMethod Functionality" finished-at="2020-05-17T14:39:19Z" duration-ms="1288">
    <groups>
    </groups>
    <test started-at="2020-05-17T14:39:18Z" name="GetPaymentMethodResponseTest" finished-at="2020-05-17T14:39:19Z" duration-ms="1288">
      <class name="G2.Project.Test.TS09.TC_GetPaymentMethod_01">
        <test-method is-config="true" signature="setup()[pri:0, instance:G2.Project.Test.TS09.TC_GetPaymentMethod_01@491666ad]" started-at="2020-05-17T14:39:18Z" name="setup" finished-at="2020-05-17T14:39:18Z" duration-ms="5" status="PASS">
          <reporter-output>
          </reporter-output>
        </test-method> <!-- setup -->
        <test-method is-config="true" signature="setUpTCGetPaymentMethod01()[pri:0, instance:G2.Project.Test.TS09.TC_GetPaymentMethod_01@491666ad]" started-at="2020-05-17T14:39:18Z" name="setUpTCGetPaymentMethod01" finished-at="2020-05-17T14:39:19Z" duration-ms="651" status="PASS">
          <reporter-output>
          </reporter-output>
        </test-method> <!-- setUpTCGetPaymentMethod01 -->
        <test-method signature="checkDataBody()[pri:0, instance:G2.Project.Test.TS09.TC_GetPaymentMethod_01@491666ad]" started-at="2020-05-17T14:39:19Z" name="checkDataBody" finished-at="2020-05-17T14:39:19Z" duration-ms="9" status="PASS">
          <reporter-output>
          </reporter-output>
        </test-method> <!-- checkDataBody -->
        <test-method signature="checkHeader()[pri:0, instance:G2.Project.Test.TS09.TC_GetPaymentMethod_01@491666ad]" started-at="2020-05-17T14:39:19Z" name="checkHeader" finished-at="2020-05-17T14:39:19Z" duration-ms="1" status="PASS">
          <reporter-output>
          </reporter-output>
        </test-method> <!-- checkHeader -->
        <test-method signature="checkResponseBody()[pri:0, instance:G2.Project.Test.TS09.TC_GetPaymentMethod_01@491666ad]" started-at="2020-05-17T14:39:19Z" name="checkResponseBody" finished-at="2020-05-17T14:39:19Z" duration-ms="1" status="PASS">
          <reporter-output>
          </reporter-output>
        </test-method> <!-- checkResponseBody -->
        <test-method signature="checkResponseTime()[pri:0, instance:G2.Project.Test.TS09.TC_GetPaymentMethod_01@491666ad]" started-at="2020-05-17T14:39:19Z" name="checkResponseTime" finished-at="2020-05-17T14:39:19Z" duration-ms="1" status="PASS">
          <reporter-output>
          </reporter-output>
        </test-method> <!-- checkResponseTime -->
        <test-method signature="checkStatusCode()[pri:0, instance:G2.Project.Test.TS09.TC_GetPaymentMethod_01@491666ad]" started-at="2020-05-17T14:39:19Z" name="checkStatusCode" finished-at="2020-05-17T14:39:19Z" duration-ms="2" status="PASS">
          <reporter-output>
          </reporter-output>
        </test-method> <!-- checkStatusCode -->
        <test-method signature="checkStatusLine()[pri:0, instance:G2.Project.Test.TS09.TC_GetPaymentMethod_01@491666ad]" started-at="2020-05-17T14:39:19Z" name="checkStatusLine" finished-at="2020-05-17T14:39:19Z" duration-ms="1" status="PASS">
          <reporter-output>
          </reporter-output>
        </test-method> <!-- checkStatusLine -->
      </class> <!-- G2.Project.Test.TS09.TC_GetPaymentMethod_01 -->
      <class name="G2.Project.Test.TS09.TC_GetPaymentMethod_02">
        <test-method is-config="true" signature="setup()[pri:0, instance:G2.Project.Test.TS09.TC_GetPaymentMethod_02@176d53b2]" started-at="2020-05-17T14:39:19Z" name="setup" finished-at="2020-05-17T14:39:19Z" duration-ms="2" status="PASS">
          <reporter-output>
          </reporter-output>
        </test-method> <!-- setup -->
        <test-method is-config="true" signature="setUpTCGetPaymentMethod02(java.lang.String)[pri:0, instance:G2.Project.Test.TS09.TC_GetPaymentMethod_02@176d53b2]" started-at="2020-05-17T14:39:19Z" name="setUpTCGetPaymentMethod02" finished-at="2020-05-17T14:39:19Z" duration-ms="606" status="PASS">
          <params>
            <param index="0">
              <value>
                <![CDATA[eyJhbGciOiJIUzUxMiJ9.eyJzdWIiOiI2MjgxOTA1MjE4OTU4IiwiZXhwIjoxNTg5NDQ3NDg3LCJpYXQiOjE1ODk0Mjk0ODd9.Qtiv_EvtO81s14UxWyBYf7XTwrMlOhigpnQNtQE-BR8f0Xb1I5onftFT-xDFRU2TXv9VMheQpknSH_o8OD]]>
              </value>
            </param>
          </params>
          <reporter-output>
          </reporter-output>
        </test-method> <!-- setUpTCGetPaymentMethod02 -->
        <test-method signature="checkResponseBody()[pri:0, instance:G2.Project.Test.TS09.TC_GetPaymentMethod_02@176d53b2]" started-at="2020-05-17T14:39:19Z" name="checkResponseBody" finished-at="2020-05-17T14:39:19Z" duration-ms="1" status="PASS">
          <reporter-output>
          </reporter-output>
        </test-method> <!-- checkResponseBody -->
        <test-method signature="checkResponseTime()[pri:0, instance:G2.Project.Test.TS09.TC_GetPaymentMethod_02@176d53b2]" started-at="2020-05-17T14:39:19Z" name="checkResponseTime" finished-at="2020-05-17T14:39:19Z" duration-ms="2" status="PASS">
          <reporter-output>
          </reporter-output>
        </test-method> <!-- checkResponseTime -->
        <test-method signature="checkStatusCode()[pri:0, instance:G2.Project.Test.TS09.TC_GetPaymentMethod_02@176d53b2]" started-at="2020-05-17T14:39:19Z" name="checkStatusCode" finished-at="2020-05-17T14:39:19Z" duration-ms="2" status="PASS">
          <reporter-output>
          </reporter-output>
        </test-method> <!-- checkStatusCode -->
        <test-method signature="checkStatusLine()[pri:0, instance:G2.Project.Test.TS09.TC_GetPaymentMethod_02@176d53b2]" started-at="2020-05-17T14:39:19Z" name="checkStatusLine" finished-at="2020-05-17T14:39:19Z" duration-ms="1" status="PASS">
          <reporter-output>
          </reporter-output>
        </test-method> <!-- checkStatusLine -->
      </class> <!-- G2.Project.Test.TS09.TC_GetPaymentMethod_02 -->
    </test> <!-- GetPaymentMethodResponseTest -->
  </suite> <!-- Verify GetPaymentMethod Functionality -->
  <suite started-at="2020-05-17T14:39:24Z" name="Verify TopUpBalance Functionality" finished-at="2020-05-17T14:39:27Z" duration-ms="3080">
    <groups>
    </groups>
    <test started-at="2020-05-17T14:39:24Z" name="TopupBalanceResponseTest" finished-at="2020-05-17T14:39:27Z" duration-ms="3080">
      <class name="G2.Project.Test.TS12.TC_TopUpBalance_04">
        <test-method is-config="true" signature="setup()[pri:0, instance:G2.Project.Test.TS12.TC_TopUpBalance_04@3bbc39f8]" started-at="2020-05-17T14:39:25Z" name="setup" finished-at="2020-05-17T14:39:25Z" duration-ms="3" status="PASS">
          <reporter-output>
          </reporter-output>
        </test-method> <!-- setup -->
        <test-method is-config="true" signature="SettingUp(java.lang.String, java.lang.String, java.lang.String)[pri:0, instance:G2.Project.Test.TS12.TC_TopUpBalance_04@3bbc39f8]" started-at="2020-05-17T14:39:25Z" name="SettingUp" finished-at="2020-05-17T14:39:26Z" duration-ms="550" status="PASS">
          <params>
            <param index="0">
              <value>
                <![CDATA[6281905218958]]>
              </value>
            </param>
            <param index="1">
              <value>
                <![CDATA[S-20]]>
              </value>
            </param>
            <param index="2">
              <value>
                <![CDATA[1]]>
              </value>
            </param>
          </params>
          <reporter-output>
          </reporter-output>
        </test-method> <!-- SettingUp -->
        <test-method signature="checkHeader()[pri:0, instance:G2.Project.Test.TS12.TC_TopUpBalance_04@3bbc39f8]" started-at="2020-05-17T14:39:26Z" name="checkHeader" finished-at="2020-05-17T14:39:26Z" duration-ms="2" status="PASS">
          <reporter-output>
          </reporter-output>
        </test-method> <!-- checkHeader -->
        <test-method signature="checkResponseBody()[pri:0, instance:G2.Project.Test.TS12.TC_TopUpBalance_04@3bbc39f8]" started-at="2020-05-17T14:39:26Z" name="checkResponseBody" finished-at="2020-05-17T14:39:26Z" duration-ms="1" status="PASS">
          <reporter-output>
          </reporter-output>
        </test-method> <!-- checkResponseBody -->
        <test-method signature="checkResponseTime()[pri:0, instance:G2.Project.Test.TS12.TC_TopUpBalance_04@3bbc39f8]" started-at="2020-05-17T14:39:26Z" name="checkResponseTime" finished-at="2020-05-17T14:39:26Z" duration-ms="2" status="PASS">
          <reporter-output>
          </reporter-output>
        </test-method> <!-- checkResponseTime -->
        <test-method signature="checkStatusCode()[pri:0, instance:G2.Project.Test.TS12.TC_TopUpBalance_04@3bbc39f8]" started-at="2020-05-17T14:39:26Z" name="checkStatusCode" finished-at="2020-05-17T14:39:26Z" duration-ms="2" status="PASS">
          <reporter-output>
          </reporter-output>
        </test-method> <!-- checkStatusCode -->
        <test-method signature="checkStatusLine()[pri:0, instance:G2.Project.Test.TS12.TC_TopUpBalance_04@3bbc39f8]" started-at="2020-05-17T14:39:26Z" name="checkStatusLine" finished-at="2020-05-17T14:39:26Z" duration-ms="1" status="PASS">
          <reporter-output>
          </reporter-output>
        </test-method> <!-- checkStatusLine -->
      </class> <!-- G2.Project.Test.TS12.TC_TopUpBalance_04 -->
      <class name="G2.Project.Test.TS12.TC_TopUpBalance_03">
        <test-method is-config="true" signature="setup()[pri:0, instance:G2.Project.Test.TS12.TC_TopUpBalance_03@5ea434c8]" started-at="2020-05-17T14:39:24Z" name="setup" finished-at="2020-05-17T14:39:24Z" duration-ms="2" status="PASS">
          <reporter-output>
          </reporter-output>
        </test-method> <!-- setup -->
        <test-method is-config="true" signature="SettingUp(java.lang.String, java.lang.String, java.lang.String)[pri:0, instance:G2.Project.Test.TS12.TC_TopUpBalance_03@5ea434c8]" started-at="2020-05-17T14:39:24Z" name="SettingUp" finished-at="2020-05-17T14:39:25Z" duration-ms="553" status="PASS">
          <params>
            <param index="0">
              <value>
                <![CDATA[6281905218957]]>
              </value>
            </param>
            <param index="1">
              <value>
                <![CDATA[E-20]]>
              </value>
            </param>
            <param index="2">
              <value>
                <![CDATA[1]]>
              </value>
            </param>
          </params>
          <reporter-output>
          </reporter-output>
        </test-method> <!-- SettingUp -->
        <test-method signature="checkHeader()[pri:0, instance:G2.Project.Test.TS12.TC_TopUpBalance_03@5ea434c8]" started-at="2020-05-17T14:39:25Z" name="checkHeader" finished-at="2020-05-17T14:39:25Z" duration-ms="1" status="PASS">
          <reporter-output>
          </reporter-output>
        </test-method> <!-- checkHeader -->
        <test-method signature="checkResponseBody()[pri:0, instance:G2.Project.Test.TS12.TC_TopUpBalance_03@5ea434c8]" started-at="2020-05-17T14:39:25Z" name="checkResponseBody" finished-at="2020-05-17T14:39:25Z" duration-ms="1" status="PASS">
          <reporter-output>
          </reporter-output>
        </test-method> <!-- checkResponseBody -->
        <test-method signature="checkResponseTime()[pri:0, instance:G2.Project.Test.TS12.TC_TopUpBalance_03@5ea434c8]" started-at="2020-05-17T14:39:25Z" name="checkResponseTime" finished-at="2020-05-17T14:39:25Z" duration-ms="2" status="PASS">
          <reporter-output>
          </reporter-output>
        </test-method> <!-- checkResponseTime -->
        <test-method signature="checkStatusCode()[pri:0, instance:G2.Project.Test.TS12.TC_TopUpBalance_03@5ea434c8]" started-at="2020-05-17T14:39:25Z" name="checkStatusCode" finished-at="2020-05-17T14:39:25Z" duration-ms="2" status="PASS">
          <reporter-output>
          </reporter-output>
        </test-method> <!-- checkStatusCode -->
        <test-method signature="checkStatusLine()[pri:0, instance:G2.Project.Test.TS12.TC_TopUpBalance_03@5ea434c8]" started-at="2020-05-17T14:39:25Z" name="checkStatusLine" finished-at="2020-05-17T14:39:25Z" duration-ms="2" status="PASS">
          <reporter-output>
          </reporter-output>
        </test-method> <!-- checkStatusLine -->
      </class> <!-- G2.Project.Test.TS12.TC_TopUpBalance_03 -->
      <class name="G2.Project.Test.TS12.TC_TopUpBalance_05">
        <test-method is-config="true" signature="setup()[pri:0, instance:G2.Project.Test.TS12.TC_TopUpBalance_05@4ae3c1cd]" started-at="2020-05-17T14:39:26Z" name="setup" finished-at="2020-05-17T14:39:26Z" duration-ms="2" status="PASS">
          <reporter-output>
          </reporter-output>
        </test-method> <!-- setup -->
        <test-method is-config="true" signature="SettingUp(java.lang.String, java.lang.String, java.lang.String)[pri:0, instance:G2.Project.Test.TS12.TC_TopUpBalance_05@4ae3c1cd]" started-at="2020-05-17T14:39:26Z" name="SettingUp" finished-at="2020-05-17T14:39:26Z" duration-ms="697" status="PASS">
          <params>
            <param index="0">
              <value>
                <![CDATA[6281905218958]]>
              </value>
            </param>
            <param index="1">
              <value>
                <![CDATA[E-20]]>
              </value>
            </param>
            <param index="2">
              <value>
                <![CDATA[10]]>
              </value>
            </param>
          </params>
          <reporter-output>
          </reporter-output>
        </test-method> <!-- SettingUp -->
        <test-method signature="checkHeader()[pri:0, instance:G2.Project.Test.TS12.TC_TopUpBalance_05@4ae3c1cd]" started-at="2020-05-17T14:39:26Z" name="checkHeader" finished-at="2020-05-17T14:39:26Z" duration-ms="2" status="PASS">
          <reporter-output>
          </reporter-output>
        </test-method> <!-- checkHeader -->
        <test-method signature="checkResponseBody()[pri:0, instance:G2.Project.Test.TS12.TC_TopUpBalance_05@4ae3c1cd]" started-at="2020-05-17T14:39:26Z" name="checkResponseBody" finished-at="2020-05-17T14:39:26Z" duration-ms="1" status="PASS">
          <reporter-output>
          </reporter-output>
        </test-method> <!-- checkResponseBody -->
        <test-method signature="checkResponseTime()[pri:0, instance:G2.Project.Test.TS12.TC_TopUpBalance_05@4ae3c1cd]" started-at="2020-05-17T14:39:26Z" name="checkResponseTime" finished-at="2020-05-17T14:39:26Z" duration-ms="2" status="PASS">
          <reporter-output>
          </reporter-output>
        </test-method> <!-- checkResponseTime -->
        <test-method signature="checkStatusCode()[pri:0, instance:G2.Project.Test.TS12.TC_TopUpBalance_05@4ae3c1cd]" started-at="2020-05-17T14:39:26Z" name="checkStatusCode" finished-at="2020-05-17T14:39:26Z" duration-ms="2" status="PASS">
          <reporter-output>
          </reporter-output>
        </test-method> <!-- checkStatusCode -->
[...]
            <param index="1">
              <value>
                <![CDATA[E-20]]>
              </value>
            </param>
            <param index="2">
              <value>
                <![CDATA[1]]>
              </value>
            </param>
          </params>
          <reporter-output>
          </reporter-output>
        </test-method> <!-- SettingUp -->
        <test-method signature="checkHeader()[pri:0, instance:G2.Project.Test.TS12.TC_TopUpBalance_02@5d47c63f]" started-at="2020-05-17T14:39:24Z" name="checkHeader" finished-at="2020-05-17T14:39:24Z" duration-ms="4" status="PASS">
          <reporter-output>
          </reporter-output>
        </test-method> <!-- checkHeader -->
        <test-method signature="checkResponseBody()[pri:0, instance:G2.Project.Test.TS12.TC_TopUpBalance_02@5d47c63f]" started-at="2020-05-17T14:39:24Z" name="checkResponseBody" finished-at="2020-05-17T14:39:24Z" duration-ms="1" status="PASS">
          <reporter-output>
          </reporter-output>
        </test-method> <!-- checkResponseBody -->
        <test-method signature="checkResponseTime()[pri:0, instance:G2.Project.Test.TS12.TC_TopUpBalance_02@5d47c63f]" started-at="2020-05-17T14:39:24Z" name="checkResponseTime" finished-at="2020-05-17T14:39:24Z" duration-ms="1" status="PASS">
          <reporter-output>
          </reporter-output>
        </test-method> <!-- checkResponseTime -->
        <test-method signature="checkStatusCode()[pri:0, instance:G2.Project.Test.TS12.TC_TopUpBalance_02@5d47c63f]" started-at="2020-05-17T14:39:24Z" name="checkStatusCode" finished-at="2020-05-17T14:39:24Z" duration-ms="2" status="PASS">
          <reporter-output>
          </reporter-output>
        </test-method> <!-- checkStatusCode -->
        <test-method signature="checkStatusLine()[pri:0, instance:G2.Project.Test.TS12.TC_TopUpBalance_02@5d47c63f]" started-at="2020-05-17T14:39:24Z" name="checkStatusLine" finished-at="2020-05-17T14:39:24Z" duration-ms="2" status="PASS">
          <reporter-output>
          </reporter-output>
        </test-method> <!-- checkStatusLine -->
      </class> <!-- G2.Project.Test.TS12.TC_TopUpBalance_02 -->
      <class name="G2.Project.Test.TS12.TC_TopUpBalance_01">
        <test-method is-config="true" signature="setup()[pri:0, instance:G2.Project.Test.TS12.TC_TopUpBalance_01@29f69090]" started-at="2020-05-17T14:39:26Z" name="setup" finished-at="2020-05-17T14:39:26Z" duration-ms="2" status="PASS">
          <reporter-output>
          </reporter-output>
        </test-method> <!-- setup -->
        <test-method is-config="true" signature="SettingUp(java.lang.String, java.lang.String, java.lang.String)[pri:0, instance:G2.Project.Test.TS12.TC_TopUpBalance_01@29f69090]" started-at="2020-05-17T14:39:26Z" name="SettingUp" finished-at="2020-05-17T14:39:27Z" duration-ms="602" status="PASS">
          <params>
            <param index="0">
              <value>
                <![CDATA[6281905218958]]>
              </value>
            </param>
            <param index="1">
              <value>
                <![CDATA[E-20]]>
              </value>
            </param>
            <param index="2">
              <value>
                <![CDATA[1]]>
              </value>
            </param>
          </params>
          <reporter-output>
          </reporter-output>
        </test-method> <!-- SettingUp -->
        <test-method signature="checkDataBody()[pri:0, instance:G2.Project.Test.TS12.TC_TopUpBalance_01@29f69090]" started-at="2020-05-17T14:39:27Z" name="checkDataBody" finished-at="2020-05-17T14:39:27Z" duration-ms="11" status="PASS">
          <reporter-output>
          </reporter-output>
        </test-method> <!-- checkDataBody -->
        <test-method signature="checkHeader()[pri:0, instance:G2.Project.Test.TS12.TC_TopUpBalance_01@29f69090]" started-at="2020-05-17T14:39:27Z" name="checkHeader" finished-at="2020-05-17T14:39:27Z" duration-ms="0" status="PASS">
          <reporter-output>
          </reporter-output>
        </test-method> <!-- checkHeader -->
        <test-method signature="checkResponseBody()[pri:0, instance:G2.Project.Test.TS12.TC_TopUpBalance_01@29f69090]" started-at="2020-05-17T14:39:27Z" name="checkResponseBody" finished-at="2020-05-17T14:39:27Z" duration-ms="1" status="PASS">
          <reporter-output>
          </reporter-output>
        </test-method> <!-- checkResponseBody -->
        <test-method signature="checkResponseTime()[pri:0, instance:G2.Project.Test.TS12.TC_TopUpBalance_01@29f69090]" started-at="2020-05-17T14:39:27Z" name="checkResponseTime" finished-at="2020-05-17T14:39:27Z" duration-ms="3" status="PASS">
          <reporter-output>
          </reporter-output>
        </test-method> <!-- checkResponseTime -->
        <test-method signature="checkStatusCode()[pri:0, instance:G2.Project.Test.TS12.TC_TopUpBalance_01@29f69090]" started-at="2020-05-17T14:39:27Z" name="checkStatusCode" finished-at="2020-05-17T14:39:27Z" duration-ms="2" status="PASS">
          <reporter-output>
          </reporter-output>
        </test-method> <!-- checkStatusCode -->
        <test-method signature="checkStatusLine()[pri:0, instance:G2.Project.Test.TS12.TC_TopUpBalance_01@29f69090]" started-at="2020-05-17T14:39:27Z" name="checkStatusLine" finished-at="2020-05-17T14:39:27Z" duration-ms="2" status="PASS">
          <reporter-output>
          </reporter-output>
        </test-method> <!-- checkStatusLine -->
      </class> <!-- G2.Project.Test.TS12.TC_TopUpBalance_01 -->
    </test> <!-- TopupBalanceResponseTest -->
  </suite> <!-- Verify TopUpBalance Functionality -->
  <suite started-at="2020-05-17T14:39:22Z" name="Verify GetTopUpHistory Functionality" finished-at="2020-05-17T14:39:24Z" duration-ms="1614">
    <groups>
    </groups>
    <test started-at="2020-05-17T14:39:22Z" name="GetTopupHistoryResponseTest" finished-at="2020-05-17T14:39:24Z" duration-ms="1614">
      <class name="G2.Project.Test.TS11.TC_GetTopUpHistory_01">
        <test-method is-config="true" signature="setup()[pri:0, instance:G2.Project.Test.TS11.TC_GetTopUpHistory_01@2d2e5f00]" started-at="2020-05-17T14:39:23Z" name="setup" finished-at="2020-05-17T14:39:23Z" duration-ms="2" status="PASS">
          <reporter-output>
          </reporter-output>
        </test-method> <!-- setup -->
        <test-method is-config="true" signature="settingUp()[pri:0, instance:G2.Project.Test.TS11.TC_GetTopUpHistory_01@2d2e5f00]" started-at="2020-05-17T14:39:23Z" name="settingUp" finished-at="2020-05-17T14:39:24Z" duration-ms="807" status="PASS">
          <reporter-output>
          </reporter-output>
        </test-method> <!-- settingUp -->
        <test-method signature="checkDataBody()[pri:0, instance:G2.Project.Test.TS11.TC_GetTopUpHistory_01@2d2e5f00]" started-at="2020-05-17T14:39:24Z" name="checkDataBody" finished-at="2020-05-17T14:39:24Z" duration-ms="12" status="FAIL">
          <exception class="java.lang.NullPointerException">
            <full-stacktrace>
              <![CDATA[java.lang.NullPointerException
at G2.Project.Base.TestBase.checkData(TestBase.java:53)
at G2.Project.Test.TS11.TC_GetTopUpHistory_01.checkDataBody(TC_GetTopUpHistory_01.java:31)
at java.base/jdk.internal.reflect.NativeMethodAccessorImpl.invoke0(Native Method)
at java.base/jdk.internal.reflect.NativeMethodAccessorImpl.invoke(NativeMethodAccessorImpl.java:62)
at java.base/jdk.internal.reflect.DelegatingMethodAccessorImpl.invoke(DelegatingMethodAccessorImpl.java:43)
at java.base/java.lang.reflect.Method.invoke(Method.java:564)
at org.testng.internal.MethodInvocationHelper.invokeMethod(MethodInvocationHelper.java:124)
at org.testng.internal.Invoker.invokeMethod(Invoker.java:583)
at org.testng.internal.Invoker.invokeTestMethod(Invoker.java:719)
at org.testng.internal.Invoker.invokeTestMethods(Invoker.java:989)
at org.testng.internal.TestMethodWorker.invokeTestMethods(TestMethodWorker.java:125)
at org.testng.internal.TestMethodWorker.run(TestMethodWorker.java:109)
at org.testng.TestRunner.privateRun(TestRunner.java:648)
at org.testng.TestRunner.run(TestRunner.java:505)
at org.testng.SuiteRunner.runTest(SuiteRunner.java:455)
at org.testng.SuiteRunner.runSequentially(SuiteRunner.java:450)
at org.testng.SuiteRunner.privateRun(SuiteRunner.java:415)
at org.testng.SuiteRunner.run(SuiteRunner.java:364)
at org.testng.SuiteRunnerWorker.runSuite(SuiteRunnerWorker.java:52)
at org.testng.SuiteRunnerWorker.run(SuiteRunnerWorker.java:84)
at org.testng.TestNG.runSuitesSequentially(TestNG.java:1208)
at org.testng.TestNG.runSuitesSequentially(TestNG.java:1204)
at org.testng.TestNG.runSuitesLocally(TestNG.java:1137)
at org.testng.TestNG.runSuites(TestNG.java:1049)
at org.testng.TestNG.run(TestNG.java:1017)
at org.apache.maven.surefire.testng.TestNGExecutor.run(TestNGExecutor.java:283)
at org.apache.maven.surefire.testng.TestNGXmlTestSuite.execute(TestNGXmlTestSuite.java:75)
at org.apache.maven.surefire.testng.TestNGProvider.invoke(TestNGProvider.java:120)
at org.apache.maven.surefire.booter.ForkedBooter.invokeProviderInSameClassLoader(ForkedBooter.java:384)
at org.apache.maven.surefire.booter.ForkedBooter.runSuitesInProcess(ForkedBooter.java:345)
at org.apache.maven.surefire.booter.ForkedBooter.execute(ForkedBooter.java:126)
at org.apache.maven.surefire.booter.ForkedBooter.main(ForkedBooter.java:418)
]]>
            </full-stacktrace>
          </exception> <!-- java.lang.NullPointerException -->
          <reporter-output>
          </reporter-output>
        </test-method> <!-- checkDataBody -->
        <test-method signature="checkHeader()[pri:0, instance:G2.Project.Test.TS11.TC_GetTopUpHistory_01@2d2e5f00]" started-at="2020-05-17T14:39:24Z" name="checkHeader" finished-at="2020-05-17T14:39:24Z" duration-ms="1" status="PASS">
          <reporter-output>
          </reporter-output>
        </test-method> <!-- checkHeader -->
        <test-method signature="checkResponseBody()[pri:0, instance:G2.Project.Test.TS11.TC_GetTopUpHistory_01@2d2e5f00]" started-at="2020-05-17T14:39:24Z" name="checkResponseBody" finished-at="2020-05-17T14:39:24Z" duration-ms="1" status="PASS">
          <reporter-output>
          </reporter-output>
        </test-method> <!-- checkResponseBody -->
        <test-method signature="checkResponseTime()[pri:0, instance:G2.Project.Test.TS11.TC_GetTopUpHistory_01@2d2e5f00]" started-at="2020-05-17T14:39:24Z" name="checkResponseTime" finished-at="2020-05-17T14:39:24Z" duration-ms="2" status="PASS">
          <reporter-output>
          </reporter-output>
        </test-method> <!-- checkResponseTime -->
        <test-method signature="checkStatusCode()[pri:0, instance:G2.Project.Test.TS11.TC_GetTopUpHistory_01@2d2e5f00]" started-at="2020-05-17T14:39:24Z" name="checkStatusCode" finished-at="2020-05-17T14:39:24Z" duration-ms="2" status="FAIL">
          <exception class="java.lang.AssertionError">
            <message>
              <![CDATA[expected [200] but found [500]]]>
            </message>
            <full-stacktrace>
              <![CDATA[java.lang.AssertionError: expected [200] but found [500]
at org.testng.Assert.fail(Assert.java:96)
at org.testng.Assert.failNotEquals(Assert.java:776)
at org.testng.Assert.assertEqualsImpl(Assert.java:137)
at org.testng.Assert.assertEquals(Assert.java:118)
at org.testng.Assert.assertEquals(Assert.java:652)
at org.testng.Assert.assertEquals(Assert.java:662)
at G2.Project.Base.TestBase.checkStatusCode(TestBase.java:69)
at G2.Project.Test.TS11.TC_GetTopUpHistory_01.checkStatusCode(TC_GetTopUpHistory_01.java:36)
at java.base/jdk.internal.reflect.NativeMethodAccessorImpl.invoke0(Native Method)
at java.base/jdk.internal.reflect.NativeMethodAccessorImpl.invoke(NativeMethodAccessorImpl.java:62)
at java.base/jdk.internal.reflect.DelegatingMethodAccessorImpl.invoke(DelegatingMethodAccessorImpl.java:43)
at java.base/java.lang.reflect.Method.invoke(Method.java:564)
at org.testng.internal.MethodInvocationHelper.invokeMethod(MethodInvocationHelper.java:124)
at org.testng.internal.Invoker.invokeMethod(Invoker.java:583)
at org.testng.internal.Invoker.invokeTestMethod(Invoker.java:719)
at org.testng.internal.Invoker.invokeTestMethods(Invoker.java:989)
at org.testng.internal.TestMethodWorker.invokeTestMethods(TestMethodWorker.java:125)
at org.testng.internal.TestMethodWorker.run(TestMethodWorker.java:109)
at org.testng.TestRunner.privateRun(TestRunner.java:648)
at org.testng.TestRunner.run(TestRunner.java:505)
at org.testng.SuiteRunner.runTest(SuiteRunner.java:455)
at org.testng.SuiteRunner.runSequentially(SuiteRunner.java:450)
at org.testng.SuiteRunner.privateRun(SuiteRunner.java:415)
at org.testng.SuiteRunner.run(SuiteRunner.java:364)
at org.testng.SuiteRunnerWorker.runSuite(SuiteRunnerWorker.java:52)
at org.testng.SuiteRunnerWorker.run(SuiteRunnerWorker.java:84)
at org.testng.TestNG.runSuitesSequentially(TestNG.java:1208)
at org.testng.TestNG.runSuitesSequentially(TestNG.java:1204)
at org.testng.TestNG.runSuitesLocally(TestNG.java:1137)
at org.testng.TestNG.runSuites(TestNG.java:1049)
at org.testng.TestNG.run(TestNG.java:1017)
at org.apache.maven.surefire.testng.TestNGExecutor.run(TestNGExecutor.java:283)
at org.apache.maven.surefire.testng.TestNGXmlTestSuite.execute(TestNGXmlTestSuite.java:75)
at org.apache.maven.surefire.testng.TestNGProvider.invoke(TestNGProvider.java:120)
at org.apache.maven.surefire.booter.ForkedBooter.invokeProviderInSameClassLoader(ForkedBooter.java:384)
at org.apache.maven.surefire.booter.ForkedBooter.runSuitesInProcess(ForkedBooter.java:345)
at org.apache.maven.surefire.booter.ForkedBooter.execute(ForkedBooter.java:126)
at org.apache.maven.surefire.booter.ForkedBooter.main(ForkedBooter.java:418)
]]>
            </full-stacktrace>
          </exception> <!-- java.lang.AssertionError -->
          <reporter-output>
          </reporter-output>
        </test-method> <!-- checkStatusCode -->
        <test-method signature="checkStatusLine()[pri:0, instance:G2.Project.Test.TS11.TC_GetTopUpHistory_01@2d2e5f00]" started-at="2020-05-17T14:39:24Z" name="checkStatusLine" finished-at="2020-05-17T14:39:24Z" duration-ms="3" status="FAIL">
          <exception class="java.lang.AssertionError">
            <message>
              <![CDATA[expected [HTTP/1.1 200 ] but found [HTTP/1.1 500 ]]]>
            </message>
            <full-stacktrace>
              <![CDATA[java.lang.AssertionError: expected [HTTP/1.1 200 ] but found [HTTP/1.1 500 ]
at org.testng.Assert.fail(Assert.java:96)
at org.testng.Assert.failNotEquals(Assert.java:776)
at org.testng.Assert.assertEqualsImpl(Assert.java:137)
at org.testng.Assert.assertEquals(Assert.java:118)
at org.testng.Assert.assertEquals(Assert.java:453)
at org.testng.Assert.assertEquals(Assert.java:463)
at G2.Project.Base.TestBase.checkStatusLine(TestBase.java:85)
at G2.Project.Test.TS11.TC_GetTopUpHistory_01.checkStatusLine(TC_GetTopUpHistory_01.java:41)
at java.base/jdk.internal.reflect.NativeMethodAccessorImpl.invoke0(Native Method)
at java.base/jdk.internal.reflect.NativeMethodAccessorImpl.invoke(NativeMethodAccessorImpl.java:62)
at java.base/jdk.internal.reflect.DelegatingMethodAccessorImpl.invoke(DelegatingMethodAccessorImpl.java:43)
at java.base/java.lang.reflect.Method.invoke(Method.java:564)
at org.testng.internal.MethodInvocationHelper.invokeMethod(MethodInvocationHelper.java:124)
at org.testng.internal.Invoker.invokeMethod(Invoker.java:583)
at org.testng.internal.Invoker.invokeTestMethod(Invoker.java:719)
at org.testng.internal.Invoker.invokeTestMethods(Invoker.java:989)
at org.testng.internal.TestMethodWorker.invokeTestMethods(TestMethodWorker.java:125)
at org.testng.internal.TestMethodWorker.run(TestMethodWorker.java:109)
at org.testng.TestRunner.privateRun(TestRunner.java:648)
at org.testng.TestRunner.run(TestRunner.java:505)
at org.testng.SuiteRunner.runTest(SuiteRunner.java:455)
at org.testng.SuiteRunner.runSequentially(SuiteRunner.java:450)
at org.testng.SuiteRunner.privateRun(SuiteRunner.java:415)
at org.testng.SuiteRunner.run(SuiteRunner.java:364)
at org.testng.SuiteRunnerWorker.runSuite(SuiteRunnerWorker.java:52)
at org.testng.SuiteRunnerWorker.run(SuiteRunnerWorker.java:84)
at org.testng.TestNG.runSuitesSequentially(TestNG.java:1208)
at org.testng.TestNG.runSuitesSequentially(TestNG.java:1204)
at org.testng.TestNG.runSuitesLocally(TestNG.java:1137)
at org.testng.TestNG.runSuites(TestNG.java:1049)
at org.testng.TestNG.run(TestNG.java:1017)
at org.apache.maven.surefire.testng.TestNGExecutor.run(TestNGExecutor.java:283)
at org.apache.maven.surefire.testng.TestNGXmlTestSuite.execute(TestNGXmlTestSuite.java:75)
at org.apache.maven.surefire.testng.TestNGProvider.invoke(TestNGProvider.java:120)
at org.apache.maven.surefire.booter.ForkedBooter.invokeProviderInSameClassLoader(ForkedBooter.java:384)
at org.apache.maven.surefire.booter.ForkedBooter.runSuitesInProcess(ForkedBooter.java:345)
at org.apache.maven.surefire.booter.ForkedBooter.execute(ForkedBooter.java:126)
at org.apache.maven.surefire.booter.ForkedBooter.main(ForkedBooter.java:418)
]]>
            </full-stacktrace>
          </exception> <!-- java.lang.AssertionError -->
          <reporter-output>
          </reporter-output>
        </test-method> <!-- checkStatusLine -->
      </class> <!-- G2.Project.Test.TS11.TC_GetTopUpHistory_01 -->
      <class name="G2.Project.Test.TS11.TC_GetTopUpHistory_02">
        <test-method is-config="true" signature="setup()[pri:0, instance:G2.Project.Test.TS11.TC_GetTopUpHistory_02@8b96fde]" started-at="2020-05-17T14:39:22Z" name="setup" finished-at="2020-05-17T14:39:22Z" duration-ms="2" status="PASS">
          <reporter-output>
          </reporter-output>
        </test-method> <!-- setup -->
        <test-method is-config="true" signature="settingUp(java.lang.String)[pri:0, instance:G2.Project.Test.TS11.TC_GetTopUpHistory_02@8b96fde]" started-at="2020-05-17T14:39:22Z" name="settingUp" finished-at="2020-05-17T14:39:23Z" duration-ms="756" status="PASS">
          <params>
            <param index="0">
              <value>
                <![CDATA[eyJhbGciOiJIUzUxMiJ9.eyJzdWIiOiI2MjgxOTA1MjE4OTU4IiwiZXhwIjoxNTg5NDQ3NDg3LCJpYXQiOjE1ODk0Mjk0ODd9.Qtiv_EvtO81s14UxWyBYf7XTwrMlOhigpnQNtQE-BR8f0Xb1I5onftFT-xDFRU2TXv9VMheQpknSH_o8OD]]>
              </value>
            </param>
          </params>
          <reporter-output>
          </reporter-output>
        </test-method> <!-- settingUp -->
        <test-method signature="checkResponseBody()[pri:0, instance:G2.Project.Test.TS11.TC_GetTopUpHistory_02@8b96fde]" started-at="2020-05-17T14:39:23Z" name="checkResponseBody" finished-at="2020-05-17T14:39:23Z" duration-ms="3" status="PASS">
          <reporter-output>
          </reporter-output>
        </test-method> <!-- checkResponseBody -->
        <test-method signature="checkResponseTime()[pri:0, instance:G2.Project.Test.TS11.TC_GetTopUpHistory_02@8b96fde]" started-at="2020-05-17T14:39:23Z" name="checkResponseTime" finished-at="2020-05-17T14:39:23Z" duration-ms="2" status="PASS">
          <reporter-output>
          </reporter-output>
        </test-method> <!-- checkResponseTime -->
        <test-method signature="checkStatusCode()[pri:0, instance:G2.Project.Test.TS11.TC_GetTopUpHistory_02@8b96fde]" started-at="2020-05-17T14:39:23Z" name="checkStatusCode" finished-at="2020-05-17T14:39:23Z" duration-ms="2" status="PASS">
          <reporter-output>
          </reporter-output>
        </test-method> <!-- checkStatusCode -->
        <test-method signature="checkStatusLine()[pri:0, instance:G2.Project.Test.TS11.TC_GetTopUpHistory_02@8b96fde]" started-at="2020-05-17T14:39:23Z" name="checkStatusLine" finished-at="2020-05-17T14:39:23Z" duration-ms="2" status="PASS">
          <reporter-output>
          </reporter-output>
        </test-method> <!-- checkStatusLine -->
      </class> <!-- G2.Project.Test.TS11.TC_GetTopUpHistory_02 -->
    </test> <!-- GetTopupHistoryResponseTest -->
  </suite> <!-- Verify GetTopUpHistory Functionality -->
</testng-results>
