<?xml version="1.0" encoding="UTF-8"?>
<testng-results ignored="0" total="5" passed="5" failed="0" skipped="0">
  <reporter-output>
  </reporter-output>
  <suite started-at="2020-05-16T08:50:22Z" name="Verify Top Up Functionality" finished-at="2020-05-16T08:50:26Z" duration-ms="4450">
    <groups>
    </groups>
    <test started-at="2020-05-16T08:50:22Z" name="UploadReceiptResponseTest" finished-at="2020-05-16T08:50:26Z" duration-ms="4450">
      <class name="G2.Project.Test.TS13.TC_TransferReceipt_01">
        <test-method is-config="true" signature="setup()[pri:0, instance:G2.Project.Test.TS13.TC_TransferReceipt_01@2bea5ab4]" started-at="2020-05-16T08:50:24Z" name="setup" finished-at="2020-05-16T08:50:24Z" duration-ms="21" status="PASS">
          <reporter-output>
          </reporter-output>
        </test-method> <!-- setup -->
        <test-method is-config="true" signature="SettingUp()[pri:0, instance:G2.Project.Test.TS13.TC_TransferReceipt_01@2bea5ab4]" started-at="2020-05-16T08:50:24Z" name="SettingUp" finished-at="2020-05-16T08:50:26Z" duration-ms="2139" status="PASS">
          <reporter-output>
          </reporter-output>
        </test-method> <!-- SettingUp -->
        <test-method signature="checkHeader()[pri:0, instance:G2.Project.Test.TS13.TC_TransferReceipt_01@2bea5ab4]" started-at="2020-05-16T08:50:26Z" name="checkHeader" finished-at="2020-05-16T08:50:26Z" duration-ms="12" status="PASS">
          <reporter-output>
          </reporter-output>
        </test-method> <!-- checkHeader -->
        <test-method signature="checkResponseBody()[pri:0, instance:G2.Project.Test.TS13.TC_TransferReceipt_01@2bea5ab4]" started-at="2020-05-16T08:50:26Z" name="checkResponseBody" finished-at="2020-05-16T08:50:26Z" duration-ms="1" status="PASS">
          <reporter-output>
          </reporter-output>
        </test-method> <!-- checkResponseBody -->
        <test-method signature="checkResponseTime()[pri:0, instance:G2.Project.Test.TS13.TC_TransferReceipt_01@2bea5ab4]" started-at="2020-05-16T08:50:26Z" name="checkResponseTime" finished-at="2020-05-16T08:50:26Z" duration-ms="2" status="PASS">
          <reporter-output>
          </reporter-output>
        </test-method> <!-- checkResponseTime -->
        <test-method signature="checkStatusCode()[pri:0, instance:G2.Project.Test.TS13.TC_TransferReceipt_01@2bea5ab4]" started-at="2020-05-16T08:50:26Z" name="checkStatusCode" finished-at="2020-05-16T08:50:26Z" duration-ms="2" status="PASS">
          <reporter-output>
          </reporter-output>
        </test-method> <!-- checkStatusCode -->
        <test-method signature="checkStatusLine()[pri:0, instance:G2.Project.Test.TS13.TC_TransferReceipt_01@2bea5ab4]" started-at="2020-05-16T08:50:26Z" name="checkStatusLine" finished-at="2020-05-16T08:50:26Z" duration-ms="4" status="PASS">
          <reporter-output>
          </reporter-output>
        </test-method> <!-- checkStatusLine -->
      </class> <!-- G2.Project.Test.TS13.TC_TransferReceipt_01 -->
      <class name="G2.Project.Test.TS13.Setting">
        <test-method is-config="true" signature="SettingUp()[pri:0, instance:G2.Project.Test.TS13.Setting@76b10754]" started-at="2020-05-16T08:50:22Z" name="SettingUp" finished-at="2020-05-16T08:50:24Z" duration-ms="2088" status="PASS">
          <reporter-output>
          </reporter-output>
        </test-method> <!-- SettingUp -->
      </class> <!-- G2.Project.Test.TS13.Setting -->
    </test> <!-- UploadReceiptResponseTest -->
  </suite> <!-- Verify Top Up Functionality -->
</testng-results>
