<?xml version="1.0" encoding="UTF-8"?>
<!-- Generated by org.testng.reporters.JUnitXMLReporter -->
<testsuite ignored="0" hostname="DNID0689L01.local" failures="18" tests="63" name="LoginResponseTest" time="14.267" errors="0" timestamp="15 May 2020 02:46:10 GMT">
  <testcase classname="G2.Project.Test.TS02.TC_Login_01" name="checkDataBody" time="0.009">
    <failure type="java.lang.ClassCastException" message="class java.util.HashMap cannot be cast to class java.lang.String (java.util.HashMap and java.lang.String are in module java.base of loader &amp;apos;bootstrap&amp;apos;)">
      <![CDATA[java.lang.ClassCastException: class java.util.HashMap cannot be cast to class java.lang.String (java.util.HashMap and java.lang.String are in module java.base of loader 'bootstrap')
at G2.Project.Base.TestBase.checkData(TestBase.java:36)
at G2.Project.Test.TS02.TC_Login_01.checkDataBody(TC_Login_01.java:60)
... Removed 29 stack frames]]>
    </failure>
  </testcase> <!-- checkDataBody -->
  <testcase classname="G2.Project.Test.TS02.TC_Login_01" name="checkHeader" time="0.002"/>
  <testcase classname="G2.Project.Test.TS02.TC_Login_01" name="checkLength" time="0.003">
    <failure type="java.lang.NumberFormatException" message="null">
      <![CDATA[java.lang.NumberFormatException: null
at java.base/java.lang.Integer.parseInt(Integer.java:614)
at java.base/java.lang.Integer.parseInt(Integer.java:770)
at G2.Project.Base.TestBase.checkContentLength(TestBase.java:84)
at G2.Project.Test.TS02.TC_Login_01.checkLength(TC_Login_01.java:85)
... Removed 29 stack frames]]>
    </failure>
  </testcase> <!-- checkLength -->
  <testcase classname="G2.Project.Test.TS02.TC_Login_01" name="checkResponseBody" time="0.001"/>
  <testcase classname="G2.Project.Test.TS02.TC_Login_01" name="checkResponseTime" time="0.001"/>
  <testcase classname="G2.Project.Test.TS02.TC_Login_01" name="checkStatusCode" time="0.001"/>
  <testcase classname="G2.Project.Test.TS02.TC_Login_01" name="checkStatusLine" time="0.001"/>
  <testcase classname="G2.Project.Test.TS02.TC_Login_02" name="checkDataBody" time="0.011">
    <failure type="java.lang.NullPointerException">
      <![CDATA[java.lang.NullPointerException
at G2.Project.Base.TestBase.checkData(TestBase.java:38)
at G2.Project.Test.TS02.TC_Login_02.checkDataBody(TC_Login_02.java:40)
... Removed 29 stack frames]]>
    </failure>
  </testcase> <!-- checkDataBody -->
  <testcase classname="G2.Project.Test.TS02.TC_Login_02" name="checkHeader" time="0.001"/>
  <testcase classname="G2.Project.Test.TS02.TC_Login_02" name="checkLength" time="0.001">
    <failure type="java.lang.NumberFormatException" message="null">
      <![CDATA[java.lang.NumberFormatException: null
at java.base/java.lang.Integer.parseInt(Integer.java:614)
at java.base/java.lang.Integer.parseInt(Integer.java:770)
at G2.Project.Base.TestBase.checkContentLength(TestBase.java:84)
at G2.Project.Test.TS02.TC_Login_02.checkLength(TC_Login_02.java:65)
... Removed 29 stack frames]]>
    </failure>
  </testcase> <!-- checkLength -->
  <testcase classname="G2.Project.Test.TS02.TC_Login_02" name="checkResponseBody" time="0.001"/>
  <testcase classname="G2.Project.Test.TS02.TC_Login_02" name="checkResponseTime" time="0.001"/>
  <testcase classname="G2.Project.Test.TS02.TC_Login_02" name="checkStatusCode" time="0.001"/>
  <testcase classname="G2.Project.Test.TS02.TC_Login_02" name="checkStatusLine" time="0.001"/>
  <testcase classname="G2.Project.Test.TS02.TC_Login_03" name="checkDataBody" time="0.01">
    <failure type="java.lang.NullPointerException">
      <![CDATA[java.lang.NullPointerException
at G2.Project.Base.TestBase.checkData(TestBase.java:38)
at G2.Project.Test.TS02.TC_Login_03.checkDataBody(TC_Login_03.java:40)
... Removed 29 stack frames]]>
    </failure>
  </testcase> <!-- checkDataBody -->
  <testcase classname="G2.Project.Test.TS02.TC_Login_03" name="checkHeader" time="0.001"/>
  <testcase classname="G2.Project.Test.TS02.TC_Login_03" name="checkLength" time="0.001">
    <failure type="java.lang.NumberFormatException" message="null">
      <![CDATA[java.lang.NumberFormatException: null
at java.base/java.lang.Integer.parseInt(Integer.java:614)
at java.base/java.lang.Integer.parseInt(Integer.java:770)
at G2.Project.Base.TestBase.checkContentLength(TestBase.java:84)
at G2.Project.Test.TS02.TC_Login_03.checkLength(TC_Login_03.java:65)
... Removed 29 stack frames]]>
    </failure>
  </testcase> <!-- checkLength -->
  <testcase classname="G2.Project.Test.TS02.TC_Login_03" name="checkResponseBody" time="0.001"/>
  <testcase classname="G2.Project.Test.TS02.TC_Login_03" name="checkResponseTime" time="0.001"/>
  <testcase classname="G2.Project.Test.TS02.TC_Login_03" name="checkStatusCode" time="0.001"/>
  <testcase classname="G2.Project.Test.TS02.TC_Login_03" name="checkStatusLine" time="0.001"/>
  <testcase classname="G2.Project.Test.TS02.TC_Login_04" name="checkDataBody" time="0.009">
    <failure type="java.lang.NullPointerException">
      <![CDATA[java.lang.NullPointerException
at G2.Project.Base.TestBase.checkData(TestBase.java:38)
at G2.Project.Test.TS02.TC_Login_04.checkDataBody(TC_Login_04.java:40)
... Removed 29 stack frames]]>
    </failure>
  </testcase> <!-- checkDataBody -->
  <testcase classname="G2.Project.Test.TS02.TC_Login_04" name="checkHeader" time="0.0"/>
  <testcase classname="G2.Project.Test.TS02.TC_Login_04" name="checkLength" time="0.001">
    <failure type="java.lang.NumberFormatException" message="null">
      <![CDATA[java.lang.NumberFormatException: null
at java.base/java.lang.Integer.parseInt(Integer.java:614)
at java.base/java.lang.Integer.parseInt(Integer.java:770)
at G2.Project.Base.TestBase.checkContentLength(TestBase.java:84)
at G2.Project.Test.TS02.TC_Login_04.checkLength(TC_Login_04.java:65)
... Removed 29 stack frames]]>
    </failure>
  </testcase> <!-- checkLength -->
  <testcase classname="G2.Project.Test.TS02.TC_Login_04" name="checkResponseBody" time="0.0"/>
  <testcase classname="G2.Project.Test.TS02.TC_Login_04" name="checkResponseTime" time="0.001"/>
  <testcase classname="G2.Project.Test.TS02.TC_Login_04" name="checkStatusCode" time="0.0"/>
  <testcase classname="G2.Project.Test.TS02.TC_Login_04" name="checkStatusLine" time="0.001"/>
  <testcase classname="G2.Project.Test.TS02.TC_Login_05" name="checkDataBody" time="0.01">
    <failure type="java.lang.NullPointerException">
      <![CDATA[java.lang.NullPointerException
at G2.Project.Base.TestBase.checkData(TestBase.java:38)
at G2.Project.Test.TS02.TC_Login_05.checkDataBody(TC_Login_05.java:40)
... Removed 29 stack frames]]>
    </failure>
  </testcase> <!-- checkDataBody -->
  <testcase classname="G2.Project.Test.TS02.TC_Login_05" name="checkHeader" time="0.001"/>
  <testcase classname="G2.Project.Test.TS02.TC_Login_05" name="checkLength" time="0.001">
    <failure type="java.lang.NumberFormatException" message="null">
      <![CDATA[java.lang.NumberFormatException: null
at java.base/java.lang.Integer.parseInt(Integer.java:614)
at java.base/java.lang.Integer.parseInt(Integer.java:770)
at G2.Project.Base.TestBase.checkContentLength(TestBase.java:84)
at G2.Project.Test.TS02.TC_Login_05.checkLength(TC_Login_05.java:65)
... Removed 29 stack frames]]>
    </failure>
  </testcase> <!-- checkLength -->
  <testcase classname="G2.Project.Test.TS02.TC_Login_05" name="checkResponseBody" time="0.001"/>
  <testcase classname="G2.Project.Test.TS02.TC_Login_05" name="checkResponseTime" time="0.004"/>
  <testcase classname="G2.Project.Test.TS02.TC_Login_05" name="checkStatusCode" time="0.001"/>
  <testcase classname="G2.Project.Test.TS02.TC_Login_05" name="checkStatusLine" time="0.001"/>
  <testcase classname="G2.Project.Test.TS02.TC_Login_06" name="checkDataBody" time="0.009">
    <failure type="java.lang.NullPointerException">
      <![CDATA[java.lang.NullPointerException
at G2.Project.Base.TestBase.checkData(TestBase.java:38)
at G2.Project.Test.TS02.TC_Login_06.checkDataBody(TC_Login_06.java:40)
... Removed 29 stack frames]]>
    </failure>
  </testcase> <!-- checkDataBody -->
  <testcase classname="G2.Project.Test.TS02.TC_Login_06" name="checkHeader" time="0.001"/>
  <testcase classname="G2.Project.Test.TS02.TC_Login_06" name="checkLength" time="0.001">
    <failure type="java.lang.NumberFormatException" message="null">
      <![CDATA[java.lang.NumberFormatException: null
at java.base/java.lang.Integer.parseInt(Integer.java:614)
at java.base/java.lang.Integer.parseInt(Integer.java:770)
at G2.Project.Base.TestBase.checkContentLength(TestBase.java:84)
at G2.Project.Test.TS02.TC_Login_06.checkLength(TC_Login_06.java:65)
... Removed 29 stack frames]]>
    </failure>
  </testcase> <!-- checkLength -->
  <testcase classname="G2.Project.Test.TS02.TC_Login_06" name="checkResponseBody" time="0.001"/>
  <testcase classname="G2.Project.Test.TS02.TC_Login_06" name="checkResponseTime" time="0.001"/>
  <testcase classname="G2.Project.Test.TS02.TC_Login_06" name="checkStatusCode" time="0.001"/>
  <testcase classname="G2.Project.Test.TS02.TC_Login_06" name="checkStatusLine" time="0.001"/>
  <testcase classname="G2.Project.Test.TS02.TC_Login_07" name="checkDataBody" time="0.012">
    <failure type="java.lang.NullPointerException">
      <![CDATA[java.lang.NullPointerException
at G2.Project.Base.TestBase.checkData(TestBase.java:38)
at G2.Project.Test.TS02.TC_Login_07.checkDataBody(TC_Login_07.java:40)
... Removed 29 stack frames]]>
    </failure>
  </testcase> <!-- checkDataBody -->
  <testcase classname="G2.Project.Test.TS02.TC_Login_07" name="checkHeader" time="0.001"/>
  <testcase classname="G2.Project.Test.TS02.TC_Login_07" name="checkLength" time="0.001">
    <failure type="java.lang.NumberFormatException" message="null">
      <![CDATA[java.lang.NumberFormatException: null
at java.base/java.lang.Integer.parseInt(Integer.java:614)
at java.base/java.lang.Integer.parseInt(Integer.java:770)
at G2.Project.Base.TestBase.checkContentLength(TestBase.java:84)
at G2.Project.Test.TS02.TC_Login_07.checkLength(TC_Login_07.java:65)
... Removed 29 stack frames]]>
    </failure>
  </testcase> <!-- checkLength -->
  <testcase classname="G2.Project.Test.TS02.TC_Login_07" name="checkResponseBody" time="0.001"/>
  <testcase classname="G2.Project.Test.TS02.TC_Login_07" name="checkResponseTime" time="0.001"/>
  <testcase classname="G2.Project.Test.TS02.TC_Login_07" name="checkStatusCode" time="0.001"/>
  <testcase classname="G2.Project.Test.TS02.TC_Login_07" name="checkStatusLine" time="0.0"/>
  <testcase classname="G2.Project.Test.TS02.TC_Login_08" name="checkDataBody" time="0.008">
    <failure type="java.lang.NullPointerException">
      <![CDATA[java.lang.NullPointerException
at G2.Project.Base.TestBase.checkData(TestBase.java:38)
at G2.Project.Test.TS02.TC_Login_08.checkDataBody(TC_Login_08.java:40)
... Removed 29 stack frames]]>
    </failure>
  </testcase> <!-- checkDataBody -->
  <testcase classname="G2.Project.Test.TS02.TC_Login_08" name="checkHeader" time="0.001"/>
  <testcase classname="G2.Project.Test.TS02.TC_Login_08" name="checkLength" time="0.0">
    <failure type="java.lang.NumberFormatException" message="null">
      <![CDATA[java.lang.NumberFormatException: null
at java.base/java.lang.Integer.parseInt(Integer.java:614)
at java.base/java.lang.Integer.parseInt(Integer.java:770)
at G2.Project.Base.TestBase.checkContentLength(TestBase.java:84)
at G2.Project.Test.TS02.TC_Login_08.checkLength(TC_Login_08.java:65)
... Removed 29 stack frames]]>
    </failure>
  </testcase> <!-- checkLength -->
  <testcase classname="G2.Project.Test.TS02.TC_Login_08" name="checkResponseBody" time="0.001"/>
  <testcase classname="G2.Project.Test.TS02.TC_Login_08" name="checkResponseTime" time="0.001"/>
  <testcase classname="G2.Project.Test.TS02.TC_Login_08" name="checkStatusCode" time="0.001"/>
  <testcase classname="G2.Project.Test.TS02.TC_Login_08" name="checkStatusLine" time="0.001"/>
  <testcase classname="G2.Project.Test.TS02.TC_Login_09" name="checkDataBody" time="0.009">
    <failure type="java.lang.NullPointerException">
      <![CDATA[java.lang.NullPointerException
at G2.Project.Base.TestBase.checkData(TestBase.java:38)
at G2.Project.Test.TS02.TC_Login_09.checkDataBody(TC_Login_09.java:38)
... Removed 29 stack frames]]>
    </failure>
  </testcase> <!-- checkDataBody -->
  <testcase classname="G2.Project.Test.TS02.TC_Login_09" name="checkHeader" time="0.001"/>
  <testcase classname="G2.Project.Test.TS02.TC_Login_09" name="checkLength" time="0.001">
    <failure type="java.lang.NumberFormatException" message="null">
      <![CDATA[java.lang.NumberFormatException: null
at java.base/java.lang.Integer.parseInt(Integer.java:614)
at java.base/java.lang.Integer.parseInt(Integer.java:770)
at G2.Project.Base.TestBase.checkContentLength(TestBase.java:84)
at G2.Project.Test.TS02.TC_Login_09.checkLength(TC_Login_09.java:63)
... Removed 29 stack frames]]>
    </failure>
  </testcase> <!-- checkLength -->
  <testcase classname="G2.Project.Test.TS02.TC_Login_09" name="checkResponseBody" time="0.0"/>
  <testcase classname="G2.Project.Test.TS02.TC_Login_09" name="checkResponseTime" time="0.001"/>
  <testcase classname="G2.Project.Test.TS02.TC_Login_09" name="checkStatusCode" time="0.001"/>
  <testcase classname="G2.Project.Test.TS02.TC_Login_09" name="checkStatusLine" time="0.001"/>
</testsuite> <!-- LoginResponseTest -->
