<?xml version="1.0" encoding="UTF-8"?>
<!-- Generated by org.testng.reporters.JUnitXMLReporter -->
<testsuite ignored="0" hostname="DNID0689L01.local" failures="0" tests="10" name="GetUserProfileResponseTest" time="2.569" errors="0" timestamp="17 May 2020 10:46:04 GMT">
  <testcase classname="G2.Project.Test.TS06.TC_GetUserProfile_01" name="checkDataBody" time="0.013"/>
  <testcase classname="G2.Project.Test.TS06.TC_GetUserProfile_01" name="checkHeader" time="0.001"/>
  <testcase classname="G2.Project.Test.TS06.TC_GetUserProfile_01" name="checkResponseBody" time="0.001"/>
  <testcase classname="G2.Project.Test.TS06.TC_GetUserProfile_01" name="checkResponseTime" time="0.005"/>
  <testcase classname="G2.Project.Test.TS06.TC_GetUserProfile_01" name="checkStatusCode" time="0.004"/>
  <testcase classname="G2.Project.Test.TS06.TC_GetUserProfile_01" name="checkStatusLine" time="0.003"/>
  <testcase classname="G2.Project.Test.TS06.TC_GetUserProfile_02" name="checkResponseBody" time="0.002"/>
  <testcase classname="G2.Project.Test.TS06.TC_GetUserProfile_02" name="checkResponseTime" time="0.003"/>
  <testcase classname="G2.Project.Test.TS06.TC_GetUserProfile_02" name="checkStatusCode" time="0.002"/>
  <testcase classname="G2.Project.Test.TS06.TC_GetUserProfile_02" name="checkStatusLine" time="0.037"/>
</testsuite> <!-- GetUserProfileResponseTest -->
